#
# There is insufficient memory for the Java Runtime Environment to continue.
# Native memory allocation (malloc) failed to allocate 32744 bytes for ChunkPool::allocate
# Possible reasons:
#   The system is out of physical RAM or swap space
#   In 32 bit mode, the process size limit was hit
# Possible solutions:
#   Reduce memory load on the system
#   Increase physical memory or swap space
#   Check if swap backing store is full
#   Use 64 bit Java on a 64 bit OS
#   Decrease Java heap size (-Xmx/-Xms)
#   Decrease number of Java threads
#   Decrease Java thread stack sizes (-Xss)
#   Set larger code cache with -XX:ReservedCodeCacheSize=
# This output file may be truncated or incomplete.
#
#  Out of Memory Error (allocation.cpp:273), pid=7208, tid=0x0000000000001880
#
# JRE version: Java(TM) SE Runtime Environment (8.0_111-b14) (build 1.8.0_111-b14)
# Java VM: Java HotSpot(TM) 64-Bit Server VM (25.111-b14 mixed mode windows-amd64 compressed oops)
# Failed to write core dump. Minidumps are not enabled by default on client versions of Windows
#

---------------  T H R E A D  ---------------

Current thread (0x0000000017c95800):  JavaThread "C1 CompilerThread3" daemon [_thread_in_native, id=6272, stack(0x0000000018750000,0x0000000018850000)]

Stack: [0x0000000018750000,0x0000000018850000]
[error occurred during error reporting (printing stack bounds), id 0xc0000005]

Native frames: (J=compiled Java code, j=interpreted, Vv=VM code, C=native code)


Current CompileTask:
C1:  36766  555       3       org.codehaus.plexus.util.InterpolationFilterReader::read (477 bytes)


---------------  P R O C E S S  ---------------

Java Threads: ( => current thread )
  0x0000000017cf8000 JavaThread "Service Thread" daemon [_thread_blocked, id=20852, stack(0x0000000018850000,0x0000000018950000)]
=>0x0000000017c95800 JavaThread "C1 CompilerThread3" daemon [_thread_in_native, id=6272, stack(0x0000000018750000,0x0000000018850000)]
  0x0000000017c89000 JavaThread "C2 CompilerThread2" daemon [_thread_in_vm, id=12428, stack(0x0000000018650000,0x0000000018750000)]
  0x0000000017c7f000 JavaThread "C2 CompilerThread1" daemon [_thread_in_vm, id=5700, stack(0x0000000018550000,0x0000000018650000)]
  0x0000000017c7c800 JavaThread "C2 CompilerThread0" daemon [_thread_in_native, id=3804, stack(0x0000000018450000,0x0000000018550000)]
  0x0000000017c79800 JavaThread "Attach Listener" daemon [_thread_blocked, id=3300, stack(0x0000000018350000,0x0000000018450000)]
  0x0000000017c78000 JavaThread "Signal Dispatcher" daemon [_thread_blocked, id=7880, stack(0x0000000018250000,0x0000000018350000)]
  0x0000000017c70800 JavaThread "Finalizer" daemon [_thread_blocked, id=23120, stack(0x0000000018050000,0x0000000018150000)]
  0x0000000003358000 JavaThread "Reference Handler" daemon [_thread_blocked, id=13640, stack(0x0000000017b50000,0x0000000017c50000)]
  0x000000000325e000 JavaThread "main" [_thread_in_native, id=21384, stack(0x00000000030e0000,0x00000000031e0000)]

Other Threads:
  0x0000000015d7a800 VMThread [stack: 0x0000000017a50000,0x0000000017b50000] [id=5108]
  0x0000000017cfd000 WatcherThread [stack: 0x0000000018950000,0x0000000018a50000] [id=8172]

VM state:not at safepoint (normal execution)

VM Mutex/Monitor currently owned by a thread: None

Heap:
 PSYoungGen      total 18944K, used 8292K [0x00000000eb400000, 0x00000000ec900000, 0x0000000100000000)
  eden space 16384K, 35% used [0x00000000eb400000,0x00000000eb9a0d28,0x00000000ec400000)
  from space 2560K, 98% used [0x00000000ec400000,0x00000000ec678608,0x00000000ec680000)
  to   space 2560K, 0% used [0x00000000ec680000,0x00000000ec680000,0x00000000ec900000)
 ParOldGen       total 44032K, used 1012K [0x00000000c1c00000, 0x00000000c4700000, 0x00000000eb400000)
  object space 44032K, 2% used [0x00000000c1c00000,0x00000000c1cfd040,0x00000000c4700000)
 Metaspace       used 7793K, capacity 7932K, committed 8192K, reserved 1056768K
  class space    used 933K, capacity 984K, committed 1024K, reserved 1048576K

Card table byte_map: [0x0000000012720000,0x0000000012920000] byte_map_base: 0x0000000012112000

Marking Bits: (ParMarkBitMap*) 0x000000006a06a6c0
 Begin Bits: [0x0000000013270000, 0x0000000014200000)
 End Bits:   [0x0000000014200000, 0x0000000015190000)

Polling page: 0x0000000001490000

CodeCache: size=245760Kb used=2537Kb max_used=2537Kb free=243223Kb
 bounds [0x0000000003360000, 0x00000000035e0000, 0x0000000012360000]
 total_blobs=854 nmethods=553 adapters=214
 compilation: enabled

Compilation events (10 events):
Event: 34.100 Thread 0x0000000017c95800 nmethod 550 0x00000000035d5790 code [0x00000000035d58e0, 0x00000000035d5ad0]
Event: 34.100 Thread 0x0000000017c95800  551   !   3       sun.nio.cs.StreamDecoder::read (196 bytes)
Event: 34.103 Thread 0x0000000017c95800 nmethod 551 0x00000000035d9190 code [0x00000000035d93a0, 0x00000000035da0a8]
Event: 34.104 Thread 0x0000000017c95800  552       3       sun.nio.cs.StreamDecoder::ensureOpen (18 bytes)
Event: 34.104 Thread 0x0000000017c95800 nmethod 552 0x00000000035da790 code [0x00000000035da900, 0x00000000035dab48]
Event: 34.104 Thread 0x0000000017c95800  553       3       java.io.InputStreamReader::read (11 bytes)
Event: 34.105 Thread 0x0000000017c95800 nmethod 553 0x00000000035dac10 code [0x00000000035dad80, 0x00000000035daf08]
Event: 34.105 Thread 0x0000000017c95800  554       3       org.codehaus.plexus.util.xml.XmlReader::read (11 bytes)
Event: 34.105 Thread 0x0000000017c95800 nmethod 554 0x00000000035dafd0 code [0x00000000035db140, 0x00000000035db368]
Event: 34.105 Thread 0x0000000017c95800  555       3       org.codehaus.plexus.util.InterpolationFilterReader::read (477 bytes)

GC Heap History (2 events):
Event: 22.112 GC heap before
{Heap before GC invocations=1 (full 0):
 PSYoungGen      total 18944K, used 16384K [0x00000000eb400000, 0x00000000ec900000, 0x0000000100000000)
  eden space 16384K, 100% used [0x00000000eb400000,0x00000000ec400000,0x00000000ec400000)
  from space 2560K, 0% used [0x00000000ec680000,0x00000000ec680000,0x00000000ec900000)
  to   space 2560K, 0% used [0x00000000ec400000,0x00000000ec400000,0x00000000ec680000)
 ParOldGen       total 44032K, used 0K [0x00000000c1c00000, 0x00000000c4700000, 0x00000000eb400000)
  object space 44032K, 0% used [0x00000000c1c00000,0x00000000c1c00000,0x00000000c4700000)
 Metaspace       used 6893K, capacity 7036K, committed 7296K, reserved 1056768K
  class space    used 789K, capacity 856K, committed 896K, reserved 1048576K
Event: 22.129 GC heap after
Heap after GC invocations=1 (full 0):
 PSYoungGen      total 18944K, used 2529K [0x00000000eb400000, 0x00000000ec900000, 0x0000000100000000)
  eden space 16384K, 0% used [0x00000000eb400000,0x00000000eb400000,0x00000000ec400000)
  from space 2560K, 98% used [0x00000000ec400000,0x00000000ec678608,0x00000000ec680000)
  to   space 2560K, 0% used [0x00000000ec680000,0x00000000ec680000,0x00000000ec900000)
 ParOldGen       total 44032K, used 1012K [0x00000000c1c00000, 0x00000000c4700000, 0x00000000eb400000)
  object space 44032K, 2% used [0x00000000c1c00000,0x00000000c1cfd040,0x00000000c4700000)
 Metaspace       used 6893K, capacity 7036K, committed 7296K, reserved 1056768K
  class space    used 789K, capacity 856K, committed 896K, reserved 1048576K
}

Deoptimization events (2 events):
Event: 15.557 Thread 0x000000000325e000 Uncommon trap: reason=unstable_if action=reinterpret pc=0x00000000035269a4 method=org.codehaus.plexus.util.xml.pull.MXParser.more()C @ 8
Event: 21.607 Thread 0x000000000325e000 Uncommon trap: reason=unstable_if action=reinterpret pc=0x00000000034da048 method=java.lang.String.indexOf([CII[CIII)I @ 3

Internal exceptions (9 events):
Event: 0.431 Thread 0x000000000325e000 Exception <a 'java/lang/NoSuchMethodError': Method sun.misc.Unsafe.defineClass(Ljava/lang/String;[BII)Ljava/lang/Class; name or signature does not match> (0x00000000eb407c78) thrown at [C:\re\workspace\8-2-build-windows-amd64-cygwin\jdk8u111\7883\hotspot\
Event: 0.431 Thread 0x000000000325e000 Exception <a 'java/lang/NoSuchMethodError': Method sun.misc.Unsafe.prefetchRead(Ljava/lang/Object;J)V name or signature does not match> (0x00000000eb407f60) thrown at [C:\re\workspace\8-2-build-windows-amd64-cygwin\jdk8u111\7883\hotspot\src\share\vm\prims
Event: 13.673 Thread 0x000000000325e000 Exception <a 'java/security/PrivilegedActionException'> (0x00000000eb848588) thrown at [C:\re\workspace\8-2-build-windows-amd64-cygwin\jdk8u111\7883\hotspot\src\share\vm\prims\jvm.cpp, line 1386]
Event: 13.673 Thread 0x000000000325e000 Exception <a 'java/security/PrivilegedActionException'> (0x00000000eb848798) thrown at [C:\re\workspace\8-2-build-windows-amd64-cygwin\jdk8u111\7883\hotspot\src\share\vm\prims\jvm.cpp, line 1386]
Event: 13.675 Thread 0x000000000325e000 Exception <a 'java/security/PrivilegedActionException'> (0x00000000eb84c868) thrown at [C:\re\workspace\8-2-build-windows-amd64-cygwin\jdk8u111\7883\hotspot\src\share\vm\prims\jvm.cpp, line 1386]
Event: 13.675 Thread 0x000000000325e000 Exception <a 'java/security/PrivilegedActionException'> (0x00000000eb84ca78) thrown at [C:\re\workspace\8-2-build-windows-amd64-cygwin\jdk8u111\7883\hotspot\src\share\vm\prims\jvm.cpp, line 1386]
Event: 31.930 Thread 0x000000000325e000 Exception <a 'java/lang/ArrayIndexOutOfBoundsException'> (0x00000000eb77e8a0) thrown at [C:\re\workspace\8-2-build-windows-amd64-cygwin\jdk8u111\7883\hotspot\src\share\vm\runtime\sharedRuntime.cpp, line 605]
Event: 32.004 Thread 0x000000000325e000 Exception <a 'java/lang/ArrayIndexOutOfBoundsException'> (0x00000000eb79bcb0) thrown at [C:\re\workspace\8-2-build-windows-amd64-cygwin\jdk8u111\7883\hotspot\src\share\vm\runtime\sharedRuntime.cpp, line 605]
Event: 33.068 Thread 0x000000000325e000 Exception <a 'java/lang/ArrayIndexOutOfBoundsException'> (0x00000000eb7dfc50) thrown at [C:\re\workspace\8-2-build-windows-amd64-cygwin\jdk8u111\7883\hotspot\src\share\vm\runtime\sharedRuntime.cpp, line 605]

Events (10 events):
Event: 33.168 loading class org/eclipse/sisu/plexus/ComponentImpl
Event: 33.168 loading class org/eclipse/sisu/plexus/ComponentImpl done
Event: 34.092 loading class org/eclipse/sisu/space/Streams
Event: 34.092 loading class org/eclipse/sisu/space/Streams done
Event: 34.107 loading class org/eclipse/sisu/plexus/RequirementImpl
Event: 34.107 loading class org/eclipse/sisu/plexus/RequirementImpl done
Event: 34.109 loading class org/codehaus/plexus/component/annotations/Requirement
Event: 34.109 loading class org/codehaus/plexus/component/annotations/Requirement done
Event: 34.110 loading class org/eclipse/sisu/space/NamedClass
Event: 34.110 loading class org/eclipse/sisu/space/NamedClass done


Dynamic libraries:
0x00007ff730ab0000 - 0x00007ff730ae7000 	C:\Program Files\Java\jdk1.8.0_111\bin\java.exe
0x00007ffe13990000 - 0x00007ffe13b85000 	C:\WINDOWS\SYSTEM32\ntdll.dll
0x00007ffe134b0000 - 0x00007ffe1356d000 	C:\WINDOWS\System32\KERNEL32.DLL
0x00007ffe11680000 - 0x00007ffe11947000 	C:\WINDOWS\System32\KERNELBASE.dll
0x00007ffe13570000 - 0x00007ffe1361a000 	C:\WINDOWS\System32\ADVAPI32.dll
0x00007ffe12040000 - 0x00007ffe120de000 	C:\WINDOWS\System32\msvcrt.dll
0x00007ffe12770000 - 0x00007ffe1280b000 	C:\WINDOWS\System32\sechost.dll
0x00007ffe119f0000 - 0x00007ffe11b14000 	C:\WINDOWS\System32\RPCRT4.dll
0x00007ffe11b20000 - 0x00007ffe11cc0000 	C:\WINDOWS\System32\USER32.dll
0x00007ffe11550000 - 0x00007ffe11572000 	C:\WINDOWS\System32\win32u.dll
0x00007ffe11d20000 - 0x00007ffe11d4a000 	C:\WINDOWS\System32\GDI32.dll
0x00007ffe11310000 - 0x00007ffe11419000 	C:\WINDOWS\System32\gdi32full.dll
0x00007ffe11950000 - 0x00007ffe119ed000 	C:\WINDOWS\System32\msvcp_win.dll
0x00007ffe11580000 - 0x00007ffe11680000 	C:\WINDOWS\System32\ucrtbase.dll
0x00007ffdfd660000 - 0x00007ffdfd8fb000 	C:\WINDOWS\WinSxS\amd64_microsoft.windows.common-controls_6595b64144ccf1df_6.0.19041.488_none_ca04af081b815d21\COMCTL32.dll
0x00007ffe11d60000 - 0x00007ffe11d90000 	C:\WINDOWS\System32\IMM32.DLL
0x000000006a870000 - 0x000000006a942000 	C:\Program Files\Java\jdk1.8.0_111\jre\bin\msvcr100.dll
0x0000000069850000 - 0x000000006a0ea000 	C:\Program Files\Java\jdk1.8.0_111\jre\bin\server\jvm.dll
0x00007ffe11d50000 - 0x00007ffe11d58000 	C:\WINDOWS\System32\PSAPI.DLL
0x00007ffdfc120000 - 0x00007ffdfc129000 	C:\WINDOWS\SYSTEM32\WSOCK32.dll
0x00007ffe12580000 - 0x00007ffe125eb000 	C:\WINDOWS\System32\WS2_32.dll
0x00007ffdff730000 - 0x00007ffdff757000 	C:\WINDOWS\SYSTEM32\WINMM.dll
0x00007ffe0a320000 - 0x00007ffe0a32a000 	C:\WINDOWS\SYSTEM32\VERSION.dll
0x000000006bcf0000 - 0x000000006bcff000 	C:\Program Files\Java\jdk1.8.0_111\jre\bin\verify.dll
0x000000006a800000 - 0x000000006a829000 	C:\Program Files\Java\jdk1.8.0_111\jre\bin\java.dll
0x000000006a7e0000 - 0x000000006a7f6000 	C:\Program Files\Java\jdk1.8.0_111\jre\bin\zip.dll
0x00007ffe12d60000 - 0x00007ffe134a1000 	C:\WINDOWS\System32\SHELL32.dll
0x00007ffe0ee60000 - 0x00007ffe0f5f3000 	C:\WINDOWS\SYSTEM32\windows.storage.dll
0x00007ffe12220000 - 0x00007ffe12575000 	C:\WINDOWS\System32\combase.dll
0x00007ffe10b40000 - 0x00007ffe10b6c000 	C:\WINDOWS\SYSTEM32\Wldp.dll
0x00007ffe12170000 - 0x00007ffe1221e000 	C:\WINDOWS\System32\SHCORE.dll
0x00007ffe11cc0000 - 0x00007ffe11d15000 	C:\WINDOWS\System32\shlwapi.dll
0x00007ffe11000000 - 0x00007ffe11026000 	C:\WINDOWS\SYSTEM32\profapi.dll
0x00007ffe016e0000 - 0x00007ffe016ea000 	C:\Program Files\NetBeans-12.0\netbeans\java\maven\lib\jansi-native\windows64\jansi.dll

VM Arguments:
jvm_args: -Dclassworlds.conf=C:\Program Files\NetBeans-12.0\netbeans\java\maven\bin\..\bin\m2.conf -Dmaven.home=C:\Program Files\NetBeans-12.0\netbeans\java\maven\bin\.. -Dlibrary.jansi.path=C:\Program Files\NetBeans-12.0\netbeans\java\maven\bin\..\lib\jansi-native -Dmaven.multiModuleProjectDirectory=C:\Dev\tutorial08 
java_command: org.codehaus.plexus.classworlds.launcher.Launcher -Dmaven.ext.class.path=C:\Users\Feri Winarta\AppData\Roaming\NetBeans\12.0\maven-nblib\netbeans-eventspy.jar -Dfile.encoding=UTF-8 install
java_class_path (initial): C:\Program Files\NetBeans-12.0\netbeans\java\maven\bin\..\boot\plexus-classworlds-2.6.0.jar
Launcher Type: SUN_STANDARD

Environment Variables:
JAVA_HOME=C:\Program Files\Java\jdk1.8.0_111
PATH=C:\Program Files (x86)\Common Files\Oracle\Java\javapath;C:\ProgramData\Oracle\Java\javapath;C:\Program Files (x86)\Common Files\Intel\Shared Files\cpp\bin\Intel64;C:\Program Files (x86)\Intel\iCLS Client\;C:\Program Files\Intel\iCLS Client\;C:\Windows\system32;C:\Windows;C:\Windows\System32\Wbem;C:\Windows\System32\WindowsPowerShell\v1.0\;C:\Program Files (x86)\Intel\Intel(R) Management Engine Components\DAL;C:\Program Files\Intel\Intel(R) Management Engine Components\DAL;C:\Program Files (x86)\Intel\Intel(R) Management Engine Components\IPT;C:\Program Files\Intel\Intel(R) Management Engine Components\IPT;C:\Program Files (x86)\NVIDIA Corporation\PhysX\Common;C:\WINDOWS\system32;C:\WINDOWS;C:\WINDOWS\System32\Wbem;C:\WINDOWS\System32\WindowsPowerShell\v1.0\;C:\WINDOWS\System32\OpenSSH\;C:\Program Files\NVIDIA Corporation\NVIDIA NvDLISR;C:\Program Files\Microsoft VS Code\bin;C:\Program Files\Java\jdk1.8.0_111\bin;C:\Users\Feri Winarta\AppData\Local\Microsoft\WindowsApps;
USERNAME=Feri Winarta
OS=Windows_NT
PROCESSOR_IDENTIFIER=Intel64 Family 6 Model 142 Stepping 10, GenuineIntel



---------------  S Y S T E M  ---------------

OS: Windows 10.0 , 64 bit Build 19041 (10.0.19041.292)

CPU:total 8 (4 cores per cpu, 2 threads per core) family 6 model 142 stepping 10, cmov, cx8, fxsr, mmx, sse, sse2, sse3, ssse3, sse4.1, sse4.2, popcnt, avx, avx2, aes, clmul, erms, 3dnowpref, lzcnt, ht, tsc, tscinvbit, bmi1, bmi2, adx

Memory: 4k page, physical 4078220k(223296k free), swap 12366140k(4976k free)

vm_info: Java HotSpot(TM) 64-Bit Server VM (25.111-b14) for windows-amd64 JRE (1.8.0_111-b14), built on Sep 22 2016 19:24:05 by "java_re" with MS VC++ 10.0 (VS2010)

time: Fri Sep 25 19:18:19 2020
elapsed time: 40 seconds (0d 0h 0m 40s)

