#
# There is insufficient memory for the Java Runtime Environment to continue.
# Native memory allocation (malloc) failed to allocate 32744 bytes for ChunkPool::allocate
# Possible reasons:
#   The system is out of physical RAM or swap space
#   In 32 bit mode, the process size limit was hit
# Possible solutions:
#   Reduce memory load on the system
#   Increase physical memory or swap space
#   Check if swap backing store is full
#   Use 64 bit Java on a 64 bit OS
#   Decrease Java heap size (-Xmx/-Xms)
#   Decrease number of Java threads
#   Decrease Java thread stack sizes (-Xss)
#   Set larger code cache with -XX:ReservedCodeCacheSize=
# This output file may be truncated or incomplete.
#
#  Out of Memory Error (allocation.cpp:273), pid=11292, tid=0x0000000000000860
#
# JRE version: Java(TM) SE Runtime Environment (8.0_111-b14) (build 1.8.0_111-b14)
# Java VM: Java HotSpot(TM) 64-Bit Server VM (25.111-b14 mixed mode windows-amd64 compressed oops)
# Failed to write core dump. Minidumps are not enabled by default on client versions of Windows
#

---------------  T H R E A D  ---------------

Current thread (0x0000000017840800):  JavaThread "C1 CompilerThread3" daemon [_thread_in_native, id=2144, stack(0x00000000182c0000,0x00000000183c0000)]

Stack: [0x00000000182c0000,0x00000000183c0000]
[error occurred during error reporting (printing stack bounds), id 0xc0000005]

Native frames: (J=compiled Java code, j=interpreted, Vv=VM code, C=native code)


Current CompileTask:
C1:  23587  217   !   3       sun.misc.URLClassPath$JarLoader::getResource (85 bytes)


---------------  P R O C E S S  ---------------

Java Threads: ( => current thread )
  0x0000000017865800 JavaThread "Service Thread" daemon [_thread_blocked, id=21672, stack(0x00000000183c0000,0x00000000184c0000)]
=>0x0000000017840800 JavaThread "C1 CompilerThread3" daemon [_thread_in_native, id=2144, stack(0x00000000182c0000,0x00000000183c0000)]
  0x00000000177f8000 JavaThread "C2 CompilerThread2" daemon [_thread_blocked, id=9200, stack(0x00000000181c0000,0x00000000182c0000)]
  0x00000000177f3000 JavaThread "C2 CompilerThread1" daemon [_thread_blocked, id=11544, stack(0x00000000180c0000,0x00000000181c0000)]
  0x00000000177eb800 JavaThread "C2 CompilerThread0" daemon [_thread_blocked, id=19296, stack(0x0000000017fc0000,0x00000000180c0000)]
  0x00000000177e8800 JavaThread "Attach Listener" daemon [_thread_blocked, id=6640, stack(0x0000000017ec0000,0x0000000017fc0000)]
  0x00000000177e7000 JavaThread "Signal Dispatcher" daemon [_thread_blocked, id=3388, stack(0x0000000017dc0000,0x0000000017ec0000)]
  0x00000000177e0800 JavaThread "Finalizer" daemon [_thread_blocked, id=22500, stack(0x0000000017bc0000,0x0000000017cc0000)]
  0x0000000002eb8000 JavaThread "Reference Handler" daemon [_thread_blocked, id=21752, stack(0x00000000176c0000,0x00000000177c0000)]
  0x00000000013fe000 JavaThread "main" [_thread_in_vm, id=2856, stack(0x0000000002c20000,0x0000000002d20000)]

Other Threads:
  0x00000000158da800 VMThread [stack: 0x00000000175c0000,0x00000000176c0000] [id=20920]
  0x000000001786a800 WatcherThread [stack: 0x00000000184c0000,0x00000000185c0000] [id=20776]

VM state:not at safepoint (normal execution)

VM Mutex/Monitor currently owned by a thread: None

Heap:
 PSYoungGen      total 18944K, used 4680K [0x00000000eb400000, 0x00000000ec900000, 0x0000000100000000)
  eden space 16384K, 28% used [0x00000000eb400000,0x00000000eb892070,0x00000000ec400000)
  from space 2560K, 0% used [0x00000000ec680000,0x00000000ec680000,0x00000000ec900000)
  to   space 2560K, 0% used [0x00000000ec400000,0x00000000ec400000,0x00000000ec680000)
 ParOldGen       total 44032K, used 0K [0x00000000c1c00000, 0x00000000c4700000, 0x00000000eb400000)
  object space 44032K, 0% used [0x00000000c1c00000,0x00000000c1c00000,0x00000000c4700000)
 Metaspace       used 4021K, capacity 5188K, committed 5376K, reserved 1056768K
  class space    used 428K, capacity 496K, committed 512K, reserved 1048576K

Card table byte_map: [0x0000000012280000,0x0000000012480000] byte_map_base: 0x0000000011c72000

Marking Bits: (ParMarkBitMap*) 0x000000006a06a6c0
 Begin Bits: [0x0000000012dd0000, 0x0000000013d60000)
 End Bits:   [0x0000000013d60000, 0x0000000014cf0000)

Polling page: 0x00000000013d0000

CodeCache: size=245760Kb used=1567Kb max_used=1567Kb free=244192Kb
 bounds [0x0000000002ec0000, 0x0000000003130000, 0x0000000011ec0000]
 total_blobs=469 nmethods=217 adapters=165
 compilation: enabled

Compilation events (10 events):
Event: 18.236 Thread 0x0000000017840800 nmethod 211 0x0000000003046dd0 code [0x0000000003046f40, 0x00000000030471a8]
Event: 18.236 Thread 0x0000000017840800  212       3       java.util.Locale::getDefault (4 bytes)
Event: 18.236 Thread 0x0000000017840800 nmethod 212 0x0000000003047250 code [0x00000000030473a0, 0x00000000030474f0]
Event: 18.237 Thread 0x0000000017840800  213       3       java.lang.Character::digit (6 bytes)
Event: 18.237 Thread 0x0000000017840800 nmethod 213 0x0000000003047550 code [0x00000000030476c0, 0x0000000003047958]
Event: 18.237 Thread 0x0000000017840800  214       3       java.lang.Character::digit (10 bytes)
Event: 18.238 Thread 0x0000000017840800 nmethod 214 0x0000000003047a90 code [0x0000000003047c00, 0x0000000003047e38]
Event: 18.247 Thread 0x0000000017840800  215       1       java.nio.charset.CharsetDecoder::charset (5 bytes)
Event: 18.247 Thread 0x0000000017840800 nmethod 215 0x0000000003047f10 code [0x0000000003048060, 0x0000000003048170]
Event: 18.251 Thread 0x0000000017840800  217   !   3       sun.misc.URLClassPath$JarLoader::getResource (85 bytes)

GC Heap History (0 events):
No events

Deoptimization events (0 events):
No events

Internal exceptions (6 events):
Event: 4.376 Thread 0x00000000013fe000 Exception <a 'java/lang/NoSuchMethodError': Method sun.misc.Unsafe.defineClass(Ljava/lang/String;[BII)Ljava/lang/Class; name or signature does not match> (0x00000000eb407c78) thrown at [C:\re\workspace\8-2-build-windows-amd64-cygwin\jdk8u111\7883\hotspot\
Event: 4.376 Thread 0x00000000013fe000 Exception <a 'java/lang/NoSuchMethodError': Method sun.misc.Unsafe.prefetchRead(Ljava/lang/Object;J)V name or signature does not match> (0x00000000eb407f60) thrown at [C:\re\workspace\8-2-build-windows-amd64-cygwin\jdk8u111\7883\hotspot\src\share\vm\prims
Event: 18.233 Thread 0x00000000013fe000 Exception <a 'java/security/PrivilegedActionException'> (0x00000000eb848718) thrown at [C:\re\workspace\8-2-build-windows-amd64-cygwin\jdk8u111\7883\hotspot\src\share\vm\prims\jvm.cpp, line 1386]
Event: 18.233 Thread 0x00000000013fe000 Exception <a 'java/security/PrivilegedActionException'> (0x00000000eb848928) thrown at [C:\re\workspace\8-2-build-windows-amd64-cygwin\jdk8u111\7883\hotspot\src\share\vm\prims\jvm.cpp, line 1386]
Event: 18.241 Thread 0x00000000013fe000 Exception <a 'java/security/PrivilegedActionException'> (0x00000000eb84c9f8) thrown at [C:\re\workspace\8-2-build-windows-amd64-cygwin\jdk8u111\7883\hotspot\src\share\vm\prims\jvm.cpp, line 1386]
Event: 18.243 Thread 0x00000000013fe000 Exception <a 'java/security/PrivilegedActionException'> (0x00000000eb84cc08) thrown at [C:\re\workspace\8-2-build-windows-amd64-cygwin\jdk8u111\7883\hotspot\src\share\vm\prims\jvm.cpp, line 1386]

Events (10 events):
Event: 18.247 loading class sun/net/www/protocol/jar/URLJarFile
Event: 18.248 loading class sun/net/www/protocol/jar/URLJarFile done
Event: 18.248 Executing VM operation: Deoptimize
Event: 18.248 Executing VM operation: Deoptimize done
Event: 18.249 loading class sun/net/www/protocol/jar/URLJarFile$URLJarFileEntry
Event: 18.249 loading class sun/net/www/protocol/jar/URLJarFile$URLJarFileEntry done
Event: 18.249 loading class sun/net/www/protocol/jar/JarURLConnection$JarURLInputStream
Event: 18.249 loading class sun/net/www/protocol/jar/JarURLConnection$JarURLInputStream done
Event: 18.251 loading class org/apache/commons/lang3/StringUtils
Event: 18.251 loading class org/apache/commons/lang3/StringUtils done


Dynamic libraries:
0x00007ff730ab0000 - 0x00007ff730ae7000 	C:\Program Files\Java\jdk1.8.0_111\bin\java.exe
0x00007ffe13990000 - 0x00007ffe13b85000 	C:\WINDOWS\SYSTEM32\ntdll.dll
0x00007ffe134b0000 - 0x00007ffe1356d000 	C:\WINDOWS\System32\KERNEL32.DLL
0x00007ffe11680000 - 0x00007ffe11947000 	C:\WINDOWS\System32\KERNELBASE.dll
0x00007ffe13570000 - 0x00007ffe1361a000 	C:\WINDOWS\System32\ADVAPI32.dll
0x00007ffe12040000 - 0x00007ffe120de000 	C:\WINDOWS\System32\msvcrt.dll
0x00007ffe12770000 - 0x00007ffe1280b000 	C:\WINDOWS\System32\sechost.dll
0x00007ffe119f0000 - 0x00007ffe11b14000 	C:\WINDOWS\System32\RPCRT4.dll
0x00007ffe11b20000 - 0x00007ffe11cc0000 	C:\WINDOWS\System32\USER32.dll
0x00007ffe11550000 - 0x00007ffe11572000 	C:\WINDOWS\System32\win32u.dll
0x00007ffe11d20000 - 0x00007ffe11d4a000 	C:\WINDOWS\System32\GDI32.dll
0x00007ffe11310000 - 0x00007ffe11419000 	C:\WINDOWS\System32\gdi32full.dll
0x00007ffe11950000 - 0x00007ffe119ed000 	C:\WINDOWS\System32\msvcp_win.dll
0x00007ffe11580000 - 0x00007ffe11680000 	C:\WINDOWS\System32\ucrtbase.dll
0x00007ffdfd660000 - 0x00007ffdfd8fb000 	C:\WINDOWS\WinSxS\amd64_microsoft.windows.common-controls_6595b64144ccf1df_6.0.19041.488_none_ca04af081b815d21\COMCTL32.dll
0x00007ffe11d60000 - 0x00007ffe11d90000 	C:\WINDOWS\System32\IMM32.DLL
0x000000006a870000 - 0x000000006a942000 	C:\Program Files\Java\jdk1.8.0_111\jre\bin\msvcr100.dll
0x0000000069850000 - 0x000000006a0ea000 	C:\Program Files\Java\jdk1.8.0_111\jre\bin\server\jvm.dll
0x00007ffe11d50000 - 0x00007ffe11d58000 	C:\WINDOWS\System32\PSAPI.DLL
0x00007ffdfc120000 - 0x00007ffdfc129000 	C:\WINDOWS\SYSTEM32\WSOCK32.dll
0x00007ffe12580000 - 0x00007ffe125eb000 	C:\WINDOWS\System32\WS2_32.dll
0x00007ffdff730000 - 0x00007ffdff757000 	C:\WINDOWS\SYSTEM32\WINMM.dll
0x00007ffe0a320000 - 0x00007ffe0a32a000 	C:\WINDOWS\SYSTEM32\VERSION.dll
0x000000006bcf0000 - 0x000000006bcff000 	C:\Program Files\Java\jdk1.8.0_111\jre\bin\verify.dll
0x000000006a800000 - 0x000000006a829000 	C:\Program Files\Java\jdk1.8.0_111\jre\bin\java.dll
0x000000006a7e0000 - 0x000000006a7f6000 	C:\Program Files\Java\jdk1.8.0_111\jre\bin\zip.dll
0x00007ffe12d60000 - 0x00007ffe134a1000 	C:\WINDOWS\System32\SHELL32.dll
0x00007ffe0ee60000 - 0x00007ffe0f5f3000 	C:\WINDOWS\SYSTEM32\windows.storage.dll
0x00007ffe12220000 - 0x00007ffe12575000 	C:\WINDOWS\System32\combase.dll
0x00007ffe10b40000 - 0x00007ffe10b6c000 	C:\WINDOWS\SYSTEM32\Wldp.dll
0x00007ffe12170000 - 0x00007ffe1221e000 	C:\WINDOWS\System32\SHCORE.dll
0x00007ffe11cc0000 - 0x00007ffe11d15000 	C:\WINDOWS\System32\shlwapi.dll
0x00007ffe11000000 - 0x00007ffe11026000 	C:\WINDOWS\SYSTEM32\profapi.dll
0x00007ffe016e0000 - 0x00007ffe016ea000 	C:\Program Files\NetBeans-12.0\netbeans\java\maven\lib\jansi-native\windows64\jansi.dll

VM Arguments:
jvm_args: -Dclassworlds.conf=C:\Program Files\NetBeans-12.0\netbeans\java\maven\bin\..\bin\m2.conf -Dmaven.home=C:\Program Files\NetBeans-12.0\netbeans\java\maven\bin\.. -Dlibrary.jansi.path=C:\Program Files\NetBeans-12.0\netbeans\java\maven\bin\..\lib\jansi-native -Dmaven.multiModuleProjectDirectory=C:\Dev\tutorial08 
java_command: org.codehaus.plexus.classworlds.launcher.Launcher -Dmaven.ext.class.path=C:\Users\Feri Winarta\AppData\Roaming\NetBeans\12.0\maven-nblib\netbeans-eventspy.jar -Dfile.encoding=UTF-8 install
java_class_path (initial): C:\Program Files\NetBeans-12.0\netbeans\java\maven\bin\..\boot\plexus-classworlds-2.6.0.jar
Launcher Type: SUN_STANDARD

Environment Variables:
JAVA_HOME=C:\Program Files\Java\jdk1.8.0_111
PATH=C:\Program Files (x86)\Common Files\Oracle\Java\javapath;C:\ProgramData\Oracle\Java\javapath;C:\Program Files (x86)\Common Files\Intel\Shared Files\cpp\bin\Intel64;C:\Program Files (x86)\Intel\iCLS Client\;C:\Program Files\Intel\iCLS Client\;C:\Windows\system32;C:\Windows;C:\Windows\System32\Wbem;C:\Windows\System32\WindowsPowerShell\v1.0\;C:\Program Files (x86)\Intel\Intel(R) Management Engine Components\DAL;C:\Program Files\Intel\Intel(R) Management Engine Components\DAL;C:\Program Files (x86)\Intel\Intel(R) Management Engine Components\IPT;C:\Program Files\Intel\Intel(R) Management Engine Components\IPT;C:\Program Files (x86)\NVIDIA Corporation\PhysX\Common;C:\WINDOWS\system32;C:\WINDOWS;C:\WINDOWS\System32\Wbem;C:\WINDOWS\System32\WindowsPowerShell\v1.0\;C:\WINDOWS\System32\OpenSSH\;C:\Program Files\NVIDIA Corporation\NVIDIA NvDLISR;C:\Program Files\Microsoft VS Code\bin;C:\Program Files\Java\jdk1.8.0_111\bin;C:\Users\Feri Winarta\AppData\Local\Microsoft\WindowsApps;
USERNAME=Feri Winarta
OS=Windows_NT
PROCESSOR_IDENTIFIER=Intel64 Family 6 Model 142 Stepping 10, GenuineIntel



---------------  S Y S T E M  ---------------

OS: Windows 10.0 , 64 bit Build 19041 (10.0.19041.292)

CPU:total 8 (4 cores per cpu, 2 threads per core) family 6 model 142 stepping 10, cmov, cx8, fxsr, mmx, sse, sse2, sse3, ssse3, sse4.1, sse4.2, popcnt, avx, avx2, aes, clmul, erms, 3dnowpref, lzcnt, ht, tsc, tscinvbit, bmi1, bmi2, adx

Memory: 4k page, physical 4078220k(225028k free), swap 12366140k(14984k free)

vm_info: Java HotSpot(TM) 64-Bit Server VM (25.111-b14) for windows-amd64 JRE (1.8.0_111-b14), built on Sep 22 2016 19:24:05 by "java_re" with MS VC++ 10.0 (VS2010)

time: Fri Sep 25 19:18:19 2020
elapsed time: 23 seconds (0d 0h 0m 23s)

