#
# There is insufficient memory for the Java Runtime Environment to continue.
# Native memory allocation (malloc) failed to allocate 230736 bytes for Chunk::new
# Possible reasons:
#   The system is out of physical RAM or swap space
#   In 32 bit mode, the process size limit was hit
# Possible solutions:
#   Reduce memory load on the system
#   Increase physical memory or swap space
#   Check if swap backing store is full
#   Use 64 bit Java on a 64 bit OS
#   Decrease Java heap size (-Xmx/-Xms)
#   Decrease number of Java threads
#   Decrease Java thread stack sizes (-Xss)
#   Set larger code cache with -XX:ReservedCodeCacheSize=
# This output file may be truncated or incomplete.
#
#  Out of Memory Error (allocation.cpp:390), pid=2268, tid=0x000000000000296c
#
# JRE version: Java(TM) SE Runtime Environment (8.0_111-b14) (build 1.8.0_111-b14)
# Java VM: Java HotSpot(TM) 64-Bit Server VM (25.111-b14 mixed mode windows-amd64 compressed oops)
# Failed to write core dump. Minidumps are not enabled by default on client versions of Windows
#

---------------  T H R E A D  ---------------

Current thread (0x000000001716b800):  JavaThread "C2 CompilerThread0" daemon [_thread_in_native, id=10604, stack(0x0000000017940000,0x0000000017a40000)]

Stack: [0x0000000017940000,0x0000000017a40000]
[error occurred during error reporting (printing stack bounds), id 0xc0000005]

Native frames: (J=compiled Java code, j=interpreted, Vv=VM code, C=native code)


Current CompileTask:
C2:  55353 1988       4       sun.nio.cs.UTF_8$Decoder::decode (779 bytes)


---------------  P R O C E S S  ---------------

Java Threads: ( => current thread )
  0x00000000171ac800 JavaThread "Service Thread" daemon [_thread_blocked, id=20952, stack(0x0000000017d40000,0x0000000017e40000)]
  0x0000000017179800 JavaThread "C1 CompilerThread3" daemon [_thread_blocked, id=7596, stack(0x0000000017c40000,0x0000000017d40000)]
  0x0000000017172800 JavaThread "C2 CompilerThread2" daemon [_thread_blocked, id=10292, stack(0x0000000017b40000,0x0000000017c40000)]
  0x000000001716d800 JavaThread "C2 CompilerThread1" daemon [_thread_blocked, id=10204, stack(0x0000000017a40000,0x0000000017b40000)]
=>0x000000001716b800 JavaThread "C2 CompilerThread0" daemon [_thread_in_native, id=10604, stack(0x0000000017940000,0x0000000017a40000)]
  0x0000000017168800 JavaThread "Attach Listener" daemon [_thread_blocked, id=12812, stack(0x0000000017840000,0x0000000017940000)]
  0x0000000017167000 JavaThread "Signal Dispatcher" daemon [_thread_blocked, id=9964, stack(0x0000000017740000,0x0000000017840000)]
  0x0000000017160800 JavaThread "Finalizer" daemon [_thread_blocked, id=22876, stack(0x0000000017540000,0x0000000017640000)]
  0x0000000002838000 JavaThread "Reference Handler" daemon [_thread_blocked, id=6952, stack(0x0000000017040000,0x0000000017140000)]
  0x0000000000d6e000 JavaThread "main" [_thread_in_native, id=14752, stack(0x0000000002580000,0x0000000002680000)]

Other Threads:
  0x000000001525a800 VMThread [stack: 0x0000000016f40000,0x0000000017040000] [id=23300]
  0x00000000171f8800 WatcherThread [stack: 0x0000000017e40000,0x0000000017f40000] [id=960]

VM state:not at safepoint (normal execution)

VM Mutex/Monitor currently owned by a thread: None

Heap:
 PSYoungGen      total 68096K, used 6638K [0x00000000eb400000, 0x00000000ef900000, 0x0000000100000000)
  eden space 65536K, 6% used [0x00000000eb400000,0x00000000eb7ffb18,0x00000000ef400000)
  from space 2560K, 99% used [0x00000000ef680000,0x00000000ef8fc010,0x00000000ef900000)
  to   space 2560K, 0% used [0x00000000ef400000,0x00000000ef400000,0x00000000ef680000)
 ParOldGen       total 44032K, used 10912K [0x00000000c1c00000, 0x00000000c4700000, 0x00000000eb400000)
  object space 44032K, 24% used [0x00000000c1c00000,0x00000000c26a8310,0x00000000c4700000)
 Metaspace       used 16887K, capacity 17220K, committed 17408K, reserved 1064960K
  class space    used 2047K, capacity 2181K, committed 2304K, reserved 1048576K

Card table byte_map: [0x0000000011c00000,0x0000000011e00000] byte_map_base: 0x00000000115f2000

Marking Bits: (ParMarkBitMap*) 0x000000006a06a6c0
 Begin Bits: [0x0000000012750000, 0x00000000136e0000)
 End Bits:   [0x00000000136e0000, 0x0000000014670000)

Polling page: 0x0000000000d20000

CodeCache: size=245760Kb used=6846Kb max_used=6846Kb free=238913Kb
 bounds [0x0000000002840000, 0x0000000002f00000, 0x0000000011840000]
 total_blobs=2364 nmethods=1996 adapters=280
 compilation: enabled

Compilation events (10 events):
Event: 51.432 Thread 0x0000000017179800 1996       3       java.util.HashMap$KeyIterator::<init> (11 bytes)
Event: 51.432 Thread 0x0000000017179800 nmethod 1996 0x0000000002edd790 code [0x0000000002edd900, 0x0000000002eddaa8]
Event: 51.432 Thread 0x0000000017179800 1997       1       sun.security.x509.X509AttributeName::getSuffix (5 bytes)
Event: 51.432 Thread 0x0000000017179800 nmethod 1997 0x0000000002ee4fd0 code [0x0000000002ee5120, 0x0000000002ee5230]
Event: 51.432 Thread 0x0000000017179800 1998       1       sun.security.x509.X509AttributeName::getPrefix (5 bytes)
Event: 51.432 Thread 0x0000000017179800 nmethod 1998 0x000000000294fd90 code [0x000000000294fee0, 0x000000000294fff0]
Event: 51.433 Thread 0x0000000017172800 nmethod 1994 0x0000000002edb950 code [0x0000000002edba80, 0x0000000002edbb18]
Event: 51.435 Thread 0x0000000017179800 1999       3       java.util.Hashtable::rehash (142 bytes)
Event: 51.436 Thread 0x0000000017179800 nmethod 1999 0x0000000002eed910 code [0x0000000002eedae0, 0x0000000002eee128]
Event: 51.437 Thread 0x0000000017179800 2000       3       java.io.WinNTFileSystem::parentOrNull (171 bytes)

GC Heap History (8 events):
Event: 2.132 GC heap before
{Heap before GC invocations=1 (full 0):
 PSYoungGen      total 18944K, used 16384K [0x00000000eb400000, 0x00000000ec900000, 0x0000000100000000)
  eden space 16384K, 100% used [0x00000000eb400000,0x00000000ec400000,0x00000000ec400000)
  from space 2560K, 0% used [0x00000000ec680000,0x00000000ec680000,0x00000000ec900000)
  to   space 2560K, 0% used [0x00000000ec400000,0x00000000ec400000,0x00000000ec680000)
 ParOldGen       total 44032K, used 0K [0x00000000c1c00000, 0x00000000c4700000, 0x00000000eb400000)
  object space 44032K, 0% used [0x00000000c1c00000,0x00000000c1c00000,0x00000000c4700000)
 Metaspace       used 6875K, capacity 7036K, committed 7296K, reserved 1056768K
  class space    used 790K, capacity 856K, committed 896K, reserved 1048576K
Event: 2.162 GC heap after
Heap after GC invocations=1 (full 0):
 PSYoungGen      total 18944K, used 2551K [0x00000000eb400000, 0x00000000ed900000, 0x0000000100000000)
  eden space 16384K, 0% used [0x00000000eb400000,0x00000000eb400000,0x00000000ec400000)
  from space 2560K, 99% used [0x00000000ec400000,0x00000000ec67dda0,0x00000000ec680000)
  to   space 2560K, 0% used [0x00000000ed680000,0x00000000ed680000,0x00000000ed900000)
 ParOldGen       total 44032K, used 1118K [0x00000000c1c00000, 0x00000000c4700000, 0x00000000eb400000)
  object space 44032K, 2% used [0x00000000c1c00000,0x00000000c1d17870,0x00000000c4700000)
 Metaspace       used 6875K, capacity 7036K, committed 7296K, reserved 1056768K
  class space    used 790K, capacity 856K, committed 896K, reserved 1048576K
}
Event: 2.985 GC heap before
{Heap before GC invocations=2 (full 0):
 PSYoungGen      total 18944K, used 18935K [0x00000000eb400000, 0x00000000ed900000, 0x0000000100000000)
  eden space 16384K, 100% used [0x00000000eb400000,0x00000000ec400000,0x00000000ec400000)
  from space 2560K, 99% used [0x00000000ec400000,0x00000000ec67dda0,0x00000000ec680000)
  to   space 2560K, 0% used [0x00000000ed680000,0x00000000ed680000,0x00000000ed900000)
 ParOldGen       total 44032K, used 1118K [0x00000000c1c00000, 0x00000000c4700000, 0x00000000eb400000)
  object space 44032K, 2% used [0x00000000c1c00000,0x00000000c1d17870,0x00000000c4700000)
 Metaspace       used 8393K, capacity 8540K, committed 8832K, reserved 1056768K
  class space    used 1018K, capacity 1080K, committed 1152K, reserved 1048576K
Event: 2.994 GC heap after
Heap after GC invocations=2 (full 0):
 PSYoungGen      total 35328K, used 2559K [0x00000000eb400000, 0x00000000ed900000, 0x0000000100000000)
  eden space 32768K, 0% used [0x00000000eb400000,0x00000000eb400000,0x00000000ed400000)
  from space 2560K, 99% used [0x00000000ed680000,0x00000000ed8ffdd0,0x00000000ed900000)
  to   space 2560K, 0% used [0x00000000ed400000,0x00000000ed400000,0x00000000ed680000)
 ParOldGen       total 44032K, used 1813K [0x00000000c1c00000, 0x00000000c4700000, 0x00000000eb400000)
  object space 44032K, 4% used [0x00000000c1c00000,0x00000000c1dc56f8,0x00000000c4700000)
 Metaspace       used 8393K, capacity 8540K, committed 8832K, reserved 1056768K
  class space    used 1018K, capacity 1080K, committed 1152K, reserved 1048576K
}
Event: 5.278 GC heap before
{Heap before GC invocations=3 (full 0):
 PSYoungGen      total 35328K, used 35327K [0x00000000eb400000, 0x00000000ed900000, 0x0000000100000000)
  eden space 32768K, 100% used [0x00000000eb400000,0x00000000ed400000,0x00000000ed400000)
  from space 2560K, 99% used [0x00000000ed680000,0x00000000ed8ffdd0,0x00000000ed900000)
  to   space 2560K, 0% used [0x00000000ed400000,0x00000000ed400000,0x00000000ed680000)
 ParOldGen       total 44032K, used 1813K [0x00000000c1c00000, 0x00000000c4700000, 0x00000000eb400000)
  object space 44032K, 4% used [0x00000000c1c00000,0x00000000c1dc56f8,0x00000000c4700000)
 Metaspace       used 11744K, capacity 11900K, committed 12160K, reserved 1060864K
  class space    used 1456K, capacity 1575K, committed 1664K, reserved 1048576K
Event: 5.316 GC heap after
Heap after GC invocations=3 (full 0):
 PSYoungGen      total 35328K, used 2560K [0x00000000eb400000, 0x00000000ef900000, 0x0000000100000000)
  eden space 32768K, 0% used [0x00000000eb400000,0x00000000eb400000,0x00000000ed400000)
  from space 2560K, 100% used [0x00000000ed400000,0x00000000ed680000,0x00000000ed680000)
  to   space 2560K, 0% used [0x00000000ef680000,0x00000000ef680000,0x00000000ef900000)
 ParOldGen       total 44032K, used 6038K [0x00000000c1c00000, 0x00000000c4700000, 0x00000000eb400000)
  object space 44032K, 13% used [0x00000000c1c00000,0x00000000c21e5b90,0x00000000c4700000)
 Metaspace       used 11744K, capacity 11900K, committed 12160K, reserved 1060864K
  class space    used 1456K, capacity 1575K, committed 1664K, reserved 1048576K
}
Event: 32.231 GC heap before
{Heap before GC invocations=4 (full 0):
 PSYoungGen      total 35328K, used 35328K [0x00000000eb400000, 0x00000000ef900000, 0x0000000100000000)
  eden space 32768K, 100% used [0x00000000eb400000,0x00000000ed400000,0x00000000ed400000)
  from space 2560K, 100% used [0x00000000ed400000,0x00000000ed680000,0x00000000ed680000)
  to   space 2560K, 0% used [0x00000000ef680000,0x00000000ef680000,0x00000000ef900000)
 ParOldGen       total 44032K, used 6038K [0x00000000c1c00000, 0x00000000c4700000, 0x00000000eb400000)
  object space 44032K, 13% used [0x00000000c1c00000,0x00000000c21e5b90,0x00000000c4700000)
 Metaspace       used 16630K, capacity 16886K, committed 17024K, reserved 1064960K
  class space    used 2014K, capacity 2113K, committed 2176K, reserved 1048576K
Event: 32.315 GC heap after
Heap after GC invocations=4 (full 0):
 PSYoungGen      total 68096K, used 2544K [0x00000000eb400000, 0x00000000ef900000, 0x0000000100000000)
  eden space 65536K, 0% used [0x00000000eb400000,0x00000000eb400000,0x00000000ef400000)
  from space 2560K, 99% used [0x00000000ef680000,0x00000000ef8fc010,0x00000000ef900000)
  to   space 2560K, 0% used [0x00000000ef400000,0x00000000ef400000,0x00000000ef680000)
 ParOldGen       total 44032K, used 10912K [0x00000000c1c00000, 0x00000000c4700000, 0x00000000eb400000)
  object space 44032K, 24% used [0x00000000c1c00000,0x00000000c26a8310,0x00000000c4700000)
 Metaspace       used 16630K, capacity 16886K, committed 17024K, reserved 1064960K
  class space    used 2014K, capacity 2113K, committed 2176K, reserved 1048576K
}

Deoptimization events (10 events):
Event: 20.146 Thread 0x0000000000d6e000 Uncommon trap: reason=null_check action=make_not_entrant pc=0x0000000002e3969c method=org.apache.maven.model.io.xpp3.MavenXpp3Reader.checkFieldWithDuplicate(Lorg/codehaus/plexus/util/xml/pull/XmlPullParser;Ljava/lang/String;Ljava/lang/String;Ljava/util/Se
Event: 25.826 Thread 0x0000000000d6e000 Uncommon trap: reason=unstable_if action=reinterpret pc=0x0000000002a2be3c method=sun.misc.MetaIndex.mayContain(Ljava/lang/String;)Z @ 38
Event: 25.904 Thread 0x0000000000d6e000 Uncommon trap: reason=unstable_if action=reinterpret pc=0x0000000002b96e00 method=java.util.HashMap.putVal(ILjava/lang/Object;Ljava/lang/Object;ZZ)Ljava/lang/Object; @ 236
Event: 26.433 Thread 0x0000000000d6e000 Uncommon trap: reason=unstable_if action=reinterpret pc=0x0000000002baa13c method=java.lang.CharacterDataLatin1.isWhitespace(I)Z @ 14
Event: 26.702 Thread 0x0000000000d6e000 Uncommon trap: reason=unloaded action=reinterpret pc=0x0000000002dacd2c method=java.util.jar.JarFile.getInputStream(Ljava/util/zip/ZipEntry;)Ljava/io/InputStream; @ 46
Event: 26.949 Thread 0x0000000000d6e000 Uncommon trap: reason=unstable_if action=reinterpret pc=0x0000000002e38728 method=java.lang.String.trim()Ljava/lang/String; @ 63
Event: 31.885 Thread 0x0000000000d6e000 Uncommon trap: reason=unstable_if action=reinterpret pc=0x0000000002966e60 method=java.net.URI.match(CJJ)Z @ 45
Event: 44.275 Thread 0x0000000000d6e000 Uncommon trap: reason=predicate action=maybe_recompile pc=0x0000000002bd6de4 method=java.lang.String.regionMatches(ZILjava/lang/String;II)Z @ 63
Event: 50.356 Thread 0x0000000000d6e000 Uncommon trap: reason=unstable_if action=reinterpret pc=0x0000000002c0d6f4 method=java.util.jar.Manifest$FastInputStream.readLine([BII)I @ 87
Event: 50.362 Thread 0x0000000000d6e000 Uncommon trap: reason=unstable_if action=reinterpret pc=0x0000000002e1f2ac method=java.util.LinkedHashMap.get(Ljava/lang/Object;)Ljava/lang/Object; @ 20

Internal exceptions (10 events):
Event: 24.755 Thread 0x0000000000d6e000 Exception <a 'java/lang/NullPointerException'> (0x00000000ecfbf920) thrown at [C:\re\workspace\8-2-build-windows-amd64-cygwin\jdk8u111\7883\hotspot\src\share\vm\interpreter\linkResolver.cpp, line 1178]
Event: 24.755 Thread 0x0000000000d6e000 Exception <a 'java/lang/NullPointerException'> (0x00000000ecfbfd20) thrown at [C:\re\workspace\8-2-build-windows-amd64-cygwin\jdk8u111\7883\hotspot\src\share\vm\interpreter\linkResolver.cpp, line 1178]
Event: 24.755 Thread 0x0000000000d6e000 Exception <a 'java/lang/NullPointerException'> (0x00000000ecfc0120) thrown at [C:\re\workspace\8-2-build-windows-amd64-cygwin\jdk8u111\7883\hotspot\src\share\vm\interpreter\linkResolver.cpp, line 1178]
Event: 24.888 Thread 0x0000000000d6e000 Exception <a 'java/lang/NullPointerException'> (0x00000000ecfd7b80) thrown at [C:\re\workspace\8-2-build-windows-amd64-cygwin\jdk8u111\7883\hotspot\src\share\vm\interpreter\linkResolver.cpp, line 1178]
Event: 24.888 Thread 0x0000000000d6e000 Exception <a 'java/lang/NullPointerException'> (0x00000000ecfd7f80) thrown at [C:\re\workspace\8-2-build-windows-amd64-cygwin\jdk8u111\7883\hotspot\src\share\vm\interpreter\linkResolver.cpp, line 1178]
Event: 24.888 Thread 0x0000000000d6e000 Exception <a 'java/lang/NullPointerException'> (0x00000000ecfd8380) thrown at [C:\re\workspace\8-2-build-windows-amd64-cygwin\jdk8u111\7883\hotspot\src\share\vm\interpreter\linkResolver.cpp, line 1178]
Event: 50.082 Thread 0x0000000000d6e000 Exception <a 'java/lang/Error': IP Helper Library GetIfTable function failed> (0x00000000eb6462c8) thrown at [C:\re\workspace\8-2-build-windows-amd64-cygwin\jdk8u111\7883\hotspot\src\share\vm\prims\jni.cpp, line 735]
Event: 50.082 Thread 0x0000000000d6e000 Exception <a 'java/lang/Error'> (0x00000000eb6462c8) thrown at [C:\re\workspace\8-2-build-windows-amd64-cygwin\jdk8u111\7883\hotspot\src\share\vm\prims\jvm.cpp, line 1390]
Event: 50.082 Thread 0x0000000000d6e000 Exception <a 'java/lang/Error'> (0x00000000eb6462c8) thrown at [C:\re\workspace\8-2-build-windows-amd64-cygwin\jdk8u111\7883\hotspot\src\share\vm\oops\instanceKlass.cpp, line 964]
Event: 50.082 Thread 0x0000000000d6e000 Exception <a 'java/lang/reflect/InvocationTargetException'> (0x00000000eb646a88) thrown at [C:\re\workspace\8-2-build-windows-amd64-cygwin\jdk8u111\7883\hotspot\src\share\vm\runtime\reflection.cpp, line 1092]

Events (10 events):
Event: 50.360 Thread 0x0000000000d6e000 DEOPT UNPACKING pc=0x000000000288787f sp=0x0000000002679360 mode 0
Event: 50.362 Thread 0x0000000000d6e000 Uncommon trap: trap_request=0xffffff65 fr.pc=0x0000000002e1f2ac
Event: 50.362 Thread 0x0000000000d6e000 DEOPT PACKING pc=0x0000000002e1f2ac sp=0x0000000002679600
Event: 50.362 Thread 0x0000000000d6e000 DEOPT UNPACKING pc=0x000000000288582a sp=0x00000000026795b0 mode 2
Event: 50.362 Thread 0x0000000000d6e000 DEOPT PACKING pc=0x0000000002e0d05a sp=0x0000000002679370
Event: 50.362 Thread 0x0000000000d6e000 DEOPT UNPACKING pc=0x000000000288787f sp=0x00000000026791f0 mode 0
Event: 50.363 Thread 0x0000000000d6e000 DEOPT PACKING pc=0x0000000002e0d05a sp=0x0000000002679370
Event: 51.397 Thread 0x0000000000d6e000 DEOPT UNPACKING pc=0x000000000288787f sp=0x00000000026791f0 mode 0
Event: 51.430 Thread 0x0000000000d6e000 DEOPT PACKING pc=0x0000000002e0d05a sp=0x0000000002679370
Event: 51.431 Thread 0x0000000000d6e000 DEOPT UNPACKING pc=0x000000000288787f sp=0x00000000026791f0 mode 0


Dynamic libraries:
0x00007ff730ab0000 - 0x00007ff730ae7000 	C:\Program Files\Java\jdk1.8.0_111\bin\java.exe
0x00007ffe13990000 - 0x00007ffe13b85000 	C:\WINDOWS\SYSTEM32\ntdll.dll
0x00007ffe134b0000 - 0x00007ffe1356d000 	C:\WINDOWS\System32\KERNEL32.DLL
0x00007ffe11680000 - 0x00007ffe11947000 	C:\WINDOWS\System32\KERNELBASE.dll
0x00007ffe13570000 - 0x00007ffe1361a000 	C:\WINDOWS\System32\ADVAPI32.dll
0x00007ffe12040000 - 0x00007ffe120de000 	C:\WINDOWS\System32\msvcrt.dll
0x00007ffe12770000 - 0x00007ffe1280b000 	C:\WINDOWS\System32\sechost.dll
0x00007ffe119f0000 - 0x00007ffe11b14000 	C:\WINDOWS\System32\RPCRT4.dll
0x00007ffe11b20000 - 0x00007ffe11cc0000 	C:\WINDOWS\System32\USER32.dll
0x00007ffe11550000 - 0x00007ffe11572000 	C:\WINDOWS\System32\win32u.dll
0x00007ffe11d20000 - 0x00007ffe11d4a000 	C:\WINDOWS\System32\GDI32.dll
0x00007ffe11310000 - 0x00007ffe11419000 	C:\WINDOWS\System32\gdi32full.dll
0x00007ffe11950000 - 0x00007ffe119ed000 	C:\WINDOWS\System32\msvcp_win.dll
0x00007ffe11580000 - 0x00007ffe11680000 	C:\WINDOWS\System32\ucrtbase.dll
0x00007ffdfd660000 - 0x00007ffdfd8fb000 	C:\WINDOWS\WinSxS\amd64_microsoft.windows.common-controls_6595b64144ccf1df_6.0.19041.488_none_ca04af081b815d21\COMCTL32.dll
0x00007ffe11d60000 - 0x00007ffe11d90000 	C:\WINDOWS\System32\IMM32.DLL
0x000000006a870000 - 0x000000006a942000 	C:\Program Files\Java\jdk1.8.0_111\jre\bin\msvcr100.dll
0x0000000069850000 - 0x000000006a0ea000 	C:\Program Files\Java\jdk1.8.0_111\jre\bin\server\jvm.dll
0x00007ffe11d50000 - 0x00007ffe11d58000 	C:\WINDOWS\System32\PSAPI.DLL
0x00007ffdfc120000 - 0x00007ffdfc129000 	C:\WINDOWS\SYSTEM32\WSOCK32.dll
0x00007ffe12580000 - 0x00007ffe125eb000 	C:\WINDOWS\System32\WS2_32.dll
0x00007ffdff730000 - 0x00007ffdff757000 	C:\WINDOWS\SYSTEM32\WINMM.dll
0x00007ffe0a320000 - 0x00007ffe0a32a000 	C:\WINDOWS\SYSTEM32\VERSION.dll
0x000000006bcf0000 - 0x000000006bcff000 	C:\Program Files\Java\jdk1.8.0_111\jre\bin\verify.dll
0x000000006a800000 - 0x000000006a829000 	C:\Program Files\Java\jdk1.8.0_111\jre\bin\java.dll
0x000000006a7e0000 - 0x000000006a7f6000 	C:\Program Files\Java\jdk1.8.0_111\jre\bin\zip.dll
0x00007ffe12d60000 - 0x00007ffe134a1000 	C:\WINDOWS\System32\SHELL32.dll
0x00007ffe0ee60000 - 0x00007ffe0f5f3000 	C:\WINDOWS\SYSTEM32\windows.storage.dll
0x00007ffe12220000 - 0x00007ffe12575000 	C:\WINDOWS\System32\combase.dll
0x00007ffe10b40000 - 0x00007ffe10b6c000 	C:\WINDOWS\SYSTEM32\Wldp.dll
0x00007ffe12170000 - 0x00007ffe1221e000 	C:\WINDOWS\System32\SHCORE.dll
0x00007ffe11cc0000 - 0x00007ffe11d15000 	C:\WINDOWS\System32\shlwapi.dll
0x00007ffe11000000 - 0x00007ffe11026000 	C:\WINDOWS\SYSTEM32\profapi.dll
0x00007ffe016e0000 - 0x00007ffe016ea000 	C:\Program Files\NetBeans-12.0\netbeans\java\maven\lib\jansi-native\windows64\jansi.dll
0x000000006a7c0000 - 0x000000006a7da000 	C:\Program Files\Java\jdk1.8.0_111\jre\bin\net.dll
0x00007ffe108c0000 - 0x00007ffe1092a000 	C:\WINDOWS\system32\mswsock.dll
0x000000006a7a0000 - 0x000000006a7b1000 	C:\Program Files\Java\jdk1.8.0_111\jre\bin\nio.dll
0x00000000695e0000 - 0x0000000069604000 	C:\Program Files\Java\jdk1.8.0_111\jre\bin\sunec.dll
0x00007ffe10aa0000 - 0x00007ffe10ab8000 	C:\WINDOWS\SYSTEM32\CRYPTSP.dll
0x00007ffe101e0000 - 0x00007ffe10214000 	C:\WINDOWS\system32\rsaenh.dll
0x00007ffe11520000 - 0x00007ffe11547000 	C:\WINDOWS\System32\bcrypt.dll
0x00007ffe10fc0000 - 0x00007ffe10fee000 	C:\WINDOWS\SYSTEM32\USERENV.dll
0x00007ffe110d0000 - 0x00007ffe1114f000 	C:\WINDOWS\System32\bcryptprimitives.dll
0x00007ffe10a90000 - 0x00007ffe10a9c000 	C:\WINDOWS\SYSTEM32\CRYPTBASE.dll
0x00007ffe10560000 - 0x00007ffe1059b000 	C:\WINDOWS\SYSTEM32\IPHLPAPI.DLL
0x00007ffe120e0000 - 0x00007ffe120e9000 	C:\WINDOWS\System32\NSI.dll
0x000000006bb70000 - 0x000000006bb7b000 	C:\Program Files\Java\jdk1.8.0_111\jre\bin\sunmscapi.dll
0x00007ffe111b0000 - 0x00007ffe1130d000 	C:\WINDOWS\System32\CRYPT32.dll

VM Arguments:
jvm_args: -Dclassworlds.conf=C:\Program Files\NetBeans-12.0\netbeans\java\maven\bin\..\bin\m2.conf -Dmaven.home=C:\Program Files\NetBeans-12.0\netbeans\java\maven\bin\.. -Dlibrary.jansi.path=C:\Program Files\NetBeans-12.0\netbeans\java\maven\bin\..\lib\jansi-native -Dmaven.multiModuleProjectDirectory=C:\Dev\tutorial08 
java_command: org.codehaus.plexus.classworlds.launcher.Launcher -Dmaven.ext.class.path=C:\Users\Feri Winarta\AppData\Roaming\NetBeans\12.0\maven-nblib\netbeans-eventspy.jar -Dfile.encoding=UTF-8 install
java_class_path (initial): C:\Program Files\NetBeans-12.0\netbeans\java\maven\bin\..\boot\plexus-classworlds-2.6.0.jar
Launcher Type: SUN_STANDARD

Environment Variables:
JAVA_HOME=C:\Program Files\Java\jdk1.8.0_111
PATH=C:\Program Files (x86)\Common Files\Oracle\Java\javapath;C:\ProgramData\Oracle\Java\javapath;C:\Program Files (x86)\Common Files\Intel\Shared Files\cpp\bin\Intel64;C:\Program Files (x86)\Intel\iCLS Client\;C:\Program Files\Intel\iCLS Client\;C:\Windows\system32;C:\Windows;C:\Windows\System32\Wbem;C:\Windows\System32\WindowsPowerShell\v1.0\;C:\Program Files (x86)\Intel\Intel(R) Management Engine Components\DAL;C:\Program Files\Intel\Intel(R) Management Engine Components\DAL;C:\Program Files (x86)\Intel\Intel(R) Management Engine Components\IPT;C:\Program Files\Intel\Intel(R) Management Engine Components\IPT;C:\Program Files (x86)\NVIDIA Corporation\PhysX\Common;C:\WINDOWS\system32;C:\WINDOWS;C:\WINDOWS\System32\Wbem;C:\WINDOWS\System32\WindowsPowerShell\v1.0\;C:\WINDOWS\System32\OpenSSH\;C:\Program Files\NVIDIA Corporation\NVIDIA NvDLISR;C:\Program Files\Microsoft VS Code\bin;C:\Program Files\Java\jdk1.8.0_111\bin;C:\Users\Feri Winarta\AppData\Local\Microsoft\WindowsApps;
USERNAME=Feri Winarta
OS=Windows_NT
PROCESSOR_IDENTIFIER=Intel64 Family 6 Model 142 Stepping 10, GenuineIntel



---------------  S Y S T E M  ---------------

OS: Windows 10.0 , 64 bit Build 19041 (10.0.19041.292)

CPU:total 8 (4 cores per cpu, 2 threads per core) family 6 model 142 stepping 10, cmov, cx8, fxsr, mmx, sse, sse2, sse3, ssse3, sse4.1, sse4.2, popcnt, avx, avx2, aes, clmul, erms, 3dnowpref, lzcnt, ht, tsc, tscinvbit, bmi1, bmi2, adx

Memory: 4k page, physical 4078220k(192884k free), swap 12366140k(141424k free)

vm_info: Java HotSpot(TM) 64-Bit Server VM (25.111-b14) for windows-amd64 JRE (1.8.0_111-b14), built on Sep 22 2016 19:24:05 by "java_re" with MS VC++ 10.0 (VS2010)

time: Fri Sep 25 19:18:25 2020
elapsed time: 56 seconds (0d 0h 0m 56s)

