#
# There is insufficient memory for the Java Runtime Environment to continue.
# Native memory allocation (malloc) failed to allocate 32744 bytes for ChunkPool::allocate
# Possible reasons:
#   The system is out of physical RAM or swap space
#   In 32 bit mode, the process size limit was hit
# Possible solutions:
#   Reduce memory load on the system
#   Increase physical memory or swap space
#   Check if swap backing store is full
#   Use 64 bit Java on a 64 bit OS
#   Decrease Java heap size (-Xmx/-Xms)
#   Decrease number of Java threads
#   Decrease Java thread stack sizes (-Xss)
#   Set larger code cache with -XX:ReservedCodeCacheSize=
# This output file may be truncated or incomplete.
#
#  Out of Memory Error (allocation.cpp:273), pid=16988, tid=0x00000000000019f8
#
# JRE version: Java(TM) SE Runtime Environment (8.0_111-b14) (build 1.8.0_111-b14)
# Java VM: Java HotSpot(TM) 64-Bit Server VM (25.111-b14 mixed mode windows-amd64 compressed oops)
# Failed to write core dump. Minidumps are not enabled by default on client versions of Windows
#

---------------  T H R E A D  ---------------

Current thread (0x000000001768a800):  JavaThread "C2 CompilerThread1" daemon [_thread_in_native, id=6648, stack(0x0000000017f10000,0x0000000018010000)]

Stack: [0x0000000017f10000,0x0000000018010000]
[error occurred during error reporting (printing stack bounds), id 0xc0000005]

Native frames: (J=compiled Java code, j=interpreted, Vv=VM code, C=native code)


Current CompileTask:
C2:  51866 1999       4       sun.nio.cs.UTF_8$Decoder::decode (779 bytes)


---------------  P R O C E S S  ---------------

Java Threads: ( => current thread )
  0x00000000176a4800 JavaThread "Service Thread" daemon [_thread_blocked, id=5640, stack(0x0000000018210000,0x0000000018310000)]
  0x000000001769d000 JavaThread "C1 CompilerThread3" daemon [_thread_in_native, id=12488, stack(0x0000000018110000,0x0000000018210000)]
  0x0000000017697800 JavaThread "C2 CompilerThread2" daemon [_thread_blocked, id=17856, stack(0x0000000018010000,0x0000000018110000)]
=>0x000000001768a800 JavaThread "C2 CompilerThread1" daemon [_thread_in_native, id=6648, stack(0x0000000017f10000,0x0000000018010000)]
  0x000000001763b800 JavaThread "C2 CompilerThread0" daemon [_thread_blocked, id=21232, stack(0x0000000017e10000,0x0000000017f10000)]
  0x0000000017638800 JavaThread "Attach Listener" daemon [_thread_blocked, id=20340, stack(0x0000000017d10000,0x0000000017e10000)]
  0x0000000017637000 JavaThread "Signal Dispatcher" daemon [_thread_blocked, id=21024, stack(0x0000000017c10000,0x0000000017d10000)]
  0x0000000017630800 JavaThread "Finalizer" daemon [_thread_blocked, id=23368, stack(0x0000000017a10000,0x0000000017b10000)]
  0x0000000002d28000 JavaThread "Reference Handler" daemon [_thread_blocked, id=2016, stack(0x0000000017510000,0x0000000017610000)]
  0x0000000002b2e000 JavaThread "main" [_thread_in_native, id=7684, stack(0x0000000002b30000,0x0000000002c30000)]

Other Threads:
  0x000000001574a800 VMThread [stack: 0x0000000017410000,0x0000000017510000] [id=12904]
  0x00000000176ba000 WatcherThread [stack: 0x0000000018310000,0x0000000018410000] [id=7928]

VM state:not at safepoint (normal execution)

VM Mutex/Monitor currently owned by a thread: None

Heap:
 PSYoungGen      total 68096K, used 9209K [0x00000000eb400000, 0x00000000ef900000, 0x0000000100000000)
  eden space 65536K, 10% used [0x00000000eb400000,0x00000000eba826b8,0x00000000ef400000)
  from space 2560K, 99% used [0x00000000ef680000,0x00000000ef8fc010,0x00000000ef900000)
  to   space 2560K, 0% used [0x00000000ef400000,0x00000000ef400000,0x00000000ef680000)
 ParOldGen       total 44032K, used 10120K [0x00000000c1c00000, 0x00000000c4700000, 0x00000000eb400000)
  object space 44032K, 22% used [0x00000000c1c00000,0x00000000c25e2030,0x00000000c4700000)
 Metaspace       used 16867K, capacity 17118K, committed 17280K, reserved 1064960K
  class space    used 2041K, capacity 2148K, committed 2176K, reserved 1048576K

Card table byte_map: [0x00000000120f0000,0x00000000122f0000] byte_map_base: 0x0000000011ae2000

Marking Bits: (ParMarkBitMap*) 0x000000006a06a6c0
 Begin Bits: [0x0000000012c40000, 0x0000000013bd0000)
 End Bits:   [0x0000000013bd0000, 0x0000000014b60000)

Polling page: 0x0000000002a50000

CodeCache: size=245760Kb used=6888Kb max_used=6898Kb free=238871Kb
 bounds [0x0000000002d30000, 0x0000000003400000, 0x0000000011d30000]
 total_blobs=2363 nmethods=1995 adapters=280
 compilation: enabled

Compilation events (10 events):
Event: 32.393 Thread 0x000000001769d000 1991       3       sun.security.util.DerValue::getBoolean (90 bytes)
Event: 32.394 Thread 0x000000001769d000 nmethod 1991 0x00000000033eaa90 code [0x00000000033ead00, 0x00000000033ebd08]
Event: 33.025 Thread 0x000000001768a800 1992       4       java.util.Arrays::hashCode (44 bytes)
Event: 33.028 Thread 0x000000001768a800 nmethod 1992 0x00000000033e7c10 code [0x00000000033e7d40, 0x00000000033e7e98]
Event: 42.957 Thread 0x0000000017697800 1994       4       sun.nio.cs.SingleByte$Encoder::encode (32 bytes)
Event: 42.961 Thread 0x0000000017697800 nmethod 1994 0x00000000033e1ad0 code [0x00000000033e1c20, 0x00000000033e1d38]
Event: 44.257 Thread 0x000000001769d000 1995       3       sun.reflect.DelegatingConstructorAccessorImpl::setDelegate (6 bytes)
Event: 44.258 Thread 0x000000001769d000 nmethod 1995 0x00000000033e5190 code [0x00000000033e52e0, 0x00000000033e5450]
Event: 46.916 Thread 0x000000001769d000 1997   !   3       java.util.jar.Attributes::read (380 bytes)
Event: 46.917 Thread 0x000000001768a800 1999       4       sun.nio.cs.UTF_8$Decoder::decode (779 bytes)

GC Heap History (8 events):
Event: 2.056 GC heap before
{Heap before GC invocations=1 (full 0):
 PSYoungGen      total 18944K, used 16384K [0x00000000eb400000, 0x00000000ec900000, 0x0000000100000000)
  eden space 16384K, 100% used [0x00000000eb400000,0x00000000ec400000,0x00000000ec400000)
  from space 2560K, 0% used [0x00000000ec680000,0x00000000ec680000,0x00000000ec900000)
  to   space 2560K, 0% used [0x00000000ec400000,0x00000000ec400000,0x00000000ec680000)
 ParOldGen       total 44032K, used 0K [0x00000000c1c00000, 0x00000000c4700000, 0x00000000eb400000)
  object space 44032K, 0% used [0x00000000c1c00000,0x00000000c1c00000,0x00000000c4700000)
 Metaspace       used 6870K, capacity 6972K, committed 7040K, reserved 1056768K
  class space    used 789K, capacity 856K, committed 896K, reserved 1048576K
Event: 2.091 GC heap after
Heap after GC invocations=1 (full 0):
 PSYoungGen      total 18944K, used 2529K [0x00000000eb400000, 0x00000000ed900000, 0x0000000100000000)
  eden space 16384K, 0% used [0x00000000eb400000,0x00000000eb400000,0x00000000ec400000)
  from space 2560K, 98% used [0x00000000ec400000,0x00000000ec678628,0x00000000ec680000)
  to   space 2560K, 0% used [0x00000000ed680000,0x00000000ed680000,0x00000000ed900000)
 ParOldGen       total 44032K, used 1004K [0x00000000c1c00000, 0x00000000c4700000, 0x00000000eb400000)
  object space 44032K, 2% used [0x00000000c1c00000,0x00000000c1cfb0e0,0x00000000c4700000)
 Metaspace       used 6870K, capacity 6972K, committed 7040K, reserved 1056768K
  class space    used 789K, capacity 856K, committed 896K, reserved 1048576K
}
Event: 2.778 GC heap before
{Heap before GC invocations=2 (full 0):
 PSYoungGen      total 18944K, used 18913K [0x00000000eb400000, 0x00000000ed900000, 0x0000000100000000)
  eden space 16384K, 100% used [0x00000000eb400000,0x00000000ec400000,0x00000000ec400000)
  from space 2560K, 98% used [0x00000000ec400000,0x00000000ec678628,0x00000000ec680000)
  to   space 2560K, 0% used [0x00000000ed680000,0x00000000ed680000,0x00000000ed900000)
 ParOldGen       total 44032K, used 1004K [0x00000000c1c00000, 0x00000000c4700000, 0x00000000eb400000)
  object space 44032K, 2% used [0x00000000c1c00000,0x00000000c1cfb0e0,0x00000000c4700000)
 Metaspace       used 8274K, capacity 8380K, committed 8576K, reserved 1056768K
  class space    used 1001K, capacity 1048K, committed 1152K, reserved 1048576K
Event: 2.799 GC heap after
Heap after GC invocations=2 (full 0):
 PSYoungGen      total 35328K, used 2551K [0x00000000eb400000, 0x00000000ed900000, 0x0000000100000000)
  eden space 32768K, 0% used [0x00000000eb400000,0x00000000eb400000,0x00000000ed400000)
  from space 2560K, 99% used [0x00000000ed680000,0x00000000ed8fde78,0x00000000ed900000)
  to   space 2560K, 0% used [0x00000000ed400000,0x00000000ed400000,0x00000000ed680000)
 ParOldGen       total 44032K, used 1418K [0x00000000c1c00000, 0x00000000c4700000, 0x00000000eb400000)
  object space 44032K, 3% used [0x00000000c1c00000,0x00000000c1d62b88,0x00000000c4700000)
 Metaspace       used 8274K, capacity 8380K, committed 8576K, reserved 1056768K
  class space    used 1001K, capacity 1048K, committed 1152K, reserved 1048576K
}
Event: 5.225 GC heap before
{Heap before GC invocations=3 (full 0):
 PSYoungGen      total 35328K, used 35319K [0x00000000eb400000, 0x00000000ed900000, 0x0000000100000000)
  eden space 32768K, 100% used [0x00000000eb400000,0x00000000ed400000,0x00000000ed400000)
  from space 2560K, 99% used [0x00000000ed680000,0x00000000ed8fde78,0x00000000ed900000)
  to   space 2560K, 0% used [0x00000000ed400000,0x00000000ed400000,0x00000000ed680000)
 ParOldGen       total 44032K, used 1418K [0x00000000c1c00000, 0x00000000c4700000, 0x00000000eb400000)
  object space 44032K, 3% used [0x00000000c1c00000,0x00000000c1d62b88,0x00000000c4700000)
 Metaspace       used 11499K, capacity 11676K, committed 11904K, reserved 1058816K
  class space    used 1423K, capacity 1543K, committed 1664K, reserved 1048576K
Event: 5.238 GC heap after
Heap after GC invocations=3 (full 0):
 PSYoungGen      total 35328K, used 2544K [0x00000000eb400000, 0x00000000ef900000, 0x0000000100000000)
  eden space 32768K, 0% used [0x00000000eb400000,0x00000000eb400000,0x00000000ed400000)
  from space 2560K, 99% used [0x00000000ed400000,0x00000000ed67c030,0x00000000ed680000)
  to   space 2560K, 0% used [0x00000000ef680000,0x00000000ef680000,0x00000000ef900000)
 ParOldGen       total 44032K, used 5510K [0x00000000c1c00000, 0x00000000c4700000, 0x00000000eb400000)
  object space 44032K, 12% used [0x00000000c1c00000,0x00000000c2161888,0x00000000c4700000)
 Metaspace       used 11499K, capacity 11676K, committed 11904K, reserved 1058816K
  class space    used 1423K, capacity 1543K, committed 1664K, reserved 1048576K
}
Event: 27.055 GC heap before
{Heap before GC invocations=4 (full 0):
 PSYoungGen      total 35328K, used 35312K [0x00000000eb400000, 0x00000000ef900000, 0x0000000100000000)
  eden space 32768K, 100% used [0x00000000eb400000,0x00000000ed400000,0x00000000ed400000)
  from space 2560K, 99% used [0x00000000ed400000,0x00000000ed67c030,0x00000000ed680000)
  to   space 2560K, 0% used [0x00000000ef680000,0x00000000ef680000,0x00000000ef900000)
 ParOldGen       total 44032K, used 5510K [0x00000000c1c00000, 0x00000000c4700000, 0x00000000eb400000)
  object space 44032K, 12% used [0x00000000c1c00000,0x00000000c2161888,0x00000000c4700000)
 Metaspace       used 16246K, capacity 16566K, committed 16768K, reserved 1064960K
  class space    used 1970K, capacity 2074K, committed 2176K, reserved 1048576K
Event: 27.225 GC heap after
Heap after GC invocations=4 (full 0):
 PSYoungGen      total 68096K, used 2544K [0x00000000eb400000, 0x00000000ef900000, 0x0000000100000000)
  eden space 65536K, 0% used [0x00000000eb400000,0x00000000eb400000,0x00000000ef400000)
  from space 2560K, 99% used [0x00000000ef680000,0x00000000ef8fc010,0x00000000ef900000)
  to   space 2560K, 0% used [0x00000000ef400000,0x00000000ef400000,0x00000000ef680000)
 ParOldGen       total 44032K, used 10120K [0x00000000c1c00000, 0x00000000c4700000, 0x00000000eb400000)
  object space 44032K, 22% used [0x00000000c1c00000,0x00000000c25e2030,0x00000000c4700000)
 Metaspace       used 16246K, capacity 16566K, committed 16768K, reserved 1064960K
  class space    used 1970K, capacity 2074K, committed 2176K, reserved 1048576K
}

Deoptimization events (10 events):
Event: 18.933 Thread 0x0000000002b2e000 Uncommon trap: reason=unstable_if action=reinterpret pc=0x000000000331d068 method=org.codehaus.plexus.util.xml.pull.MXParser.nextImpl()I @ 1161
Event: 20.369 Thread 0x0000000002b2e000 Uncommon trap: reason=null_check action=make_not_entrant pc=0x000000000332fa5c method=org.apache.maven.model.io.xpp3.MavenXpp3Reader.checkFieldWithDuplicate(Lorg/codehaus/plexus/util/xml/pull/XmlPullParser;Ljava/lang/String;Ljava/lang/String;Ljava/util/Se
Event: 25.911 Thread 0x0000000002b2e000 Uncommon trap: reason=unstable_if action=reinterpret pc=0x0000000002f2643c method=sun.misc.MetaIndex.mayContain(Ljava/lang/String;)Z @ 38
Event: 25.965 Thread 0x0000000002b2e000 Uncommon trap: reason=unstable_if action=reinterpret pc=0x00000000030803fc method=java.util.HashMap.putVal(ILjava/lang/Object;Ljava/lang/Object;ZZ)Ljava/lang/Object; @ 236
Event: 26.496 Thread 0x0000000002b2e000 Uncommon trap: reason=unstable_if action=reinterpret pc=0x00000000030653fc method=java.lang.CharacterDataLatin1.isWhitespace(I)Z @ 14
Event: 26.864 Thread 0x0000000002b2e000 Uncommon trap: reason=unloaded action=reinterpret pc=0x00000000032d1dc4 method=java.util.jar.JarFile.getInputStream(Ljava/util/zip/ZipEntry;)Ljava/io/InputStream; @ 46
Event: 27.044 Thread 0x0000000002b2e000 Uncommon trap: reason=unstable_if action=reinterpret pc=0x00000000033582d0 method=java.lang.String.trim()Ljava/lang/String; @ 63
Event: 31.945 Thread 0x0000000002b2e000 Uncommon trap: reason=unstable_if action=reinterpret pc=0x0000000002e58e20 method=java.net.URI.match(CJJ)Z @ 45
Event: 44.257 Thread 0x0000000002b2e000 Uncommon trap: reason=predicate action=maybe_recompile pc=0x00000000030cd61c method=java.lang.String.regionMatches(ZILjava/lang/String;II)Z @ 63
Event: 46.916 Thread 0x0000000002b2e000 Uncommon trap: reason=unstable_if action=reinterpret pc=0x00000000031048f4 method=java.util.jar.Manifest$FastInputStream.readLine([BII)I @ 87

Internal exceptions (10 events):
Event: 24.817 Thread 0x0000000002b2e000 Exception <a 'java/lang/NullPointerException'> (0x00000000ed20c780) thrown at [C:\re\workspace\8-2-build-windows-amd64-cygwin\jdk8u111\7883\hotspot\src\share\vm\interpreter\linkResolver.cpp, line 1178]
Event: 24.817 Thread 0x0000000002b2e000 Exception <a 'java/lang/NullPointerException'> (0x00000000ed20cb80) thrown at [C:\re\workspace\8-2-build-windows-amd64-cygwin\jdk8u111\7883\hotspot\src\share\vm\interpreter\linkResolver.cpp, line 1178]
Event: 24.817 Thread 0x0000000002b2e000 Exception <a 'java/lang/NullPointerException'> (0x00000000ed20cf80) thrown at [C:\re\workspace\8-2-build-windows-amd64-cygwin\jdk8u111\7883\hotspot\src\share\vm\interpreter\linkResolver.cpp, line 1178]
Event: 24.949 Thread 0x0000000002b2e000 Exception <a 'java/lang/NullPointerException'> (0x00000000ed223e60) thrown at [C:\re\workspace\8-2-build-windows-amd64-cygwin\jdk8u111\7883\hotspot\src\share\vm\interpreter\linkResolver.cpp, line 1178]
Event: 24.949 Thread 0x0000000002b2e000 Exception <a 'java/lang/NullPointerException'> (0x00000000ed224260) thrown at [C:\re\workspace\8-2-build-windows-amd64-cygwin\jdk8u111\7883\hotspot\src\share\vm\interpreter\linkResolver.cpp, line 1178]
Event: 24.949 Thread 0x0000000002b2e000 Exception <a 'java/lang/NullPointerException'> (0x00000000ed224660) thrown at [C:\re\workspace\8-2-build-windows-amd64-cygwin\jdk8u111\7883\hotspot\src\share\vm\interpreter\linkResolver.cpp, line 1178]
Event: 46.800 Thread 0x0000000002b2e000 Exception <a 'java/lang/Error': IP Helper Library GetIfTable function failed> (0x00000000eb88a2f8) thrown at [C:\re\workspace\8-2-build-windows-amd64-cygwin\jdk8u111\7883\hotspot\src\share\vm\prims\jni.cpp, line 735]
Event: 46.800 Thread 0x0000000002b2e000 Exception <a 'java/lang/Error'> (0x00000000eb88a2f8) thrown at [C:\re\workspace\8-2-build-windows-amd64-cygwin\jdk8u111\7883\hotspot\src\share\vm\prims\jvm.cpp, line 1390]
Event: 46.800 Thread 0x0000000002b2e000 Exception <a 'java/lang/Error'> (0x00000000eb88a2f8) thrown at [C:\re\workspace\8-2-build-windows-amd64-cygwin\jdk8u111\7883\hotspot\src\share\vm\oops\instanceKlass.cpp, line 964]
Event: 46.801 Thread 0x0000000002b2e000 Exception <a 'java/lang/reflect/InvocationTargetException'> (0x00000000eb88aab8) thrown at [C:\re\workspace\8-2-build-windows-amd64-cygwin\jdk8u111\7883\hotspot\src\share\vm\runtime\reflection.cpp, line 1092]

Events (10 events):
Event: 44.369 loading class java/net/DefaultInterface done
Event: 46.801 loading class com/sun/crypto/provider/SunJCE
Event: 46.801 loading class com/sun/crypto/provider/SunJCE done
Event: 46.916 Thread 0x0000000002b2e000 Uncommon trap: trap_request=0xffffff65 fr.pc=0x00000000031048f4
Event: 46.916 Thread 0x0000000002b2e000 DEOPT PACKING pc=0x00000000031048f4 sp=0x0000000002c29c00
Event: 46.916 Thread 0x0000000002b2e000 DEOPT UNPACKING pc=0x0000000002d7582a sp=0x0000000002c29ba0 mode 2
Event: 46.916 Thread 0x0000000002b2e000 DEOPT PACKING pc=0x0000000003315e1a sp=0x0000000002c29790
Event: 46.916 Thread 0x0000000002b2e000 DEOPT UNPACKING pc=0x0000000002d7787f sp=0x0000000002c29610 mode 0
Event: 46.917 Thread 0x0000000002b2e000 DEOPT PACKING pc=0x0000000003315e1a sp=0x0000000002c29790
Event: 46.917 Thread 0x0000000002b2e000 DEOPT UNPACKING pc=0x0000000002d7787f sp=0x0000000002c29610 mode 0


Dynamic libraries:
0x00007ff730ab0000 - 0x00007ff730ae7000 	C:\Program Files\Java\jdk1.8.0_111\bin\java.exe
0x00007ffe13990000 - 0x00007ffe13b85000 	C:\WINDOWS\SYSTEM32\ntdll.dll
0x00007ffe134b0000 - 0x00007ffe1356d000 	C:\WINDOWS\System32\KERNEL32.DLL
0x00007ffe11680000 - 0x00007ffe11947000 	C:\WINDOWS\System32\KERNELBASE.dll
0x00007ffe13570000 - 0x00007ffe1361a000 	C:\WINDOWS\System32\ADVAPI32.dll
0x00007ffe12040000 - 0x00007ffe120de000 	C:\WINDOWS\System32\msvcrt.dll
0x00007ffe12770000 - 0x00007ffe1280b000 	C:\WINDOWS\System32\sechost.dll
0x00007ffe119f0000 - 0x00007ffe11b14000 	C:\WINDOWS\System32\RPCRT4.dll
0x00007ffe11b20000 - 0x00007ffe11cc0000 	C:\WINDOWS\System32\USER32.dll
0x00007ffe11550000 - 0x00007ffe11572000 	C:\WINDOWS\System32\win32u.dll
0x00007ffe11d20000 - 0x00007ffe11d4a000 	C:\WINDOWS\System32\GDI32.dll
0x00007ffe11310000 - 0x00007ffe11419000 	C:\WINDOWS\System32\gdi32full.dll
0x00007ffe11950000 - 0x00007ffe119ed000 	C:\WINDOWS\System32\msvcp_win.dll
0x00007ffe11580000 - 0x00007ffe11680000 	C:\WINDOWS\System32\ucrtbase.dll
0x00007ffdfd660000 - 0x00007ffdfd8fb000 	C:\WINDOWS\WinSxS\amd64_microsoft.windows.common-controls_6595b64144ccf1df_6.0.19041.488_none_ca04af081b815d21\COMCTL32.dll
0x00007ffe11d60000 - 0x00007ffe11d90000 	C:\WINDOWS\System32\IMM32.DLL
0x000000006a870000 - 0x000000006a942000 	C:\Program Files\Java\jdk1.8.0_111\jre\bin\msvcr100.dll
0x0000000069850000 - 0x000000006a0ea000 	C:\Program Files\Java\jdk1.8.0_111\jre\bin\server\jvm.dll
0x00007ffe11d50000 - 0x00007ffe11d58000 	C:\WINDOWS\System32\PSAPI.DLL
0x00007ffdfc120000 - 0x00007ffdfc129000 	C:\WINDOWS\SYSTEM32\WSOCK32.dll
0x00007ffe12580000 - 0x00007ffe125eb000 	C:\WINDOWS\System32\WS2_32.dll
0x00007ffdff730000 - 0x00007ffdff757000 	C:\WINDOWS\SYSTEM32\WINMM.dll
0x00007ffe0a320000 - 0x00007ffe0a32a000 	C:\WINDOWS\SYSTEM32\VERSION.dll
0x000000006bcf0000 - 0x000000006bcff000 	C:\Program Files\Java\jdk1.8.0_111\jre\bin\verify.dll
0x000000006a800000 - 0x000000006a829000 	C:\Program Files\Java\jdk1.8.0_111\jre\bin\java.dll
0x000000006a7e0000 - 0x000000006a7f6000 	C:\Program Files\Java\jdk1.8.0_111\jre\bin\zip.dll
0x00007ffe12d60000 - 0x00007ffe134a1000 	C:\WINDOWS\System32\SHELL32.dll
0x00007ffe0ee60000 - 0x00007ffe0f5f3000 	C:\WINDOWS\SYSTEM32\windows.storage.dll
0x00007ffe12220000 - 0x00007ffe12575000 	C:\WINDOWS\System32\combase.dll
0x00007ffe10b40000 - 0x00007ffe10b6c000 	C:\WINDOWS\SYSTEM32\Wldp.dll
0x00007ffe12170000 - 0x00007ffe1221e000 	C:\WINDOWS\System32\SHCORE.dll
0x00007ffe11cc0000 - 0x00007ffe11d15000 	C:\WINDOWS\System32\shlwapi.dll
0x00007ffe11000000 - 0x00007ffe11026000 	C:\WINDOWS\SYSTEM32\profapi.dll
0x00007ffe016e0000 - 0x00007ffe016ea000 	C:\Program Files\NetBeans-12.0\netbeans\java\maven\lib\jansi-native\windows64\jansi.dll
0x000000006a7c0000 - 0x000000006a7da000 	C:\Program Files\Java\jdk1.8.0_111\jre\bin\net.dll
0x00007ffe108c0000 - 0x00007ffe1092a000 	C:\WINDOWS\system32\mswsock.dll
0x000000006a7a0000 - 0x000000006a7b1000 	C:\Program Files\Java\jdk1.8.0_111\jre\bin\nio.dll
0x00000000695e0000 - 0x0000000069604000 	C:\Program Files\Java\jdk1.8.0_111\jre\bin\sunec.dll
0x00007ffe10aa0000 - 0x00007ffe10ab8000 	C:\WINDOWS\SYSTEM32\CRYPTSP.dll
0x00007ffe101e0000 - 0x00007ffe10214000 	C:\WINDOWS\system32\rsaenh.dll
0x00007ffe11520000 - 0x00007ffe11547000 	C:\WINDOWS\System32\bcrypt.dll
0x00007ffe10fc0000 - 0x00007ffe10fee000 	C:\WINDOWS\SYSTEM32\USERENV.dll
0x00007ffe110d0000 - 0x00007ffe1114f000 	C:\WINDOWS\System32\bcryptprimitives.dll
0x00007ffe10a90000 - 0x00007ffe10a9c000 	C:\WINDOWS\SYSTEM32\CRYPTBASE.dll
0x00007ffe10560000 - 0x00007ffe1059b000 	C:\WINDOWS\SYSTEM32\IPHLPAPI.DLL
0x00007ffe120e0000 - 0x00007ffe120e9000 	C:\WINDOWS\System32\NSI.dll

VM Arguments:
jvm_args: -Dclassworlds.conf=C:\Program Files\NetBeans-12.0\netbeans\java\maven\bin\..\bin\m2.conf -Dmaven.home=C:\Program Files\NetBeans-12.0\netbeans\java\maven\bin\.. -Dlibrary.jansi.path=C:\Program Files\NetBeans-12.0\netbeans\java\maven\bin\..\lib\jansi-native -Dmaven.multiModuleProjectDirectory=C:\Dev\tutorial08 
java_command: org.codehaus.plexus.classworlds.launcher.Launcher -Dmaven.ext.class.path=C:\Users\Feri Winarta\AppData\Roaming\NetBeans\12.0\maven-nblib\netbeans-eventspy.jar -Dfile.encoding=UTF-8 install
java_class_path (initial): C:\Program Files\NetBeans-12.0\netbeans\java\maven\bin\..\boot\plexus-classworlds-2.6.0.jar
Launcher Type: SUN_STANDARD

Environment Variables:
JAVA_HOME=C:\Program Files\Java\jdk1.8.0_111
PATH=C:\Program Files (x86)\Common Files\Oracle\Java\javapath;C:\ProgramData\Oracle\Java\javapath;C:\Program Files (x86)\Common Files\Intel\Shared Files\cpp\bin\Intel64;C:\Program Files (x86)\Intel\iCLS Client\;C:\Program Files\Intel\iCLS Client\;C:\Windows\system32;C:\Windows;C:\Windows\System32\Wbem;C:\Windows\System32\WindowsPowerShell\v1.0\;C:\Program Files (x86)\Intel\Intel(R) Management Engine Components\DAL;C:\Program Files\Intel\Intel(R) Management Engine Components\DAL;C:\Program Files (x86)\Intel\Intel(R) Management Engine Components\IPT;C:\Program Files\Intel\Intel(R) Management Engine Components\IPT;C:\Program Files (x86)\NVIDIA Corporation\PhysX\Common;C:\WINDOWS\system32;C:\WINDOWS;C:\WINDOWS\System32\Wbem;C:\WINDOWS\System32\WindowsPowerShell\v1.0\;C:\WINDOWS\System32\OpenSSH\;C:\Program Files\NVIDIA Corporation\NVIDIA NvDLISR;C:\Program Files\Microsoft VS Code\bin;C:\Program Files\Java\jdk1.8.0_111\bin;C:\Users\Feri Winarta\AppData\Local\Microsoft\WindowsApps;
USERNAME=Feri Winarta
OS=Windows_NT
PROCESSOR_IDENTIFIER=Intel64 Family 6 Model 142 Stepping 10, GenuineIntel



---------------  S Y S T E M  ---------------

OS: Windows 10.0 , 64 bit Build 19041 (10.0.19041.292)

CPU:total 8 (4 cores per cpu, 2 threads per core) family 6 model 142 stepping 10, cmov, cx8, fxsr, mmx, sse, sse2, sse3, ssse3, sse4.1, sse4.2, popcnt, avx, avx2, aes, clmul, erms, 3dnowpref, lzcnt, ht, tsc, tscinvbit, bmi1, bmi2, adx

Memory: 4k page, physical 4078220k(218036k free), swap 12366140k(32k free)

vm_info: Java HotSpot(TM) 64-Bit Server VM (25.111-b14) for windows-amd64 JRE (1.8.0_111-b14), built on Sep 22 2016 19:24:05 by "java_re" with MS VC++ 10.0 (VS2010)

time: Fri Sep 25 19:18:20 2020
elapsed time: 52 seconds (0d 0h 0m 52s)

