#
# There is insufficient memory for the Java Runtime Environment to continue.
# Native memory allocation (malloc) failed to allocate 32744 bytes for ChunkPool::allocate
# Possible reasons:
#   The system is out of physical RAM or swap space
#   In 32 bit mode, the process size limit was hit
# Possible solutions:
#   Reduce memory load on the system
#   Increase physical memory or swap space
#   Check if swap backing store is full
#   Use 64 bit Java on a 64 bit OS
#   Decrease Java heap size (-Xmx/-Xms)
#   Decrease number of Java threads
#   Decrease Java thread stack sizes (-Xss)
#   Set larger code cache with -XX:ReservedCodeCacheSize=
# This output file may be truncated or incomplete.
#
#  Out of Memory Error (allocation.cpp:273), pid=18672, tid=0x0000000000004624
#
# JRE version: Java(TM) SE Runtime Environment (8.0_111-b14) (build 1.8.0_111-b14)
# Java VM: Java HotSpot(TM) 64-Bit Server VM (25.111-b14 mixed mode windows-amd64 compressed oops)
# Failed to write core dump. Minidumps are not enabled by default on client versions of Windows
#

---------------  T H R E A D  ---------------

Current thread (0x0000000016efb800):  JavaThread "C2 CompilerThread0" daemon [_thread_in_native, id=17956, stack(0x00000000176d0000,0x00000000177d0000)]

Stack: [0x00000000176d0000,0x00000000177d0000]
[error occurred during error reporting (printing stack bounds), id 0xc0000005]

Native frames: (J=compiled Java code, j=interpreted, Vv=VM code, C=native code)


Current CompileTask:
C2:  33547 1523       4       java.net.URLClassLoader$1::run (5 bytes)


---------------  P R O C E S S  ---------------

Java Threads: ( => current thread )
  0x0000000016f95000 JavaThread "Service Thread" daemon [_thread_blocked, id=20348, stack(0x0000000017ad0000,0x0000000017bd0000)]
  0x0000000016f09800 JavaThread "C1 CompilerThread3" daemon [_thread_blocked, id=17020, stack(0x00000000179d0000,0x0000000017ad0000)]
  0x0000000016f02800 JavaThread "C2 CompilerThread2" daemon [_thread_blocked, id=19040, stack(0x00000000178d0000,0x00000000179d0000)]
  0x0000000016efd800 JavaThread "C2 CompilerThread1" daemon [_thread_in_native, id=18968, stack(0x00000000177d0000,0x00000000178d0000)]
=>0x0000000016efb800 JavaThread "C2 CompilerThread0" daemon [_thread_in_native, id=17956, stack(0x00000000176d0000,0x00000000177d0000)]
  0x0000000016ef8800 JavaThread "Attach Listener" daemon [_thread_blocked, id=11868, stack(0x00000000175d0000,0x00000000176d0000)]
  0x0000000016ef7000 JavaThread "Signal Dispatcher" daemon [_thread_blocked, id=20288, stack(0x00000000174d0000,0x00000000175d0000)]
  0x0000000016ef0800 JavaThread "Finalizer" daemon [_thread_blocked, id=23116, stack(0x00000000172d0000,0x00000000173d0000)]
  0x00000000025c8000 JavaThread "Reference Handler" daemon [_thread_blocked, id=22132, stack(0x0000000016dd0000,0x0000000016ed0000)]
  0x000000000236e000 JavaThread "main" [_thread_in_native, id=21088, stack(0x0000000002370000,0x0000000002470000)]

Other Threads:
  0x0000000014fea800 VMThread [stack: 0x0000000016cd0000,0x0000000016dd0000] [id=10136]
  0x0000000016f9c800 WatcherThread [stack: 0x0000000017bd0000,0x0000000017cd0000] [id=17092]

VM state:not at safepoint (normal execution)

VM Mutex/Monitor currently owned by a thread: None

Heap:
 PSYoungGen      total 18944K, used 18662K [0x00000000eb400000, 0x00000000ed700000, 0x0000000100000000)
  eden space 16384K, 98% used [0x00000000eb400000,0x00000000ec3bd810,0x00000000ec400000)
  from space 2560K, 99% used [0x00000000ed480000,0x00000000ed6fc010,0x00000000ed700000)
  to   space 2560K, 0% used [0x00000000ec400000,0x00000000ec400000,0x00000000ec680000)
 ParOldGen       total 44032K, used 5470K [0x00000000c1c00000, 0x00000000c4700000, 0x00000000eb400000)
  object space 44032K, 12% used [0x00000000c1c00000,0x00000000c2157930,0x00000000c4700000)
 Metaspace       used 13436K, capacity 13630K, committed 13824K, reserved 1060864K
  class space    used 1678K, capacity 1778K, committed 1792K, reserved 1048576K

Card table byte_map: [0x0000000011990000,0x0000000011b90000] byte_map_base: 0x0000000011382000

Marking Bits: (ParMarkBitMap*) 0x000000006a06a6c0
 Begin Bits: [0x00000000124e0000, 0x0000000013470000)
 End Bits:   [0x0000000013470000, 0x0000000014400000)

Polling page: 0x0000000000b20000

CodeCache: size=245760Kb used=5148Kb max_used=5151Kb free=240611Kb
 bounds [0x00000000025d0000, 0x0000000002ae0000, 0x00000000115d0000]
 total_blobs=1847 nmethods=1514 adapters=245
 compilation: enabled

Compilation events (10 events):
Event: 26.752 Thread 0x0000000016f09800 nmethod 1518 0x0000000002ad9410 code [0x0000000002ad95a0, 0x0000000002ad9838]
Event: 27.954 Thread 0x0000000016f02800 1519 %     4       sun.nio.cs.UTF_8$Decoder::decode @ 20 (779 bytes)
Event: 27.954 Thread 0x0000000016f09800 1520       3       java.util.regex.Pattern$Dot::isSatisfiedBy (34 bytes)
Event: 27.955 Thread 0x0000000016f09800 nmethod 1520 0x0000000002ad8fd0 code [0x0000000002ad9140, 0x0000000002ad93b0]
Event: 27.957 Thread 0x0000000016efd800 1521       4       java.lang.String::toCharArray (25 bytes)
Event: 27.959 Thread 0x0000000016efd800 nmethod 1521 0x0000000002ad7790 code [0x0000000002ad78e0, 0x0000000002ad7a18]
Event: 27.961 Thread 0x0000000016f02800 nmethod 1519% 0x0000000002adb210 code [0x0000000002adb360, 0x0000000002adb778]
Event: 28.026 Thread 0x0000000016f09800 1522   !   3       java.util.WeakHashMap::expungeStaleEntries (139 bytes)
Event: 28.027 Thread 0x0000000016efb800 1523       4       java.net.URLClassLoader$1::run (5 bytes)
Event: 28.027 Thread 0x0000000016f09800 nmethod 1522 0x0000000002ad7cd0 code [0x0000000002ad7ea0, 0x0000000002ad89a8]

GC Heap History (8 events):
Event: 10.500 GC heap before
{Heap before GC invocations=1 (full 0):
 PSYoungGen      total 18944K, used 16384K [0x00000000eb400000, 0x00000000ec900000, 0x0000000100000000)
  eden space 16384K, 100% used [0x00000000eb400000,0x00000000ec400000,0x00000000ec400000)
  from space 2560K, 0% used [0x00000000ec680000,0x00000000ec680000,0x00000000ec900000)
  to   space 2560K, 0% used [0x00000000ec400000,0x00000000ec400000,0x00000000ec680000)
 ParOldGen       total 44032K, used 0K [0x00000000c1c00000, 0x00000000c4700000, 0x00000000eb400000)
  object space 44032K, 0% used [0x00000000c1c00000,0x00000000c1c00000,0x00000000c4700000)
 Metaspace       used 6860K, capacity 6972K, committed 7040K, reserved 1056768K
  class space    used 789K, capacity 856K, committed 896K, reserved 1048576K
Event: 10.616 GC heap after
Heap after GC invocations=1 (full 0):
 PSYoungGen      total 18944K, used 2545K [0x00000000eb400000, 0x00000000ed900000, 0x0000000100000000)
  eden space 16384K, 0% used [0x00000000eb400000,0x00000000eb400000,0x00000000ec400000)
  from space 2560K, 99% used [0x00000000ec400000,0x00000000ec67c4a0,0x00000000ec680000)
  to   space 2560K, 0% used [0x00000000ed680000,0x00000000ed680000,0x00000000ed900000)
 ParOldGen       total 44032K, used 1098K [0x00000000c1c00000, 0x00000000c4700000, 0x00000000eb400000)
  object space 44032K, 2% used [0x00000000c1c00000,0x00000000c1d12bd8,0x00000000c4700000)
 Metaspace       used 6860K, capacity 6972K, committed 7040K, reserved 1056768K
  class space    used 789K, capacity 856K, committed 896K, reserved 1048576K
}
Event: 12.584 GC heap before
{Heap before GC invocations=2 (full 0):
 PSYoungGen      total 18944K, used 18929K [0x00000000eb400000, 0x00000000ed900000, 0x0000000100000000)
  eden space 16384K, 100% used [0x00000000eb400000,0x00000000ec400000,0x00000000ec400000)
  from space 2560K, 99% used [0x00000000ec400000,0x00000000ec67c4a0,0x00000000ec680000)
  to   space 2560K, 0% used [0x00000000ed680000,0x00000000ed680000,0x00000000ed900000)
 ParOldGen       total 44032K, used 1098K [0x00000000c1c00000, 0x00000000c4700000, 0x00000000eb400000)
  object space 44032K, 2% used [0x00000000c1c00000,0x00000000c1d12bd8,0x00000000c4700000)
 Metaspace       used 8254K, capacity 8380K, committed 8576K, reserved 1056768K
  class space    used 1001K, capacity 1048K, committed 1152K, reserved 1048576K
Event: 12.588 GC heap after
Heap after GC invocations=2 (full 0):
 PSYoungGen      total 18944K, used 2558K [0x00000000eb400000, 0x00000000ed900000, 0x0000000100000000)
  eden space 16384K, 0% used [0x00000000eb400000,0x00000000eb400000,0x00000000ec400000)
  from space 2560K, 99% used [0x00000000ed680000,0x00000000ed8ff960,0x00000000ed900000)
  to   space 2560K, 0% used [0x00000000ec400000,0x00000000ec400000,0x00000000ec680000)
 ParOldGen       total 44032K, used 1570K [0x00000000c1c00000, 0x00000000c4700000, 0x00000000eb400000)
  object space 44032K, 3% used [0x00000000c1c00000,0x00000000c1d889d8,0x00000000c4700000)
 Metaspace       used 8254K, capacity 8380K, committed 8576K, reserved 1056768K
  class space    used 1001K, capacity 1048K, committed 1152K, reserved 1048576K
}
Event: 14.768 GC heap before
{Heap before GC invocations=3 (full 0):
 PSYoungGen      total 18944K, used 18942K [0x00000000eb400000, 0x00000000ed900000, 0x0000000100000000)
  eden space 16384K, 100% used [0x00000000eb400000,0x00000000ec400000,0x00000000ec400000)
  from space 2560K, 99% used [0x00000000ed680000,0x00000000ed8ff960,0x00000000ed900000)
  to   space 2560K, 0% used [0x00000000ec400000,0x00000000ec400000,0x00000000ec680000)
 ParOldGen       total 44032K, used 1570K [0x00000000c1c00000, 0x00000000c4700000, 0x00000000eb400000)
  object space 44032K, 3% used [0x00000000c1c00000,0x00000000c1d889d8,0x00000000c4700000)
 Metaspace       used 9710K, capacity 9852K, committed 9984K, reserved 1058816K
  class space    used 1175K, capacity 1216K, committed 1280K, reserved 1048576K
Event: 14.781 GC heap after
Heap after GC invocations=3 (full 0):
 PSYoungGen      total 18944K, used 2551K [0x00000000eb400000, 0x00000000ed700000, 0x0000000100000000)
  eden space 16384K, 0% used [0x00000000eb400000,0x00000000eb400000,0x00000000ec400000)
  from space 2560K, 99% used [0x00000000ec400000,0x00000000ec67dfe8,0x00000000ec680000)
  to   space 2560K, 0% used [0x00000000ed480000,0x00000000ed480000,0x00000000ed700000)
 ParOldGen       total 44032K, used 3426K [0x00000000c1c00000, 0x00000000c4700000, 0x00000000eb400000)
  object space 44032K, 7% used [0x00000000c1c00000,0x00000000c1f58b10,0x00000000c4700000)
 Metaspace       used 9710K, capacity 9852K, committed 9984K, reserved 1058816K
  class space    used 1175K, capacity 1216K, committed 1280K, reserved 1048576K
}
Event: 17.980 GC heap before
{Heap before GC invocations=4 (full 0):
 PSYoungGen      total 18944K, used 18935K [0x00000000eb400000, 0x00000000ed700000, 0x0000000100000000)
  eden space 16384K, 100% used [0x00000000eb400000,0x00000000ec400000,0x00000000ec400000)
  from space 2560K, 99% used [0x00000000ec400000,0x00000000ec67dfe8,0x00000000ec680000)
  to   space 2560K, 0% used [0x00000000ed480000,0x00000000ed480000,0x00000000ed700000)
 ParOldGen       total 44032K, used 3426K [0x00000000c1c00000, 0x00000000c4700000, 0x00000000eb400000)
  object space 44032K, 7% used [0x00000000c1c00000,0x00000000c1f58b10,0x00000000c4700000)
 Metaspace       used 11532K, capacity 11740K, committed 11904K, reserved 1058816K
  class space    used 1430K, capacity 1543K, committed 1664K, reserved 1048576K
Event: 17.987 GC heap after
Heap after GC invocations=4 (full 0):
 PSYoungGen      total 18944K, used 2544K [0x00000000eb400000, 0x00000000ed700000, 0x0000000100000000)
  eden space 16384K, 0% used [0x00000000eb400000,0x00000000eb400000,0x00000000ec400000)
  from space 2560K, 99% used [0x00000000ed480000,0x00000000ed6fc010,0x00000000ed700000)
  to   space 2560K, 0% used [0x00000000ec400000,0x00000000ec400000,0x00000000ec680000)
 ParOldGen       total 44032K, used 5470K [0x00000000c1c00000, 0x00000000c4700000, 0x00000000eb400000)
  object space 44032K, 12% used [0x00000000c1c00000,0x00000000c2157930,0x00000000c4700000)
 Metaspace       used 11532K, capacity 11740K, committed 11904K, reserved 1058816K
  class space    used 1430K, capacity 1543K, committed 1664K, reserved 1048576K
}

Deoptimization events (6 events):
Event: 10.079 Thread 0x000000000236e000 Uncommon trap: reason=unstable_if action=reinterpret pc=0x000000000274a208 method=java.lang.String.indexOf([CII[CIII)I @ 3
Event: 12.059 Thread 0x000000000236e000 Uncommon trap: reason=unstable_if action=reinterpret pc=0x000000000287204c method=org.codehaus.plexus.util.xml.pull.MXParser.nextImpl()I @ 200
Event: 12.611 Thread 0x000000000236e000 Uncommon trap: reason=range_check action=make_not_entrant pc=0x00000000028d68e0 method=sun.reflect.generics.parser.SignatureParser.current()C @ 34
Event: 22.914 Thread 0x000000000236e000 Uncommon trap: reason=unstable_if action=reinterpret pc=0x0000000002a52e1c method=java.lang.ref.ReferenceQueue.poll()Ljava/lang/ref/Reference; @ 4
Event: 26.745 Thread 0x000000000236e000 Uncommon trap: reason=unstable_if action=reinterpret pc=0x0000000002aad890 method=org.eclipse.sisu.inject.InjectorBindings.isAssignableFrom(Lcom/google/inject/TypeLiteral;Lcom/google/inject/Binding;)Z @ 14
Event: 28.021 Thread 0x000000000236e000 Uncommon trap: reason=unstable_if action=reinterpret pc=0x00000000028a41fc method=org.codehaus.plexus.util.xml.pull.MXParser.nextImpl()I @ 269

Internal exceptions (10 events):
Event: 3.071 Thread 0x000000000236e000 Exception <a 'java/security/PrivilegedActionException'> (0x00000000eb84bd08) thrown at [C:\re\workspace\8-2-build-windows-amd64-cygwin\jdk8u111\7883\hotspot\src\share\vm\prims\jvm.cpp, line 1386]
Event: 11.285 Thread 0x000000000236e000 Exception <a 'java/lang/ArrayIndexOutOfBoundsException'> (0x00000000eb778c48) thrown at [C:\re\workspace\8-2-build-windows-amd64-cygwin\jdk8u111\7883\hotspot\src\share\vm\runtime\sharedRuntime.cpp, line 605]
Event: 11.291 Thread 0x000000000236e000 Exception <a 'java/lang/ArrayIndexOutOfBoundsException'> (0x00000000eb796058) thrown at [C:\re\workspace\8-2-build-windows-amd64-cygwin\jdk8u111\7883\hotspot\src\share\vm\runtime\sharedRuntime.cpp, line 605]
Event: 11.492 Thread 0x000000000236e000 Exception <a 'java/lang/ArrayIndexOutOfBoundsException'> (0x00000000eb7da008) thrown at [C:\re\workspace\8-2-build-windows-amd64-cygwin\jdk8u111\7883\hotspot\src\share\vm\runtime\sharedRuntime.cpp, line 605]
Event: 12.130 Thread 0x000000000236e000 Exception <a 'java/lang/ArrayIndexOutOfBoundsException'> (0x00000000ec20a1f0) thrown at [C:\re\workspace\8-2-build-windows-amd64-cygwin\jdk8u111\7883\hotspot\src\share\vm\runtime\sharedRuntime.cpp, line 605]
Event: 12.462 Thread 0x000000000236e000 Exception <a 'java/lang/ArrayIndexOutOfBoundsException'> (0x00000000ec20bd80) thrown at [C:\re\workspace\8-2-build-windows-amd64-cygwin\jdk8u111\7883\hotspot\src\share\vm\runtime\sharedRuntime.cpp, line 605]
Event: 12.611 Thread 0x000000000236e000 Exception <a 'java/lang/ArrayIndexOutOfBoundsException': 66> (0x00000000eb539410) thrown at [C:\re\workspace\8-2-build-windows-amd64-cygwin\jdk8u111\7883\hotspot\src\share\vm\interpreter\interpreterRuntime.cpp, line 366]
Event: 22.890 Thread 0x000000000236e000 Exception <a 'java/lang/NoClassDefFoundError': com/google/inject/servlet/ServletModuleTargetVisitor> (0x00000000ebe05ac8) thrown at [C:\re\workspace\8-2-build-windows-amd64-cygwin\jdk8u111\7883\hotspot\src\share\vm\classfile\systemDictionary.cpp, line 199
Event: 22.891 Thread 0x000000000236e000 Exception <a 'java/lang/NoClassDefFoundError'> (0x00000000ebe05ac8) thrown at [C:\re\workspace\8-2-build-windows-amd64-cygwin\jdk8u111\7883\hotspot\src\share\vm\prims\jvm.cpp, line 1390]
Event: 22.892 Thread 0x000000000236e000 Exception <a 'java/lang/NoClassDefFoundError': javax/annotation/Priority> (0x00000000ebe0ab38) thrown at [C:\re\workspace\8-2-build-windows-amd64-cygwin\jdk8u111\7883\hotspot\src\share\vm\classfile\systemDictionary.cpp, line 199]

Events (10 events):
Event: 28.027 loading class org/codehaus/plexus/interpolation/os/OperatingSystemUtils
Event: 28.027 loading class org/codehaus/plexus/interpolation/os/OperatingSystemUtils done
Event: 28.027 loading class org/codehaus/plexus/interpolation/os/OperatingSystemUtils$EnvVarSource
Event: 28.027 loading class org/codehaus/plexus/interpolation/os/OperatingSystemUtils$EnvVarSource done
Event: 28.027 loading class org/codehaus/plexus/interpolation/os/OperatingSystemUtils$DefaultEnvVarSource
Event: 28.027 loading class org/codehaus/plexus/interpolation/os/OperatingSystemUtils$DefaultEnvVarSource done
Event: 28.027 loading class java/lang/ProcessEnvironment$CheckedKeySet
Event: 29.091 loading class java/lang/ProcessEnvironment$CheckedKeySet done
Event: 29.092 loading class org/apache/maven/settings/building/DefaultSettingsBuilder$1
Event: 29.092 loading class org/apache/maven/settings/building/DefaultSettingsBuilder$1 done


Dynamic libraries:
0x00007ff730ab0000 - 0x00007ff730ae7000 	C:\Program Files\Java\jdk1.8.0_111\bin\java.exe
0x00007ffe13990000 - 0x00007ffe13b85000 	C:\WINDOWS\SYSTEM32\ntdll.dll
0x00007ffe134b0000 - 0x00007ffe1356d000 	C:\WINDOWS\System32\KERNEL32.DLL
0x00007ffe11680000 - 0x00007ffe11947000 	C:\WINDOWS\System32\KERNELBASE.dll
0x00007ffe13570000 - 0x00007ffe1361a000 	C:\WINDOWS\System32\ADVAPI32.dll
0x00007ffe12040000 - 0x00007ffe120de000 	C:\WINDOWS\System32\msvcrt.dll
0x00007ffe12770000 - 0x00007ffe1280b000 	C:\WINDOWS\System32\sechost.dll
0x00007ffe119f0000 - 0x00007ffe11b14000 	C:\WINDOWS\System32\RPCRT4.dll
0x00007ffe11b20000 - 0x00007ffe11cc0000 	C:\WINDOWS\System32\USER32.dll
0x00007ffe11550000 - 0x00007ffe11572000 	C:\WINDOWS\System32\win32u.dll
0x00007ffe11d20000 - 0x00007ffe11d4a000 	C:\WINDOWS\System32\GDI32.dll
0x00007ffe11310000 - 0x00007ffe11419000 	C:\WINDOWS\System32\gdi32full.dll
0x00007ffe11950000 - 0x00007ffe119ed000 	C:\WINDOWS\System32\msvcp_win.dll
0x00007ffe11580000 - 0x00007ffe11680000 	C:\WINDOWS\System32\ucrtbase.dll
0x00007ffdfd660000 - 0x00007ffdfd8fb000 	C:\WINDOWS\WinSxS\amd64_microsoft.windows.common-controls_6595b64144ccf1df_6.0.19041.488_none_ca04af081b815d21\COMCTL32.dll
0x00007ffe11d60000 - 0x00007ffe11d90000 	C:\WINDOWS\System32\IMM32.DLL
0x000000006a870000 - 0x000000006a942000 	C:\Program Files\Java\jdk1.8.0_111\jre\bin\msvcr100.dll
0x0000000069850000 - 0x000000006a0ea000 	C:\Program Files\Java\jdk1.8.0_111\jre\bin\server\jvm.dll
0x00007ffe11d50000 - 0x00007ffe11d58000 	C:\WINDOWS\System32\PSAPI.DLL
0x00007ffe0a320000 - 0x00007ffe0a32a000 	C:\WINDOWS\SYSTEM32\VERSION.dll
0x00007ffdfc120000 - 0x00007ffdfc129000 	C:\WINDOWS\SYSTEM32\WSOCK32.dll
0x00007ffdff730000 - 0x00007ffdff757000 	C:\WINDOWS\SYSTEM32\WINMM.dll
0x00007ffe12580000 - 0x00007ffe125eb000 	C:\WINDOWS\System32\WS2_32.dll
0x000000006bcf0000 - 0x000000006bcff000 	C:\Program Files\Java\jdk1.8.0_111\jre\bin\verify.dll
0x000000006a800000 - 0x000000006a829000 	C:\Program Files\Java\jdk1.8.0_111\jre\bin\java.dll
0x000000006a7e0000 - 0x000000006a7f6000 	C:\Program Files\Java\jdk1.8.0_111\jre\bin\zip.dll
0x00007ffe12d60000 - 0x00007ffe134a1000 	C:\WINDOWS\System32\SHELL32.dll
0x00007ffe0ee60000 - 0x00007ffe0f5f3000 	C:\WINDOWS\SYSTEM32\windows.storage.dll
0x00007ffe12220000 - 0x00007ffe12575000 	C:\WINDOWS\System32\combase.dll
0x00007ffe10b40000 - 0x00007ffe10b6c000 	C:\WINDOWS\SYSTEM32\Wldp.dll
0x00007ffe12170000 - 0x00007ffe1221e000 	C:\WINDOWS\System32\SHCORE.dll
0x00007ffe11cc0000 - 0x00007ffe11d15000 	C:\WINDOWS\System32\shlwapi.dll
0x00007ffe11000000 - 0x00007ffe11026000 	C:\WINDOWS\SYSTEM32\profapi.dll
0x00007ffe016e0000 - 0x00007ffe016ea000 	C:\Program Files\NetBeans-12.0\netbeans\java\maven\lib\jansi-native\windows64\jansi.dll

VM Arguments:
jvm_args: -Dclassworlds.conf=C:\Program Files\NetBeans-12.0\netbeans\java\maven\bin\..\bin\m2.conf -Dmaven.home=C:\Program Files\NetBeans-12.0\netbeans\java\maven\bin\.. -Dlibrary.jansi.path=C:\Program Files\NetBeans-12.0\netbeans\java\maven\bin\..\lib\jansi-native -Dmaven.multiModuleProjectDirectory=C:\Dev\tutorial08 
java_command: org.codehaus.plexus.classworlds.launcher.Launcher -Dmaven.ext.class.path=C:\Users\Feri Winarta\AppData\Roaming\NetBeans\12.0\maven-nblib\netbeans-eventspy.jar -Dfile.encoding=UTF-8 install
java_class_path (initial): C:\Program Files\NetBeans-12.0\netbeans\java\maven\bin\..\boot\plexus-classworlds-2.6.0.jar
Launcher Type: SUN_STANDARD

Environment Variables:
JAVA_HOME=C:\Program Files\Java\jdk1.8.0_111
PATH=C:\Program Files (x86)\Common Files\Oracle\Java\javapath;C:\ProgramData\Oracle\Java\javapath;C:\Program Files (x86)\Common Files\Intel\Shared Files\cpp\bin\Intel64;C:\Program Files (x86)\Intel\iCLS Client\;C:\Program Files\Intel\iCLS Client\;C:\Windows\system32;C:\Windows;C:\Windows\System32\Wbem;C:\Windows\System32\WindowsPowerShell\v1.0\;C:\Program Files (x86)\Intel\Intel(R) Management Engine Components\DAL;C:\Program Files\Intel\Intel(R) Management Engine Components\DAL;C:\Program Files (x86)\Intel\Intel(R) Management Engine Components\IPT;C:\Program Files\Intel\Intel(R) Management Engine Components\IPT;C:\Program Files (x86)\NVIDIA Corporation\PhysX\Common;C:\WINDOWS\system32;C:\WINDOWS;C:\WINDOWS\System32\Wbem;C:\WINDOWS\System32\WindowsPowerShell\v1.0\;C:\WINDOWS\System32\OpenSSH\;C:\Program Files\NVIDIA Corporation\NVIDIA NvDLISR;C:\Program Files\Microsoft VS Code\bin;C:\Program Files\Java\jdk1.8.0_111\bin;C:\Users\Feri Winarta\AppData\Local\Microsoft\WindowsApps;
USERNAME=Feri Winarta
OS=Windows_NT
PROCESSOR_IDENTIFIER=Intel64 Family 6 Model 142 Stepping 10, GenuineIntel



---------------  S Y S T E M  ---------------

OS: Windows 10.0 , 64 bit Build 19041 (10.0.19041.292)

CPU:total 8 (4 cores per cpu, 2 threads per core) family 6 model 142 stepping 10, cmov, cx8, fxsr, mmx, sse, sse2, sse3, ssse3, sse4.1, sse4.2, popcnt, avx, avx2, aes, clmul, erms, 3dnowpref, lzcnt, ht, tsc, tscinvbit, bmi1, bmi2, adx

Memory: 4k page, physical 4078220k(225056k free), swap 12366140k(0k free)

vm_info: Java HotSpot(TM) 64-Bit Server VM (25.111-b14) for windows-amd64 JRE (1.8.0_111-b14), built on Sep 22 2016 19:24:05 by "java_re" with MS VC++ 10.0 (VS2010)

time: Fri Sep 25 19:18:18 2020
elapsed time: 35 seconds (0d 0h 0m 35s)

