#
# There is insufficient memory for the Java Runtime Environment to continue.
# Native memory allocation (malloc) failed to allocate 32744 bytes for ChunkPool::allocate
# Possible reasons:
#   The system is out of physical RAM or swap space
#   In 32 bit mode, the process size limit was hit
# Possible solutions:
#   Reduce memory load on the system
#   Increase physical memory or swap space
#   Check if swap backing store is full
#   Use 64 bit Java on a 64 bit OS
#   Decrease Java heap size (-Xmx/-Xms)
#   Decrease number of Java threads
#   Decrease Java thread stack sizes (-Xss)
#   Set larger code cache with -XX:ReservedCodeCacheSize=
# This output file may be truncated or incomplete.
#
#  Out of Memory Error (allocation.cpp:273), pid=10412, tid=0x0000000000005bf4
#
# JRE version: Java(TM) SE Runtime Environment (8.0_111-b14) (build 1.8.0_111-b14)
# Java VM: Java HotSpot(TM) 64-Bit Server VM (25.111-b14 mixed mode windows-amd64 compressed oops)
# Failed to write core dump. Minidumps are not enabled by default on client versions of Windows
#

---------------  T H R E A D  ---------------

Current thread (0x000000001777c000):  JavaThread "C1 CompilerThread3" daemon [_thread_in_native, id=23540, stack(0x0000000018240000,0x0000000018340000)]

Stack: [0x0000000018240000,0x0000000018340000]
[error occurred during error reporting (printing stack bounds), id 0xc0000005]

Native frames: (J=compiled Java code, j=interpreted, Vv=VM code, C=native code)


Current CompileTask:
C1:  52289 2033   !   3       java.util.jar.Attributes::read (380 bytes)


---------------  P R O C E S S  ---------------

Java Threads: ( => current thread )
  0x0000000017786000 JavaThread "Service Thread" daemon [_thread_blocked, id=17024, stack(0x0000000018340000,0x0000000018440000)]
=>0x000000001777c000 JavaThread "C1 CompilerThread3" daemon [_thread_in_native, id=23540, stack(0x0000000018240000,0x0000000018340000)]
  0x0000000017772000 JavaThread "C2 CompilerThread2" daemon [_thread_blocked, id=16684, stack(0x0000000018140000,0x0000000018240000)]
  0x0000000017770000 JavaThread "C2 CompilerThread1" daemon [_thread_blocked, id=508, stack(0x0000000018040000,0x0000000018140000)]
  0x000000001776e000 JavaThread "C2 CompilerThread0" daemon [_thread_blocked, id=10684, stack(0x0000000017f40000,0x0000000018040000)]
  0x000000001776b000 JavaThread "Attach Listener" daemon [_thread_blocked, id=13048, stack(0x0000000017e40000,0x0000000017f40000)]
  0x000000001776a000 JavaThread "Signal Dispatcher" daemon [_thread_blocked, id=16900, stack(0x0000000017d40000,0x0000000017e40000)]
  0x0000000017761800 JavaThread "Finalizer" daemon [_thread_blocked, id=9760, stack(0x0000000017b40000,0x0000000017c40000)]
  0x0000000002e18000 JavaThread "Reference Handler" daemon [_thread_blocked, id=8764, stack(0x0000000017640000,0x0000000017740000)]
  0x0000000002c1e000 JavaThread "main" [_thread_in_native, id=21444, stack(0x0000000002c20000,0x0000000002d20000)]

Other Threads:
  0x000000001583a800 VMThread [stack: 0x0000000017540000,0x0000000017640000] [id=18852]
  0x00000000177f5000 WatcherThread [stack: 0x0000000018440000,0x0000000018540000] [id=19548]

VM state:not at safepoint (normal execution)

VM Mutex/Monitor currently owned by a thread: None

Heap:
 PSYoungGen      total 35328K, used 8429K [0x00000000eb400000, 0x00000000f0300000, 0x0000000100000000)
  eden space 32768K, 17% used [0x00000000eb400000,0x00000000eb9bf788,0x00000000ed400000)
  from space 2560K, 99% used [0x00000000ed400000,0x00000000ed67c030,0x00000000ed680000)
  to   space 7680K, 0% used [0x00000000efb80000,0x00000000efb80000,0x00000000f0300000)
 ParOldGen       total 44032K, used 10084K [0x00000000c1c00000, 0x00000000c4700000, 0x00000000eb400000)
  object space 44032K, 22% used [0x00000000c1c00000,0x00000000c25d9180,0x00000000c4700000)
 Metaspace       used 16889K, capacity 17182K, committed 17280K, reserved 1064960K
  class space    used 2041K, capacity 2148K, committed 2176K, reserved 1048576K

Card table byte_map: [0x00000000121e0000,0x00000000123e0000] byte_map_base: 0x0000000011bd2000

Marking Bits: (ParMarkBitMap*) 0x000000006a06a6c0
 Begin Bits: [0x0000000012d30000, 0x0000000013cc0000)
 End Bits:   [0x0000000013cc0000, 0x0000000014c50000)

Polling page: 0x0000000001270000

CodeCache: size=245760Kb used=6875Kb max_used=6892Kb free=238884Kb
 bounds [0x0000000002e20000, 0x00000000034f0000, 0x0000000011e20000]
 total_blobs=2387 nmethods=2019 adapters=280
 compilation: enabled

Compilation events (10 events):
Event: 33.013 Thread 0x000000001777c000 nmethod 2028 0x00000000034d6610 code [0x00000000034d6880, 0x00000000034d7888]
Event: 33.023 Thread 0x0000000017772000 nmethod 2025 0x00000000034db810 code [0x00000000034db980, 0x00000000034dc638]
Event: 33.600 Thread 0x000000001776e000 2029       4       java.util.Arrays::hashCode (44 bytes)
Event: 33.603 Thread 0x000000001776e000 nmethod 2029 0x00000000034d0450 code [0x00000000034d0580, 0x00000000034d06d8]
Event: 43.537 Thread 0x0000000017770000 2031       4       sun.nio.cs.SingleByte$Encoder::encode (32 bytes)
Event: 43.541 Thread 0x0000000017770000 nmethod 2031 0x00000000034d8790 code [0x00000000034d88e0, 0x00000000034d89f8]
Event: 47.706 Thread 0x000000001777c000 2032       3       java.util.jar.Manifest::toLower (24 bytes)
Event: 47.707 Thread 0x000000001777c000 nmethod 2032 0x00000000034d83d0 code [0x00000000034d8520, 0x00000000034d8710]
Event: 47.707 Thread 0x000000001777c000 2033   !   3       java.util.jar.Attributes::read (380 bytes)
Event: 47.708 Thread 0x000000001776e000 2035       4       sun.nio.cs.UTF_8$Decoder::decode (779 bytes)

GC Heap History (10 events):
Event: 1.474 GC heap before
{Heap before GC invocations=1 (full 0):
 PSYoungGen      total 18944K, used 16384K [0x00000000eb400000, 0x00000000ec900000, 0x0000000100000000)
  eden space 16384K, 100% used [0x00000000eb400000,0x00000000ec400000,0x00000000ec400000)
  from space 2560K, 0% used [0x00000000ec680000,0x00000000ec680000,0x00000000ec900000)
  to   space 2560K, 0% used [0x00000000ec400000,0x00000000ec400000,0x00000000ec680000)
 ParOldGen       total 44032K, used 0K [0x00000000c1c00000, 0x00000000c4700000, 0x00000000eb400000)
  object space 44032K, 0% used [0x00000000c1c00000,0x00000000c1c00000,0x00000000c4700000)
 Metaspace       used 6898K, capacity 7036K, committed 7296K, reserved 1056768K
  class space    used 790K, capacity 856K, committed 896K, reserved 1048576K
Event: 1.484 GC heap after
Heap after GC invocations=1 (full 0):
 PSYoungGen      total 18944K, used 2541K [0x00000000eb400000, 0x00000000ec900000, 0x0000000100000000)
  eden space 16384K, 0% used [0x00000000eb400000,0x00000000eb400000,0x00000000ec400000)
  from space 2560K, 99% used [0x00000000ec400000,0x00000000ec67b7f8,0x00000000ec680000)
  to   space 2560K, 0% used [0x00000000ec680000,0x00000000ec680000,0x00000000ec900000)
 ParOldGen       total 44032K, used 1062K [0x00000000c1c00000, 0x00000000c4700000, 0x00000000eb400000)
  object space 44032K, 2% used [0x00000000c1c00000,0x00000000c1d09ba8,0x00000000c4700000)
 Metaspace       used 6898K, capacity 7036K, committed 7296K, reserved 1056768K
  class space    used 790K, capacity 856K, committed 896K, reserved 1048576K
}
Event: 2.195 GC heap before
{Heap before GC invocations=2 (full 0):
 PSYoungGen      total 18944K, used 18925K [0x00000000eb400000, 0x00000000ec900000, 0x0000000100000000)
  eden space 16384K, 100% used [0x00000000eb400000,0x00000000ec400000,0x00000000ec400000)
  from space 2560K, 99% used [0x00000000ec400000,0x00000000ec67b7f8,0x00000000ec680000)
  to   space 2560K, 0% used [0x00000000ec680000,0x00000000ec680000,0x00000000ec900000)
 ParOldGen       total 44032K, used 1062K [0x00000000c1c00000, 0x00000000c4700000, 0x00000000eb400000)
  object space 44032K, 2% used [0x00000000c1c00000,0x00000000c1d09ba8,0x00000000c4700000)
 Metaspace       used 8255K, capacity 8412K, committed 8576K, reserved 1056768K
  class space    used 1002K, capacity 1080K, committed 1152K, reserved 1048576K
Event: 2.223 GC heap after
Heap after GC invocations=2 (full 0):
 PSYoungGen      total 18944K, used 2540K [0x00000000eb400000, 0x00000000ed900000, 0x0000000100000000)
  eden space 16384K, 0% used [0x00000000eb400000,0x00000000eb400000,0x00000000ec400000)
  from space 2560K, 99% used [0x00000000ec680000,0x00000000ec8fb300,0x00000000ec900000)
  to   space 2560K, 0% used [0x00000000ec400000,0x00000000ec400000,0x00000000ec680000)
 ParOldGen       total 44032K, used 1483K [0x00000000c1c00000, 0x00000000c4700000, 0x00000000eb400000)
  object space 44032K, 3% used [0x00000000c1c00000,0x00000000c1d72ee8,0x00000000c4700000)
 Metaspace       used 8255K, capacity 8412K, committed 8576K, reserved 1056768K
  class space    used 1002K, capacity 1080K, committed 1152K, reserved 1048576K
}
Event: 2.845 GC heap before
{Heap before GC invocations=3 (full 0):
 PSYoungGen      total 18944K, used 18924K [0x00000000eb400000, 0x00000000ed900000, 0x0000000100000000)
  eden space 16384K, 100% used [0x00000000eb400000,0x00000000ec400000,0x00000000ec400000)
  from space 2560K, 99% used [0x00000000ec680000,0x00000000ec8fb300,0x00000000ec900000)
  to   space 2560K, 0% used [0x00000000ec400000,0x00000000ec400000,0x00000000ec680000)
 ParOldGen       total 44032K, used 1483K [0x00000000c1c00000, 0x00000000c4700000, 0x00000000eb400000)
  object space 44032K, 3% used [0x00000000c1c00000,0x00000000c1d72ee8,0x00000000c4700000)
 Metaspace       used 9721K, capacity 9852K, committed 9984K, reserved 1058816K
  class space    used 1175K, capacity 1216K, committed 1280K, reserved 1048576K
Event: 2.868 GC heap after
Heap after GC invocations=3 (full 0):
 PSYoungGen      total 18944K, used 2550K [0x00000000eb400000, 0x00000000ed900000, 0x0000000100000000)
  eden space 16384K, 0% used [0x00000000eb400000,0x00000000eb400000,0x00000000ec400000)
  from space 2560K, 99% used [0x00000000ec400000,0x00000000ec67dbd0,0x00000000ec680000)
  to   space 2560K, 0% used [0x00000000ed680000,0x00000000ed680000,0x00000000ed900000)
 ParOldGen       total 44032K, used 3256K [0x00000000c1c00000, 0x00000000c4700000, 0x00000000eb400000)
  object space 44032K, 7% used [0x00000000c1c00000,0x00000000c1f2e250,0x00000000c4700000)
 Metaspace       used 9721K, capacity 9852K, committed 9984K, reserved 1058816K
  class space    used 1175K, capacity 1216K, committed 1280K, reserved 1048576K
}
Event: 3.798 GC heap before
{Heap before GC invocations=4 (full 0):
 PSYoungGen      total 18944K, used 18934K [0x00000000eb400000, 0x00000000ed900000, 0x0000000100000000)
  eden space 16384K, 100% used [0x00000000eb400000,0x00000000ec400000,0x00000000ec400000)
  from space 2560K, 99% used [0x00000000ec400000,0x00000000ec67dbd0,0x00000000ec680000)
  to   space 2560K, 0% used [0x00000000ed680000,0x00000000ed680000,0x00000000ed900000)
 ParOldGen       total 44032K, used 3256K [0x00000000c1c00000, 0x00000000c4700000, 0x00000000eb400000)
  object space 44032K, 7% used [0x00000000c1c00000,0x00000000c1f2e250,0x00000000c4700000)
 Metaspace       used 11540K, capacity 11740K, committed 11904K, reserved 1058816K
  class space    used 1430K, capacity 1543K, committed 1664K, reserved 1048576K
Event: 3.843 GC heap after
Heap after GC invocations=4 (full 0):
 PSYoungGen      total 35328K, used 2560K [0x00000000eb400000, 0x00000000ed900000, 0x0000000100000000)
  eden space 32768K, 0% used [0x00000000eb400000,0x00000000eb400000,0x00000000ed400000)
  from space 2560K, 100% used [0x00000000ed680000,0x00000000ed900000,0x00000000ed900000)
  to   space 2560K, 0% used [0x00000000ed400000,0x00000000ed400000,0x00000000ed680000)
 ParOldGen       total 44032K, used 5280K [0x00000000c1c00000, 0x00000000c4700000, 0x00000000eb400000)
  object space 44032K, 11% used [0x00000000c1c00000,0x00000000c21281c8,0x00000000c4700000)
 Metaspace       used 11540K, capacity 11740K, committed 11904K, reserved 1058816K
  class space    used 1430K, capacity 1543K, committed 1664K, reserved 1048576K
}
Event: 31.686 GC heap before
{Heap before GC invocations=5 (full 0):
 PSYoungGen      total 35328K, used 35328K [0x00000000eb400000, 0x00000000ed900000, 0x0000000100000000)
  eden space 32768K, 100% used [0x00000000eb400000,0x00000000ed400000,0x00000000ed400000)
  from space 2560K, 100% used [0x00000000ed680000,0x00000000ed900000,0x00000000ed900000)
  to   space 2560K, 0% used [0x00000000ed400000,0x00000000ed400000,0x00000000ed680000)
 ParOldGen       total 44032K, used 5280K [0x00000000c1c00000, 0x00000000c4700000, 0x00000000eb400000)
  object space 44032K, 11% used [0x00000000c1c00000,0x00000000c21281c8,0x00000000c4700000)
 Metaspace       used 16490K, capacity 16790K, committed 17024K, reserved 1064960K
  class space    used 1996K, capacity 2106K, committed 2176K, reserved 1048576K
Event: 31.715 GC heap after
Heap after GC invocations=5 (full 0):
 PSYoungGen      total 35328K, used 2544K [0x00000000eb400000, 0x00000000f0300000, 0x0000000100000000)
  eden space 32768K, 0% used [0x00000000eb400000,0x00000000eb400000,0x00000000ed400000)
  from space 2560K, 99% used [0x00000000ed400000,0x00000000ed67c030,0x00000000ed680000)
  to   space 7680K, 0% used [0x00000000efb80000,0x00000000efb80000,0x00000000f0300000)
 ParOldGen       total 44032K, used 10084K [0x00000000c1c00000, 0x00000000c4700000, 0x00000000eb400000)
  object space 44032K, 22% used [0x00000000c1c00000,0x00000000c25d9180,0x00000000c4700000)
 Metaspace       used 16490K, capacity 16790K, committed 17024K, reserved 1064960K
  class space    used 1996K, capacity 2106K, committed 2176K, reserved 1048576K
}

Deoptimization events (10 events):
Event: 19.312 Thread 0x0000000002c1e000 Uncommon trap: reason=unstable_if action=reinterpret pc=0x00000000033aef28 method=org.codehaus.plexus.util.xml.pull.MXParser.nextImpl()I @ 1161
Event: 22.778 Thread 0x0000000002c1e000 Uncommon trap: reason=null_check action=make_not_entrant pc=0x000000000341e7dc method=org.apache.maven.model.io.xpp3.MavenXpp3Reader.checkFieldWithDuplicate(Lorg/codehaus/plexus/util/xml/pull/XmlPullParser;Ljava/lang/String;Ljava/lang/String;Ljava/util/Se
Event: 26.495 Thread 0x0000000002c1e000 Uncommon trap: reason=unstable_if action=reinterpret pc=0x000000000302937c method=sun.misc.MetaIndex.mayContain(Ljava/lang/String;)Z @ 38
Event: 26.540 Thread 0x0000000002c1e000 Uncommon trap: reason=unstable_if action=reinterpret pc=0x00000000031771fc method=java.util.HashMap.putVal(ILjava/lang/Object;Ljava/lang/Object;ZZ)Ljava/lang/Object; @ 236
Event: 27.223 Thread 0x0000000002c1e000 Uncommon trap: reason=unstable_if action=reinterpret pc=0x000000000318cd7c method=java.lang.CharacterDataLatin1.isWhitespace(I)Z @ 14
Event: 27.339 Thread 0x0000000002c1e000 Uncommon trap: reason=unloaded action=reinterpret pc=0x00000000033c6c9c method=java.util.jar.JarFile.getInputStream(Ljava/util/zip/ZipEntry;)Ljava/io/InputStream; @ 46
Event: 27.663 Thread 0x0000000002c1e000 Uncommon trap: reason=unstable_if action=reinterpret pc=0x0000000003420940 method=java.lang.String.trim()Ljava/lang/String; @ 63
Event: 32.521 Thread 0x0000000002c1e000 Uncommon trap: reason=unstable_if action=reinterpret pc=0x0000000002f405e0 method=java.net.URI.match(CJJ)Z @ 45
Event: 44.864 Thread 0x0000000002c1e000 Uncommon trap: reason=predicate action=maybe_recompile pc=0x00000000031b7b5c method=java.lang.String.regionMatches(ZILjava/lang/String;II)Z @ 63
Event: 47.707 Thread 0x0000000002c1e000 Uncommon trap: reason=unstable_if action=reinterpret pc=0x00000000031f2434 method=java.util.jar.Manifest$FastInputStream.readLine([BII)I @ 87

Internal exceptions (10 events):
Event: 25.392 Thread 0x0000000002c1e000 Exception <a 'java/lang/NullPointerException'> (0x00000000ed190710) thrown at [C:\re\workspace\8-2-build-windows-amd64-cygwin\jdk8u111\7883\hotspot\src\share\vm\interpreter\linkResolver.cpp, line 1178]
Event: 25.392 Thread 0x0000000002c1e000 Exception <a 'java/lang/NullPointerException'> (0x00000000ed190b10) thrown at [C:\re\workspace\8-2-build-windows-amd64-cygwin\jdk8u111\7883\hotspot\src\share\vm\interpreter\linkResolver.cpp, line 1178]
Event: 25.392 Thread 0x0000000002c1e000 Exception <a 'java/lang/NullPointerException'> (0x00000000ed190f10) thrown at [C:\re\workspace\8-2-build-windows-amd64-cygwin\jdk8u111\7883\hotspot\src\share\vm\interpreter\linkResolver.cpp, line 1178]
Event: 25.525 Thread 0x0000000002c1e000 Exception <a 'java/lang/NullPointerException'> (0x00000000ed1a8970) thrown at [C:\re\workspace\8-2-build-windows-amd64-cygwin\jdk8u111\7883\hotspot\src\share\vm\interpreter\linkResolver.cpp, line 1178]
Event: 25.525 Thread 0x0000000002c1e000 Exception <a 'java/lang/NullPointerException'> (0x00000000ed1a8d70) thrown at [C:\re\workspace\8-2-build-windows-amd64-cygwin\jdk8u111\7883\hotspot\src\share\vm\interpreter\linkResolver.cpp, line 1178]
Event: 25.525 Thread 0x0000000002c1e000 Exception <a 'java/lang/NullPointerException'> (0x00000000ed1a9170) thrown at [C:\re\workspace\8-2-build-windows-amd64-cygwin\jdk8u111\7883\hotspot\src\share\vm\interpreter\linkResolver.cpp, line 1178]
Event: 47.703 Thread 0x0000000002c1e000 Exception <a 'java/lang/Error': IP Helper Library GetIfTable function failed> (0x00000000eb7fa1a8) thrown at [C:\re\workspace\8-2-build-windows-amd64-cygwin\jdk8u111\7883\hotspot\src\share\vm\prims\jni.cpp, line 735]
Event: 47.704 Thread 0x0000000002c1e000 Exception <a 'java/lang/Error'> (0x00000000eb7fa1a8) thrown at [C:\re\workspace\8-2-build-windows-amd64-cygwin\jdk8u111\7883\hotspot\src\share\vm\prims\jvm.cpp, line 1390]
Event: 47.704 Thread 0x0000000002c1e000 Exception <a 'java/lang/Error'> (0x00000000eb7fa1a8) thrown at [C:\re\workspace\8-2-build-windows-amd64-cygwin\jdk8u111\7883\hotspot\src\share\vm\oops\instanceKlass.cpp, line 964]
Event: 47.704 Thread 0x0000000002c1e000 Exception <a 'java/lang/reflect/InvocationTargetException'> (0x00000000eb7fa968) thrown at [C:\re\workspace\8-2-build-windows-amd64-cygwin\jdk8u111\7883\hotspot\src\share\vm\runtime\reflection.cpp, line 1092]

Events (10 events):
Event: 44.943 loading class java/net/InterfaceAddress done
Event: 44.943 loading class java/net/DefaultInterface
Event: 44.943 loading class java/net/DefaultInterface done
Event: 47.704 loading class com/sun/crypto/provider/SunJCE
Event: 47.704 loading class com/sun/crypto/provider/SunJCE done
Event: 47.707 Thread 0x0000000002c1e000 Uncommon trap: trap_request=0xffffff65 fr.pc=0x00000000031f2434
Event: 47.707 Thread 0x0000000002c1e000 DEOPT PACKING pc=0x00000000031f2434 sp=0x0000000002d19e40
Event: 47.707 Thread 0x0000000002c1e000 DEOPT UNPACKING pc=0x0000000002e6582a sp=0x0000000002d19de0 mode 2
Event: 47.707 Thread 0x0000000002c1e000 DEOPT PACKING pc=0x00000000033f0d1a sp=0x0000000002d199d0
Event: 47.707 Thread 0x0000000002c1e000 DEOPT UNPACKING pc=0x0000000002e6787f sp=0x0000000002d19850 mode 0


Dynamic libraries:
0x00007ff730ab0000 - 0x00007ff730ae7000 	C:\Program Files\Java\jdk1.8.0_111\bin\java.exe
0x00007ffe13990000 - 0x00007ffe13b85000 	C:\WINDOWS\SYSTEM32\ntdll.dll
0x00007ffe134b0000 - 0x00007ffe1356d000 	C:\WINDOWS\System32\KERNEL32.DLL
0x00007ffe11680000 - 0x00007ffe11947000 	C:\WINDOWS\System32\KERNELBASE.dll
0x00007ffe13570000 - 0x00007ffe1361a000 	C:\WINDOWS\System32\ADVAPI32.dll
0x00007ffe12040000 - 0x00007ffe120de000 	C:\WINDOWS\System32\msvcrt.dll
0x00007ffe12770000 - 0x00007ffe1280b000 	C:\WINDOWS\System32\sechost.dll
0x00007ffe119f0000 - 0x00007ffe11b14000 	C:\WINDOWS\System32\RPCRT4.dll
0x00007ffe11b20000 - 0x00007ffe11cc0000 	C:\WINDOWS\System32\USER32.dll
0x00007ffe11550000 - 0x00007ffe11572000 	C:\WINDOWS\System32\win32u.dll
0x00007ffe11d20000 - 0x00007ffe11d4a000 	C:\WINDOWS\System32\GDI32.dll
0x00007ffe11310000 - 0x00007ffe11419000 	C:\WINDOWS\System32\gdi32full.dll
0x00007ffe11950000 - 0x00007ffe119ed000 	C:\WINDOWS\System32\msvcp_win.dll
0x00007ffe11580000 - 0x00007ffe11680000 	C:\WINDOWS\System32\ucrtbase.dll
0x00007ffdfd660000 - 0x00007ffdfd8fb000 	C:\WINDOWS\WinSxS\amd64_microsoft.windows.common-controls_6595b64144ccf1df_6.0.19041.488_none_ca04af081b815d21\COMCTL32.dll
0x00007ffe11d60000 - 0x00007ffe11d90000 	C:\WINDOWS\System32\IMM32.DLL
0x000000006a870000 - 0x000000006a942000 	C:\Program Files\Java\jdk1.8.0_111\jre\bin\msvcr100.dll
0x0000000069850000 - 0x000000006a0ea000 	C:\Program Files\Java\jdk1.8.0_111\jre\bin\server\jvm.dll
0x00007ffe11d50000 - 0x00007ffe11d58000 	C:\WINDOWS\System32\PSAPI.DLL
0x00007ffdfc120000 - 0x00007ffdfc129000 	C:\WINDOWS\SYSTEM32\WSOCK32.dll
0x00007ffdff730000 - 0x00007ffdff757000 	C:\WINDOWS\SYSTEM32\WINMM.dll
0x00007ffe12580000 - 0x00007ffe125eb000 	C:\WINDOWS\System32\WS2_32.dll
0x00007ffe0a320000 - 0x00007ffe0a32a000 	C:\WINDOWS\SYSTEM32\VERSION.dll
0x000000006bcf0000 - 0x000000006bcff000 	C:\Program Files\Java\jdk1.8.0_111\jre\bin\verify.dll
0x000000006a800000 - 0x000000006a829000 	C:\Program Files\Java\jdk1.8.0_111\jre\bin\java.dll
0x000000006a7e0000 - 0x000000006a7f6000 	C:\Program Files\Java\jdk1.8.0_111\jre\bin\zip.dll
0x00007ffe12d60000 - 0x00007ffe134a1000 	C:\WINDOWS\System32\SHELL32.dll
0x00007ffe0ee60000 - 0x00007ffe0f5f3000 	C:\WINDOWS\SYSTEM32\windows.storage.dll
0x00007ffe12220000 - 0x00007ffe12575000 	C:\WINDOWS\System32\combase.dll
0x00007ffe10b40000 - 0x00007ffe10b6c000 	C:\WINDOWS\SYSTEM32\Wldp.dll
0x00007ffe12170000 - 0x00007ffe1221e000 	C:\WINDOWS\System32\SHCORE.dll
0x00007ffe11cc0000 - 0x00007ffe11d15000 	C:\WINDOWS\System32\shlwapi.dll
0x00007ffe11000000 - 0x00007ffe11026000 	C:\WINDOWS\SYSTEM32\profapi.dll
0x00007ffe016e0000 - 0x00007ffe016ea000 	C:\Program Files\NetBeans-12.0\netbeans\java\maven\lib\jansi-native\windows64\jansi.dll
0x000000006a7c0000 - 0x000000006a7da000 	C:\Program Files\Java\jdk1.8.0_111\jre\bin\net.dll
0x00007ffe108c0000 - 0x00007ffe1092a000 	C:\WINDOWS\system32\mswsock.dll
0x000000006a7a0000 - 0x000000006a7b1000 	C:\Program Files\Java\jdk1.8.0_111\jre\bin\nio.dll
0x00000000695e0000 - 0x0000000069604000 	C:\Program Files\Java\jdk1.8.0_111\jre\bin\sunec.dll
0x00007ffe10aa0000 - 0x00007ffe10ab8000 	C:\WINDOWS\SYSTEM32\CRYPTSP.dll
0x00007ffe101e0000 - 0x00007ffe10214000 	C:\WINDOWS\system32\rsaenh.dll
0x00007ffe11520000 - 0x00007ffe11547000 	C:\WINDOWS\System32\bcrypt.dll
0x00007ffe10fc0000 - 0x00007ffe10fee000 	C:\WINDOWS\SYSTEM32\USERENV.dll
0x00007ffe110d0000 - 0x00007ffe1114f000 	C:\WINDOWS\System32\bcryptprimitives.dll
0x00007ffe10a90000 - 0x00007ffe10a9c000 	C:\WINDOWS\SYSTEM32\CRYPTBASE.dll
0x00007ffe10560000 - 0x00007ffe1059b000 	C:\WINDOWS\SYSTEM32\IPHLPAPI.DLL

VM Arguments:
jvm_args: -Dclassworlds.conf=C:\Program Files\NetBeans-12.0\netbeans\java\maven\bin\..\bin\m2.conf -Dmaven.home=C:\Program Files\NetBeans-12.0\netbeans\java\maven\bin\.. -Dlibrary.jansi.path=C:\Program Files\NetBeans-12.0\netbeans\java\maven\bin\..\lib\jansi-native -Dmaven.multiModuleProjectDirectory=C:\Dev\tutorial08 
java_command: org.codehaus.plexus.classworlds.launcher.Launcher -Dmaven.ext.class.path=C:\Users\Feri Winarta\AppData\Roaming\NetBeans\12.0\maven-nblib\netbeans-eventspy.jar -Dfile.encoding=UTF-8 install
java_class_path (initial): C:\Program Files\NetBeans-12.0\netbeans\java\maven\bin\..\boot\plexus-classworlds-2.6.0.jar
Launcher Type: SUN_STANDARD

Environment Variables:
JAVA_HOME=C:\Program Files\Java\jdk1.8.0_111
PATH=C:\Program Files (x86)\Common Files\Oracle\Java\javapath;C:\ProgramData\Oracle\Java\javapath;C:\Program Files (x86)\Common Files\Intel\Shared Files\cpp\bin\Intel64;C:\Program Files (x86)\Intel\iCLS Client\;C:\Program Files\Intel\iCLS Client\;C:\Windows\system32;C:\Windows;C:\Windows\System32\Wbem;C:\Windows\System32\WindowsPowerShell\v1.0\;C:\Program Files (x86)\Intel\Intel(R) Management Engine Components\DAL;C:\Program Files\Intel\Intel(R) Management Engine Components\DAL;C:\Program Files (x86)\Intel\Intel(R) Management Engine Components\IPT;C:\Program Files\Intel\Intel(R) Management Engine Components\IPT;C:\Program Files (x86)\NVIDIA Corporation\PhysX\Common;C:\WINDOWS\system32;C:\WINDOWS;C:\WINDOWS\System32\Wbem;C:\WINDOWS\System32\WindowsPowerShell\v1.0\;C:\WINDOWS\System32\OpenSSH\;C:\Program Files\NVIDIA Corporation\NVIDIA NvDLISR;C:\Program Files\Microsoft VS Code\bin;C:\Program Files\Java\jdk1.8.0_111\bin;C:\Users\Feri Winarta\AppData\Local\Microsoft\WindowsApps;
USERNAME=Feri Winarta
OS=Windows_NT
PROCESSOR_IDENTIFIER=Intel64 Family 6 Model 142 Stepping 10, GenuineIntel



---------------  S Y S T E M  ---------------

OS: Windows 10.0 , 64 bit Build 19041 (10.0.19041.292)

CPU:total 8 (4 cores per cpu, 2 threads per core) family 6 model 142 stepping 10, cmov, cx8, fxsr, mmx, sse, sse2, sse3, ssse3, sse4.1, sse4.2, popcnt, avx, avx2, aes, clmul, erms, 3dnowpref, lzcnt, ht, tsc, tscinvbit, bmi1, bmi2, adx

Memory: 4k page, physical 4078220k(218628k free), swap 12366140k(96k free)

vm_info: Java HotSpot(TM) 64-Bit Server VM (25.111-b14) for windows-amd64 JRE (1.8.0_111-b14), built on Sep 22 2016 19:24:05 by "java_re" with MS VC++ 10.0 (VS2010)

time: Fri Sep 25 19:18:20 2020
elapsed time: 52 seconds (0d 0h 0m 52s)

