#
# There is insufficient memory for the Java Runtime Environment to continue.
# Native memory allocation (malloc) failed to allocate 32744 bytes for ChunkPool::allocate
# Possible reasons:
#   The system is out of physical RAM or swap space
#   In 32 bit mode, the process size limit was hit
# Possible solutions:
#   Reduce memory load on the system
#   Increase physical memory or swap space
#   Check if swap backing store is full
#   Use 64 bit Java on a 64 bit OS
#   Decrease Java heap size (-Xmx/-Xms)
#   Decrease number of Java threads
#   Decrease Java thread stack sizes (-Xss)
#   Set larger code cache with -XX:ReservedCodeCacheSize=
# This output file may be truncated or incomplete.
#
#  Out of Memory Error (allocation.cpp:273), pid=10284, tid=0x0000000000002b0c
#
# JRE version: Java(TM) SE Runtime Environment (8.0_111-b14) (build 1.8.0_111-b14)
# Java VM: Java HotSpot(TM) 64-Bit Server VM (25.111-b14 mixed mode windows-amd64 compressed oops)
# Failed to write core dump. Minidumps are not enabled by default on client versions of Windows
#

---------------  T H R E A D  ---------------

Current thread (0x0000000017b04000):  JavaThread "C2 CompilerThread2" daemon [_thread_in_native, id=11020, stack(0x00000000184d0000,0x00000000185d0000)]

Stack: [0x00000000184d0000,0x00000000185d0000]
[error occurred during error reporting (printing stack bounds), id 0xc0000005]

Native frames: (J=compiled Java code, j=interpreted, Vv=VM code, C=native code)


Current CompileTask:
C2:  51174  585       4       java.nio.Buffer::position (43 bytes)


---------------  P R O C E S S  ---------------

Java Threads: ( => current thread )
  0x00000000030ee000 JavaThread "DestroyJavaVM" [_thread_blocked, id=13560, stack(0x0000000002f20000,0x0000000003020000)]
  0x0000000017b15000 JavaThread "Service Thread" daemon [_thread_blocked, id=15864, stack(0x00000000186d0000,0x00000000187d0000)]
  0x0000000017b0b000 JavaThread "C1 CompilerThread3" daemon [_thread_blocked, id=15976, stack(0x00000000185d0000,0x00000000186d0000)]
=>0x0000000017b04000 JavaThread "C2 CompilerThread2" daemon [_thread_in_native, id=11020, stack(0x00000000184d0000,0x00000000185d0000)]
  0x0000000017b02000 JavaThread "C2 CompilerThread1" daemon [_thread_in_native, id=3364, stack(0x00000000183d0000,0x00000000184d0000)]
  0x0000000017afc800 JavaThread "C2 CompilerThread0" daemon [_thread_in_native, id=11700, stack(0x00000000182d0000,0x00000000183d0000)]
  0x0000000017af9800 JavaThread "Attach Listener" daemon [_thread_blocked, id=20248, stack(0x00000000181d0000,0x00000000182d0000)]
  0x0000000017af8800 JavaThread "Signal Dispatcher" daemon [_thread_blocked, id=7444, stack(0x00000000180d0000,0x00000000181d0000)]
  0x0000000017af0800 JavaThread "Finalizer" daemon [_thread_blocked, id=9224, stack(0x0000000017ed0000,0x0000000017fd0000)]
  0x00000000031e9000 JavaThread "Reference Handler" daemon [_thread_blocked, id=18200, stack(0x00000000179d0000,0x0000000017ad0000)]

Other Threads:
  0x0000000015c0c000 VMThread [stack: 0x00000000178d0000,0x00000000179d0000] [id=1240]
  0x0000000017bcf000 WatcherThread [stack: 0x00000000187d0000,0x00000000188d0000] [id=20084]

VM state:not at safepoint (normal execution)

VM Mutex/Monitor currently owned by a thread: None

Heap:
 PSYoungGen      total 18944K, used 8827K [0x00000000eb400000, 0x00000000ec900000, 0x0000000100000000)
  eden space 16384K, 38% used [0x00000000eb400000,0x00000000eba23678,0x00000000ec400000)
  from space 2560K, 99% used [0x00000000ec400000,0x00000000ec67b970,0x00000000ec680000)
  to   space 2560K, 0% used [0x00000000ec680000,0x00000000ec680000,0x00000000ec900000)
 ParOldGen       total 44032K, used 937K [0x00000000c1c00000, 0x00000000c4700000, 0x00000000eb400000)
  object space 44032K, 2% used [0x00000000c1c00000,0x00000000c1cea738,0x00000000c4700000)
 Metaspace       used 7850K, capacity 7932K, committed 8192K, reserved 1056768K
  class space    used 936K, capacity 984K, committed 1024K, reserved 1048576K

Card table byte_map: [0x00000000125b0000,0x00000000127b0000] byte_map_base: 0x0000000011fa2000

Marking Bits: (ParMarkBitMap*) 0x000000006a06a6c0
 Begin Bits: [0x0000000013100000, 0x0000000014090000)
 End Bits:   [0x0000000014090000, 0x0000000015020000)

Polling page: 0x00000000016e0000

CodeCache: size=245760Kb used=2729Kb max_used=2738Kb free=243030Kb
 bounds [0x00000000031f0000, 0x00000000034b0000, 0x00000000121f0000]
 total_blobs=906 nmethods=605 adapters=214
 compilation: enabled

Compilation events (10 events):
Event: 36.060 Thread 0x0000000017b0b000  564       3       java.nio.Buffer::remaining (10 bytes)
Event: 36.060 Thread 0x0000000017b0b000 nmethod 564 0x000000000347d190 code [0x000000000347d2e0, 0x000000000347d430]
Event: 36.062 Thread 0x0000000017b0b000  565  s    3       java.io.BufferedOutputStream::flush (12 bytes)
Event: 36.063 Thread 0x0000000017b0b000 nmethod 565 0x000000000347d810 code [0x000000000347d9a0, 0x000000000347de98]
Event: 36.063 Thread 0x0000000017b0b000  566       3       java.io.BufferedOutputStream::flushBuffer (29 bytes)
Event: 36.063 Thread 0x0000000017b0b000 nmethod 566 0x000000000347e010 code [0x000000000347e180, 0x000000000347e408]
Event: 36.064 Thread 0x0000000017b0b000  569  s    3       org.fusesource.jansi.AnsiPrintStream::filter (948 bytes)
Event: 36.069 Thread 0x0000000017b02000  580       4       java.nio.ByteBuffer::arrayOffset (35 bytes)
Event: 36.072 Thread 0x0000000017b04000  585       4       java.nio.Buffer::position (43 bytes)
Event: 36.074 Thread 0x0000000017afc800  589       4       java.nio.Buffer::flip (20 bytes)

GC Heap History (2 events):
Event: 21.941 GC heap before
{Heap before GC invocations=1 (full 0):
 PSYoungGen      total 18944K, used 16384K [0x00000000eb400000, 0x00000000ec900000, 0x0000000100000000)
  eden space 16384K, 100% used [0x00000000eb400000,0x00000000ec400000,0x00000000ec400000)
  from space 2560K, 0% used [0x00000000ec680000,0x00000000ec680000,0x00000000ec900000)
  to   space 2560K, 0% used [0x00000000ec400000,0x00000000ec400000,0x00000000ec680000)
 ParOldGen       total 44032K, used 0K [0x00000000c1c00000, 0x00000000c4700000, 0x00000000eb400000)
  object space 44032K, 0% used [0x00000000c1c00000,0x00000000c1c00000,0x00000000c4700000)
 Metaspace       used 6893K, capacity 7036K, committed 7296K, reserved 1056768K
  class space    used 788K, capacity 856K, committed 896K, reserved 1048576K
Event: 21.978 GC heap after
Heap after GC invocations=1 (full 0):
 PSYoungGen      total 18944K, used 2542K [0x00000000eb400000, 0x00000000ec900000, 0x0000000100000000)
  eden space 16384K, 0% used [0x00000000eb400000,0x00000000eb400000,0x00000000ec400000)
  from space 2560K, 99% used [0x00000000ec400000,0x00000000ec67b970,0x00000000ec680000)
  to   space 2560K, 0% used [0x00000000ec680000,0x00000000ec680000,0x00000000ec900000)
 ParOldGen       total 44032K, used 937K [0x00000000c1c00000, 0x00000000c4700000, 0x00000000eb400000)
  object space 44032K, 2% used [0x00000000c1c00000,0x00000000c1cea738,0x00000000c4700000)
 Metaspace       used 6893K, capacity 7036K, committed 7296K, reserved 1056768K
  class space    used 788K, capacity 856K, committed 896K, reserved 1048576K
}

Deoptimization events (2 events):
Event: 17.327 Thread 0x00000000030ee000 Uncommon trap: reason=unstable_if action=reinterpret pc=0x000000000336edc8 method=java.lang.String.indexOf([CII[CIII)I @ 3
Event: 33.684 Thread 0x00000000030ee000 Uncommon trap: reason=unstable_if action=reinterpret pc=0x00000000033b7b64 method=org.codehaus.plexus.util.xml.pull.MXParser.more()C @ 8

Internal exceptions (10 events):
Event: 0.296 Thread 0x00000000030ee000 Exception <a 'java/lang/NoSuchMethodError': Method sun.misc.Unsafe.prefetchRead(Ljava/lang/Object;J)V name or signature does not match> (0x00000000eb407f60) thrown at [C:\re\workspace\8-2-build-windows-amd64-cygwin\jdk8u111\7883\hotspot\src\share\vm\prims
Event: 13.701 Thread 0x00000000030ee000 Exception <a 'java/security/PrivilegedActionException'> (0x00000000eb847720) thrown at [C:\re\workspace\8-2-build-windows-amd64-cygwin\jdk8u111\7883\hotspot\src\share\vm\prims\jvm.cpp, line 1386]
Event: 13.701 Thread 0x00000000030ee000 Exception <a 'java/security/PrivilegedActionException'> (0x00000000eb847930) thrown at [C:\re\workspace\8-2-build-windows-amd64-cygwin\jdk8u111\7883\hotspot\src\share\vm\prims\jvm.cpp, line 1386]
Event: 13.702 Thread 0x00000000030ee000 Exception <a 'java/security/PrivilegedActionException'> (0x00000000eb84ba00) thrown at [C:\re\workspace\8-2-build-windows-amd64-cygwin\jdk8u111\7883\hotspot\src\share\vm\prims\jvm.cpp, line 1386]
Event: 13.702 Thread 0x00000000030ee000 Exception <a 'java/security/PrivilegedActionException'> (0x00000000eb84bc10) thrown at [C:\re\workspace\8-2-build-windows-amd64-cygwin\jdk8u111\7883\hotspot\src\share\vm\prims\jvm.cpp, line 1386]
Event: 31.929 Thread 0x00000000030ee000 Exception <a 'java/lang/ArrayIndexOutOfBoundsException'> (0x00000000eb77e260) thrown at [C:\re\workspace\8-2-build-windows-amd64-cygwin\jdk8u111\7883\hotspot\src\share\vm\runtime\sharedRuntime.cpp, line 605]
Event: 32.006 Thread 0x00000000030ee000 Exception <a 'java/lang/ArrayIndexOutOfBoundsException'> (0x00000000eb79b670) thrown at [C:\re\workspace\8-2-build-windows-amd64-cygwin\jdk8u111\7883\hotspot\src\share\vm\runtime\sharedRuntime.cpp, line 605]
Event: 32.043 Thread 0x00000000030ee000 Exception <a 'java/lang/ArrayIndexOutOfBoundsException'> (0x00000000eb7df718) thrown at [C:\re\workspace\8-2-build-windows-amd64-cygwin\jdk8u111\7883\hotspot\src\share\vm\runtime\sharedRuntime.cpp, line 605]
Event: 35.710 Thread 0x00000000030ee000 Exception <a 'java/lang/OutOfMemoryError'> (0x00000000eb8d6cb8) thrown at [C:\re\workspace\8-2-build-windows-amd64-cygwin\jdk8u111\7883\hotspot\src\share\vm\prims\jni.cpp, line 735]
Event: 35.906 Thread 0x00000000030ee000 Exception <a 'java/lang/reflect/InvocationTargetException'> (0x00000000eb8d7190) thrown at [C:\re\workspace\8-2-build-windows-amd64-cygwin\jdk8u111\7883\hotspot\src\share\vm\runtime\reflection.cpp, line 1092]

Events (10 events):
Event: 33.699 loading class org/apache/maven/eventspy/EventSpy done
Event: 33.699 loading class org/apache/maven/eventspy/EventSpy
Event: 33.699 loading class org/apache/maven/eventspy/EventSpy done
Event: 33.700 loading class org/eclipse/sisu/plexus/Roles
Event: 33.700 loading class org/eclipse/sisu/plexus/Roles done
Event: 33.702 loading class org/eclipse/sisu/plexus/PlexusXmlMetadata
Event: 33.702 loading class org/eclipse/sisu/plexus/PlexusXmlMetadata done
Event: 35.710 loading class java/util/zip/DataFormatException
Event: 35.906 loading class java/util/zip/DataFormatException done
Event: 39.187 loading class java/lang/Throwable$WrappedPrintStream


Dynamic libraries:
0x00007ff730ab0000 - 0x00007ff730ae7000 	C:\Program Files\Java\jdk1.8.0_111\bin\java.exe
0x00007ffe13990000 - 0x00007ffe13b85000 	C:\WINDOWS\SYSTEM32\ntdll.dll
0x00007ffe134b0000 - 0x00007ffe1356d000 	C:\WINDOWS\System32\KERNEL32.DLL
0x00007ffe11680000 - 0x00007ffe11947000 	C:\WINDOWS\System32\KERNELBASE.dll
0x00007ffe13570000 - 0x00007ffe1361a000 	C:\WINDOWS\System32\ADVAPI32.dll
0x00007ffe12040000 - 0x00007ffe120de000 	C:\WINDOWS\System32\msvcrt.dll
0x00007ffe12770000 - 0x00007ffe1280b000 	C:\WINDOWS\System32\sechost.dll
0x00007ffe119f0000 - 0x00007ffe11b14000 	C:\WINDOWS\System32\RPCRT4.dll
0x00007ffe11b20000 - 0x00007ffe11cc0000 	C:\WINDOWS\System32\USER32.dll
0x00007ffe11550000 - 0x00007ffe11572000 	C:\WINDOWS\System32\win32u.dll
0x00007ffe11d20000 - 0x00007ffe11d4a000 	C:\WINDOWS\System32\GDI32.dll
0x00007ffe11310000 - 0x00007ffe11419000 	C:\WINDOWS\System32\gdi32full.dll
0x00007ffe11950000 - 0x00007ffe119ed000 	C:\WINDOWS\System32\msvcp_win.dll
0x00007ffe11580000 - 0x00007ffe11680000 	C:\WINDOWS\System32\ucrtbase.dll
0x00007ffdfd660000 - 0x00007ffdfd8fb000 	C:\WINDOWS\WinSxS\amd64_microsoft.windows.common-controls_6595b64144ccf1df_6.0.19041.488_none_ca04af081b815d21\COMCTL32.dll
0x00007ffe11d60000 - 0x00007ffe11d90000 	C:\WINDOWS\System32\IMM32.DLL
0x000000006a870000 - 0x000000006a942000 	C:\Program Files\Java\jdk1.8.0_111\jre\bin\msvcr100.dll
0x0000000069850000 - 0x000000006a0ea000 	C:\Program Files\Java\jdk1.8.0_111\jre\bin\server\jvm.dll
0x00007ffe11d50000 - 0x00007ffe11d58000 	C:\WINDOWS\System32\PSAPI.DLL
0x00007ffdfc120000 - 0x00007ffdfc129000 	C:\WINDOWS\SYSTEM32\WSOCK32.dll
0x00007ffe12580000 - 0x00007ffe125eb000 	C:\WINDOWS\System32\WS2_32.dll
0x00007ffdff730000 - 0x00007ffdff757000 	C:\WINDOWS\SYSTEM32\WINMM.dll
0x00007ffe0a320000 - 0x00007ffe0a32a000 	C:\WINDOWS\SYSTEM32\VERSION.dll
0x000000006bcf0000 - 0x000000006bcff000 	C:\Program Files\Java\jdk1.8.0_111\jre\bin\verify.dll
0x000000006a800000 - 0x000000006a829000 	C:\Program Files\Java\jdk1.8.0_111\jre\bin\java.dll
0x000000006a7e0000 - 0x000000006a7f6000 	C:\Program Files\Java\jdk1.8.0_111\jre\bin\zip.dll
0x00007ffe12d60000 - 0x00007ffe134a1000 	C:\WINDOWS\System32\SHELL32.dll
0x00007ffe0ee60000 - 0x00007ffe0f5f3000 	C:\WINDOWS\SYSTEM32\windows.storage.dll
0x00007ffe12220000 - 0x00007ffe12575000 	C:\WINDOWS\System32\combase.dll
0x00007ffe10b40000 - 0x00007ffe10b6c000 	C:\WINDOWS\SYSTEM32\Wldp.dll
0x00007ffe12170000 - 0x00007ffe1221e000 	C:\WINDOWS\System32\SHCORE.dll
0x00007ffe11cc0000 - 0x00007ffe11d15000 	C:\WINDOWS\System32\shlwapi.dll
0x00007ffe11000000 - 0x00007ffe11026000 	C:\WINDOWS\SYSTEM32\profapi.dll
0x00007ffe016e0000 - 0x00007ffe016ea000 	C:\Program Files\NetBeans-12.0\netbeans\java\maven\lib\jansi-native\windows64\jansi.dll

VM Arguments:
jvm_args: -Dclassworlds.conf=C:\Program Files\NetBeans-12.0\netbeans\java\maven\bin\..\bin\m2.conf -Dmaven.home=C:\Program Files\NetBeans-12.0\netbeans\java\maven\bin\.. -Dlibrary.jansi.path=C:\Program Files\NetBeans-12.0\netbeans\java\maven\bin\..\lib\jansi-native -Dmaven.multiModuleProjectDirectory=C:\Dev\tutorial08 
java_command: org.codehaus.plexus.classworlds.launcher.Launcher -Dmaven.ext.class.path=C:\Users\Feri Winarta\AppData\Roaming\NetBeans\12.0\maven-nblib\netbeans-eventspy.jar -Dfile.encoding=UTF-8 install
java_class_path (initial): C:\Program Files\NetBeans-12.0\netbeans\java\maven\bin\..\boot\plexus-classworlds-2.6.0.jar
Launcher Type: SUN_STANDARD

Environment Variables:
JAVA_HOME=C:\Program Files\Java\jdk1.8.0_111
PATH=C:\Program Files (x86)\Common Files\Oracle\Java\javapath;C:\ProgramData\Oracle\Java\javapath;C:\Program Files (x86)\Common Files\Intel\Shared Files\cpp\bin\Intel64;C:\Program Files (x86)\Intel\iCLS Client\;C:\Program Files\Intel\iCLS Client\;C:\Windows\system32;C:\Windows;C:\Windows\System32\Wbem;C:\Windows\System32\WindowsPowerShell\v1.0\;C:\Program Files (x86)\Intel\Intel(R) Management Engine Components\DAL;C:\Program Files\Intel\Intel(R) Management Engine Components\DAL;C:\Program Files (x86)\Intel\Intel(R) Management Engine Components\IPT;C:\Program Files\Intel\Intel(R) Management Engine Components\IPT;C:\Program Files (x86)\NVIDIA Corporation\PhysX\Common;C:\WINDOWS\system32;C:\WINDOWS;C:\WINDOWS\System32\Wbem;C:\WINDOWS\System32\WindowsPowerShell\v1.0\;C:\WINDOWS\System32\OpenSSH\;C:\Program Files\NVIDIA Corporation\NVIDIA NvDLISR;C:\Program Files\Microsoft VS Code\bin;C:\Program Files\Java\jdk1.8.0_111\bin;C:\Users\Feri Winarta\AppData\Local\Microsoft\WindowsApps;
USERNAME=Feri Winarta
OS=Windows_NT
PROCESSOR_IDENTIFIER=Intel64 Family 6 Model 142 Stepping 10, GenuineIntel



---------------  S Y S T E M  ---------------

OS: Windows 10.0 , 64 bit Build 19041 (10.0.19041.292)

CPU:total 8 (4 cores per cpu, 2 threads per core) family 6 model 142 stepping 10, cmov, cx8, fxsr, mmx, sse, sse2, sse3, ssse3, sse4.1, sse4.2, popcnt, avx, avx2, aes, clmul, erms, 3dnowpref, lzcnt, ht, tsc, tscinvbit, bmi1, bmi2, adx

Memory: 4k page, physical 4078220k(790040k free), swap 12366140k(2449416k free)

vm_info: Java HotSpot(TM) 64-Bit Server VM (25.111-b14) for windows-amd64 JRE (1.8.0_111-b14), built on Sep 22 2016 19:24:05 by "java_re" with MS VC++ 10.0 (VS2010)

time: Fri Sep 25 19:18:30 2020
elapsed time: 51 seconds (0d 0h 0m 51s)

