#
# There is insufficient memory for the Java Runtime Environment to continue.
# Native memory allocation (malloc) failed to allocate 32744 bytes for ChunkPool::allocate
# Possible reasons:
#   The system is out of physical RAM or swap space
#   In 32 bit mode, the process size limit was hit
# Possible solutions:
#   Reduce memory load on the system
#   Increase physical memory or swap space
#   Check if swap backing store is full
#   Use 64 bit Java on a 64 bit OS
#   Decrease Java heap size (-Xmx/-Xms)
#   Decrease number of Java threads
#   Decrease Java thread stack sizes (-Xss)
#   Set larger code cache with -XX:ReservedCodeCacheSize=
# This output file may be truncated or incomplete.
#
#  Out of Memory Error (allocation.cpp:273), pid=16776, tid=0x00000000000026d0
#
# JRE version: Java(TM) SE Runtime Environment (8.0_111-b14) (build 1.8.0_111-b14)
# Java VM: Java HotSpot(TM) 64-Bit Server VM (25.111-b14 mixed mode windows-amd64 compressed oops)
# Failed to write core dump. Minidumps are not enabled by default on client versions of Windows
#

---------------  T H R E A D  ---------------

Current thread (0x00000000171ca800):  JavaThread "C1 CompilerThread3" daemon [_thread_in_native, id=9936, stack(0x0000000017c40000,0x0000000017d40000)]

Stack: [0x0000000017c40000,0x0000000017d40000]
[error occurred during error reporting (printing stack bounds), id 0xc0000005]

Native frames: (J=compiled Java code, j=interpreted, Vv=VM code, C=native code)


Current CompileTask:
C1:  40021 1275       3       com.google.inject.internal.CycleDetectingLock$CycleDetectingLockFactory$ReentrantCycleDetectingLock::checkState (121 bytes)


---------------  P R O C E S S  ---------------

Java Threads: ( => current thread )
  0x000000001720f000 JavaThread "Service Thread" daemon [_thread_blocked, id=8156, stack(0x0000000017d40000,0x0000000017e40000)]
=>0x00000000171ca800 JavaThread "C1 CompilerThread3" daemon [_thread_in_native, id=9936, stack(0x0000000017c40000,0x0000000017d40000)]
  0x00000000171c5800 JavaThread "C2 CompilerThread2" daemon [_thread_in_native, id=13496, stack(0x0000000017b40000,0x0000000017c40000)]
  0x00000000171c3000 JavaThread "C2 CompilerThread1" daemon [_thread_blocked, id=21240, stack(0x0000000017a40000,0x0000000017b40000)]
  0x000000001716c000 JavaThread "C2 CompilerThread0" daemon [_thread_in_native, id=8564, stack(0x0000000017940000,0x0000000017a40000)]
  0x0000000017169000 JavaThread "Attach Listener" daemon [_thread_blocked, id=3304, stack(0x0000000017840000,0x0000000017940000)]
  0x0000000017168000 JavaThread "Signal Dispatcher" daemon [_thread_blocked, id=19080, stack(0x0000000017740000,0x0000000017840000)]
  0x0000000017160800 JavaThread "Finalizer" daemon [_thread_blocked, id=2104, stack(0x0000000017540000,0x0000000017640000)]
  0x000000001524d000 JavaThread "Reference Handler" daemon [_thread_blocked, id=8044, stack(0x0000000017040000,0x0000000017140000)]
  0x000000000257e000 JavaThread "main" [_thread_in_Java, id=17540, stack(0x0000000002630000,0x0000000002730000)]

Other Threads:
  0x0000000015249800 VMThread [stack: 0x0000000016f40000,0x0000000017040000] [id=14332]
  0x00000000171e3000 WatcherThread [stack: 0x0000000017e40000,0x0000000017f40000] [id=3764]

VM state:not at safepoint (normal execution)

VM Mutex/Monitor currently owned by a thread: None

Heap:
 PSYoungGen      total 18944K, used 11754K [0x00000000eb400000, 0x00000000ec900000, 0x0000000100000000)
  eden space 16384K, 56% used [0x00000000eb400000,0x00000000ebcfa8e0,0x00000000ec400000)
  from space 2560K, 100% used [0x00000000ec680000,0x00000000ec900000,0x00000000ec900000)
  to   space 2560K, 0% used [0x00000000ec400000,0x00000000ec400000,0x00000000ec680000)
 ParOldGen       total 44032K, used 5725K [0x00000000c1c00000, 0x00000000c4700000, 0x00000000eb400000)
  object space 44032K, 13% used [0x00000000c1c00000,0x00000000c2197698,0x00000000c4700000)
 Metaspace       used 12676K, capacity 12866K, committed 13056K, reserved 1060864K
  class space    used 1604K, capacity 1704K, committed 1792K, reserved 1048576K

Card table byte_map: [0x0000000011bf0000,0x0000000011df0000] byte_map_base: 0x00000000115e2000

Marking Bits: (ParMarkBitMap*) 0x000000006a06a6c0
 Begin Bits: [0x0000000012740000, 0x00000000136d0000)
 End Bits:   [0x00000000136d0000, 0x0000000014660000)

Polling page: 0x0000000002550000

CodeCache: size=245760Kb used=4588Kb max_used=4588Kb free=241171Kb
 bounds [0x0000000002830000, 0x0000000002cb0000, 0x0000000011830000]
 total_blobs=1596 nmethods=1274 adapters=234
 compilation: enabled

Compilation events (10 events):
Event: 34.685 Thread 0x00000000171ca800 nmethod 1272 0x0000000002cae490 code [0x0000000002cae5e0, 0x0000000002cae750]
Event: 34.685 Thread 0x00000000171ca800 1268       3       com.google.common.collect.TransformedIterator::hasNext (10 bytes)
Event: 34.685 Thread 0x00000000171ca800 nmethod 1268 0x0000000002cae7d0 code [0x0000000002cae940, 0x0000000002caeb68]
Event: 34.685 Thread 0x00000000171ca800 1267       1       com.google.common.collect.LinkedHashMultimap$ValueEntry::getSuccessorInValueSet (5 bytes)
Event: 34.686 Thread 0x00000000171ca800 nmethod 1267 0x0000000002caec10 code [0x0000000002caed60, 0x0000000002caee70]
Event: 34.686 Thread 0x00000000171ca800 1273       1       com.google.common.collect.LinkedHashMultimap$ValueEntry::getPredecessorInValueSet (5 bytes)
Event: 34.686 Thread 0x00000000171ca800 nmethod 1273 0x0000000002caeed0 code [0x0000000002caf020, 0x0000000002caf130]
Event: 34.686 Thread 0x00000000171ca800 1274       1       com.google.common.collect.LinkedHashMultimap$ValueEntry::getSuccessorInMultimap (5 bytes)
Event: 34.686 Thread 0x00000000171ca800 nmethod 1274 0x0000000002caf190 code [0x0000000002caf2e0, 0x0000000002caf3f0]
Event: 34.688 Thread 0x00000000171ca800 1275       3       com.google.inject.internal.CycleDetectingLock$CycleDetectingLockFactory$ReentrantCycleDetectingLock::checkState (121 bytes)

GC Heap History (8 events):
Event: 14.769 GC heap before
{Heap before GC invocations=1 (full 0):
 PSYoungGen      total 18944K, used 16384K [0x00000000eb400000, 0x00000000ec900000, 0x0000000100000000)
  eden space 16384K, 100% used [0x00000000eb400000,0x00000000ec400000,0x00000000ec400000)
  from space 2560K, 0% used [0x00000000ec680000,0x00000000ec680000,0x00000000ec900000)
  to   space 2560K, 0% used [0x00000000ec400000,0x00000000ec400000,0x00000000ec680000)
 ParOldGen       total 44032K, used 0K [0x00000000c1c00000, 0x00000000c4700000, 0x00000000eb400000)
  object space 44032K, 0% used [0x00000000c1c00000,0x00000000c1c00000,0x00000000c4700000)
 Metaspace       used 6897K, capacity 7036K, committed 7296K, reserved 1056768K
  class space    used 789K, capacity 856K, committed 896K, reserved 1048576K
Event: 14.867 GC heap after
Heap after GC invocations=1 (full 0):
 PSYoungGen      total 18944K, used 2535K [0x00000000eb400000, 0x00000000ec900000, 0x0000000100000000)
  eden space 16384K, 0% used [0x00000000eb400000,0x00000000eb400000,0x00000000ec400000)
  from space 2560K, 99% used [0x00000000ec400000,0x00000000ec679d90,0x00000000ec680000)
  to   space 2560K, 0% used [0x00000000ec680000,0x00000000ec680000,0x00000000ec900000)
 ParOldGen       total 44032K, used 994K [0x00000000c1c00000, 0x00000000c4700000, 0x00000000eb400000)
  object space 44032K, 2% used [0x00000000c1c00000,0x00000000c1cf8878,0x00000000c4700000)
 Metaspace       used 6897K, capacity 7036K, committed 7296K, reserved 1056768K
  class space    used 789K, capacity 856K, committed 896K, reserved 1048576K
}
Event: 21.690 GC heap before
{Heap before GC invocations=2 (full 0):
 PSYoungGen      total 18944K, used 18919K [0x00000000eb400000, 0x00000000ec900000, 0x0000000100000000)
  eden space 16384K, 100% used [0x00000000eb400000,0x00000000ec400000,0x00000000ec400000)
  from space 2560K, 99% used [0x00000000ec400000,0x00000000ec679d90,0x00000000ec680000)
  to   space 2560K, 0% used [0x00000000ec680000,0x00000000ec680000,0x00000000ec900000)
 ParOldGen       total 44032K, used 994K [0x00000000c1c00000, 0x00000000c4700000, 0x00000000eb400000)
  object space 44032K, 2% used [0x00000000c1c00000,0x00000000c1cf8878,0x00000000c4700000)
 Metaspace       used 8384K, capacity 8540K, committed 8832K, reserved 1056768K
  class space    used 1016K, capacity 1080K, committed 1152K, reserved 1048576K
Event: 21.708 GC heap after
Heap after GC invocations=2 (full 0):
 PSYoungGen      total 18944K, used 2545K [0x00000000eb400000, 0x00000000ec900000, 0x0000000100000000)
  eden space 16384K, 0% used [0x00000000eb400000,0x00000000eb400000,0x00000000ec400000)
  from space 2560K, 99% used [0x00000000ec680000,0x00000000ec8fc778,0x00000000ec900000)
  to   space 2560K, 0% used [0x00000000ec400000,0x00000000ec400000,0x00000000ec680000)
 ParOldGen       total 44032K, used 1690K [0x00000000c1c00000, 0x00000000c4700000, 0x00000000eb400000)
  object space 44032K, 3% used [0x00000000c1c00000,0x00000000c1da6990,0x00000000c4700000)
 Metaspace       used 8384K, capacity 8540K, committed 8832K, reserved 1056768K
  class space    used 1016K, capacity 1080K, committed 1152K, reserved 1048576K
}
Event: 25.343 GC heap before
{Heap before GC invocations=3 (full 0):
 PSYoungGen      total 18944K, used 18929K [0x00000000eb400000, 0x00000000ec900000, 0x0000000100000000)
  eden space 16384K, 100% used [0x00000000eb400000,0x00000000ec400000,0x00000000ec400000)
  from space 2560K, 99% used [0x00000000ec680000,0x00000000ec8fc778,0x00000000ec900000)
  to   space 2560K, 0% used [0x00000000ec400000,0x00000000ec400000,0x00000000ec680000)
 ParOldGen       total 44032K, used 1690K [0x00000000c1c00000, 0x00000000c4700000, 0x00000000eb400000)
  object space 44032K, 3% used [0x00000000c1c00000,0x00000000c1da6990,0x00000000c4700000)
 Metaspace       used 9824K, capacity 9948K, committed 9984K, reserved 1058816K
  class space    used 1197K, capacity 1248K, committed 1280K, reserved 1048576K
Event: 25.359 GC heap after
Heap after GC invocations=3 (full 0):
 PSYoungGen      total 18944K, used 2554K [0x00000000eb400000, 0x00000000ec900000, 0x0000000100000000)
  eden space 16384K, 0% used [0x00000000eb400000,0x00000000eb400000,0x00000000ec400000)
  from space 2560K, 99% used [0x00000000ec400000,0x00000000ec67eae0,0x00000000ec680000)
  to   space 2560K, 0% used [0x00000000ec680000,0x00000000ec680000,0x00000000ec900000)
 ParOldGen       total 44032K, used 3520K [0x00000000c1c00000, 0x00000000c4700000, 0x00000000eb400000)
  object space 44032K, 7% used [0x00000000c1c00000,0x00000000c1f700d0,0x00000000c4700000)
 Metaspace       used 9824K, capacity 9948K, committed 9984K, reserved 1058816K
  class space    used 1197K, capacity 1248K, committed 1280K, reserved 1048576K
}
Event: 28.416 GC heap before
{Heap before GC invocations=4 (full 0):
 PSYoungGen      total 18944K, used 18938K [0x00000000eb400000, 0x00000000ec900000, 0x0000000100000000)
  eden space 16384K, 100% used [0x00000000eb400000,0x00000000ec400000,0x00000000ec400000)
  from space 2560K, 99% used [0x00000000ec400000,0x00000000ec67eae0,0x00000000ec680000)
  to   space 2560K, 0% used [0x00000000ec680000,0x00000000ec680000,0x00000000ec900000)
 ParOldGen       total 44032K, used 3520K [0x00000000c1c00000, 0x00000000c4700000, 0x00000000eb400000)
  object space 44032K, 7% used [0x00000000c1c00000,0x00000000c1f700d0,0x00000000c4700000)
 Metaspace       used 11699K, capacity 11868K, committed 12160K, reserved 1060864K
  class space    used 1453K, capacity 1543K, committed 1664K, reserved 1048576K
Event: 28.420 GC heap after
Heap after GC invocations=4 (full 0):
 PSYoungGen      total 18944K, used 2560K [0x00000000eb400000, 0x00000000ec900000, 0x0000000100000000)
  eden space 16384K, 0% used [0x00000000eb400000,0x00000000eb400000,0x00000000ec400000)
  from space 2560K, 100% used [0x00000000ec680000,0x00000000ec900000,0x00000000ec900000)
  to   space 2560K, 0% used [0x00000000ec400000,0x00000000ec400000,0x00000000ec680000)
 ParOldGen       total 44032K, used 5725K [0x00000000c1c00000, 0x00000000c4700000, 0x00000000eb400000)
  object space 44032K, 13% used [0x00000000c1c00000,0x00000000c2197698,0x00000000c4700000)
 Metaspace       used 11699K, capacity 11868K, committed 12160K, reserved 1060864K
  class space    used 1453K, capacity 1543K, committed 1664K, reserved 1048576K
}

Deoptimization events (4 events):
Event: 14.156 Thread 0x000000000257e000 Uncommon trap: reason=unstable_if action=reinterpret pc=0x00000000029af2c8 method=java.lang.String.indexOf([CII[CIII)I @ 3
Event: 19.651 Thread 0x000000000257e000 Uncommon trap: reason=unstable_if action=reinterpret pc=0x00000000029fade4 method=org.codehaus.plexus.util.xml.pull.MXParser.more()C @ 8
Event: 21.152 Thread 0x000000000257e000 Uncommon trap: reason=unstable_if action=reinterpret pc=0x0000000002aef960 method=org.codehaus.plexus.util.xml.pull.MXParser.nextImpl()I @ 241
Event: 21.685 Thread 0x000000000257e000 Uncommon trap: reason=range_check action=make_not_entrant pc=0x0000000002b392a0 method=sun.reflect.generics.parser.SignatureParser.current()C @ 34

Internal exceptions (10 events):
Event: 7.630 Thread 0x000000000257e000 Exception <a 'java/security/PrivilegedActionException'> (0x00000000eb8477b0) thrown at [C:\re\workspace\8-2-build-windows-amd64-cygwin\jdk8u111\7883\hotspot\src\share\vm\prims\jvm.cpp, line 1386]
Event: 7.630 Thread 0x000000000257e000 Exception <a 'java/security/PrivilegedActionException'> (0x00000000eb8479c0) thrown at [C:\re\workspace\8-2-build-windows-amd64-cygwin\jdk8u111\7883\hotspot\src\share\vm\prims\jvm.cpp, line 1386]
Event: 7.634 Thread 0x000000000257e000 Exception <a 'java/security/PrivilegedActionException'> (0x00000000eb84ba90) thrown at [C:\re\workspace\8-2-build-windows-amd64-cygwin\jdk8u111\7883\hotspot\src\share\vm\prims\jvm.cpp, line 1386]
Event: 7.634 Thread 0x000000000257e000 Exception <a 'java/security/PrivilegedActionException'> (0x00000000eb84bca0) thrown at [C:\re\workspace\8-2-build-windows-amd64-cygwin\jdk8u111\7883\hotspot\src\share\vm\prims\jvm.cpp, line 1386]
Event: 17.382 Thread 0x000000000257e000 Exception <a 'java/lang/ArrayIndexOutOfBoundsException'> (0x00000000eb77e340) thrown at [C:\re\workspace\8-2-build-windows-amd64-cygwin\jdk8u111\7883\hotspot\src\share\vm\runtime\sharedRuntime.cpp, line 605]
Event: 18.071 Thread 0x000000000257e000 Exception <a 'java/lang/ArrayIndexOutOfBoundsException'> (0x00000000eb79b750) thrown at [C:\re\workspace\8-2-build-windows-amd64-cygwin\jdk8u111\7883\hotspot\src\share\vm\runtime\sharedRuntime.cpp, line 605]
Event: 18.440 Thread 0x000000000257e000 Exception <a 'java/lang/ArrayIndexOutOfBoundsException'> (0x00000000eb7df628) thrown at [C:\re\workspace\8-2-build-windows-amd64-cygwin\jdk8u111\7883\hotspot\src\share\vm\runtime\sharedRuntime.cpp, line 605]
Event: 21.247 Thread 0x000000000257e000 Exception <a 'java/lang/ArrayIndexOutOfBoundsException'> (0x00000000ec067c30) thrown at [C:\re\workspace\8-2-build-windows-amd64-cygwin\jdk8u111\7883\hotspot\src\share\vm\runtime\sharedRuntime.cpp, line 605]
Event: 21.506 Thread 0x000000000257e000 Exception <a 'java/lang/ArrayIndexOutOfBoundsException'> (0x00000000ec0697c0) thrown at [C:\re\workspace\8-2-build-windows-amd64-cygwin\jdk8u111\7883\hotspot\src\share\vm\runtime\sharedRuntime.cpp, line 605]
Event: 21.685 Thread 0x000000000257e000 Exception <a 'java/lang/ArrayIndexOutOfBoundsException': 66> (0x00000000ec37b080) thrown at [C:\re\workspace\8-2-build-windows-amd64-cygwin\jdk8u111\7883\hotspot\src\share\vm\interpreter\interpreterRuntime.cpp, line 366]

Events (10 events):
Event: 34.442 loading class java/util/concurrent/ConcurrentHashMap$Traverser
Event: 34.621 loading class java/util/concurrent/ConcurrentHashMap$Traverser done
Event: 34.621 loading class java/util/concurrent/ConcurrentHashMap$BaseIterator done
Event: 34.621 loading class java/util/concurrent/ConcurrentHashMap$ValueIterator done
Event: 34.624 loading class sun/reflect/UnsafeObjectFieldAccessorImpl
Event: 34.669 loading class sun/reflect/UnsafeObjectFieldAccessorImpl done
Event: 34.687 loading class com/google/inject/internal/ConstructorInjector$1
Event: 34.687 loading class com/google/inject/internal/ConstructorInjector$1 done
Event: 34.690 loading class com/google/inject/internal/ProviderInternalFactory$1
Event: 34.690 loading class com/google/inject/internal/ProviderInternalFactory$1 done


Dynamic libraries:
0x00007ff730ab0000 - 0x00007ff730ae7000 	C:\Program Files\Java\jdk1.8.0_111\bin\java.exe
0x00007ffe13990000 - 0x00007ffe13b85000 	C:\WINDOWS\SYSTEM32\ntdll.dll
0x00007ffe134b0000 - 0x00007ffe1356d000 	C:\WINDOWS\System32\KERNEL32.DLL
0x00007ffe11680000 - 0x00007ffe11947000 	C:\WINDOWS\System32\KERNELBASE.dll
0x00007ffe13570000 - 0x00007ffe1361a000 	C:\WINDOWS\System32\ADVAPI32.dll
0x00007ffe12040000 - 0x00007ffe120de000 	C:\WINDOWS\System32\msvcrt.dll
0x00007ffe12770000 - 0x00007ffe1280b000 	C:\WINDOWS\System32\sechost.dll
0x00007ffe119f0000 - 0x00007ffe11b14000 	C:\WINDOWS\System32\RPCRT4.dll
0x00007ffe11b20000 - 0x00007ffe11cc0000 	C:\WINDOWS\System32\USER32.dll
0x00007ffe11550000 - 0x00007ffe11572000 	C:\WINDOWS\System32\win32u.dll
0x00007ffe11d20000 - 0x00007ffe11d4a000 	C:\WINDOWS\System32\GDI32.dll
0x00007ffe11310000 - 0x00007ffe11419000 	C:\WINDOWS\System32\gdi32full.dll
0x00007ffe11950000 - 0x00007ffe119ed000 	C:\WINDOWS\System32\msvcp_win.dll
0x00007ffe11580000 - 0x00007ffe11680000 	C:\WINDOWS\System32\ucrtbase.dll
0x00007ffdfd660000 - 0x00007ffdfd8fb000 	C:\WINDOWS\WinSxS\amd64_microsoft.windows.common-controls_6595b64144ccf1df_6.0.19041.488_none_ca04af081b815d21\COMCTL32.dll
0x00007ffe11d60000 - 0x00007ffe11d90000 	C:\WINDOWS\System32\IMM32.DLL
0x000000006a870000 - 0x000000006a942000 	C:\Program Files\Java\jdk1.8.0_111\jre\bin\msvcr100.dll
0x0000000069850000 - 0x000000006a0ea000 	C:\Program Files\Java\jdk1.8.0_111\jre\bin\server\jvm.dll
0x00007ffe11d50000 - 0x00007ffe11d58000 	C:\WINDOWS\System32\PSAPI.DLL
0x00007ffdfc120000 - 0x00007ffdfc129000 	C:\WINDOWS\SYSTEM32\WSOCK32.dll
0x00007ffe12580000 - 0x00007ffe125eb000 	C:\WINDOWS\System32\WS2_32.dll
0x00007ffdff730000 - 0x00007ffdff757000 	C:\WINDOWS\SYSTEM32\WINMM.dll
0x00007ffe0a320000 - 0x00007ffe0a32a000 	C:\WINDOWS\SYSTEM32\VERSION.dll
0x000000006bcf0000 - 0x000000006bcff000 	C:\Program Files\Java\jdk1.8.0_111\jre\bin\verify.dll
0x000000006a800000 - 0x000000006a829000 	C:\Program Files\Java\jdk1.8.0_111\jre\bin\java.dll
0x000000006a7e0000 - 0x000000006a7f6000 	C:\Program Files\Java\jdk1.8.0_111\jre\bin\zip.dll
0x00007ffe12d60000 - 0x00007ffe134a1000 	C:\WINDOWS\System32\SHELL32.dll
0x00007ffe0ee60000 - 0x00007ffe0f5f3000 	C:\WINDOWS\SYSTEM32\windows.storage.dll
0x00007ffe12220000 - 0x00007ffe12575000 	C:\WINDOWS\System32\combase.dll
0x00007ffe10b40000 - 0x00007ffe10b6c000 	C:\WINDOWS\SYSTEM32\Wldp.dll
0x00007ffe12170000 - 0x00007ffe1221e000 	C:\WINDOWS\System32\SHCORE.dll
0x00007ffe11cc0000 - 0x00007ffe11d15000 	C:\WINDOWS\System32\shlwapi.dll
0x00007ffe11000000 - 0x00007ffe11026000 	C:\WINDOWS\SYSTEM32\profapi.dll
0x00007ffe016e0000 - 0x00007ffe016ea000 	C:\Program Files\NetBeans-12.0\netbeans\java\maven\lib\jansi-native\windows64\jansi.dll

VM Arguments:
jvm_args: -Dclassworlds.conf=C:\Program Files\NetBeans-12.0\netbeans\java\maven\bin\..\bin\m2.conf -Dmaven.home=C:\Program Files\NetBeans-12.0\netbeans\java\maven\bin\.. -Dlibrary.jansi.path=C:\Program Files\NetBeans-12.0\netbeans\java\maven\bin\..\lib\jansi-native -Dmaven.multiModuleProjectDirectory=C:\Dev\tutorial08 
java_command: org.codehaus.plexus.classworlds.launcher.Launcher -Dmaven.ext.class.path=C:\Users\Feri Winarta\AppData\Roaming\NetBeans\12.0\maven-nblib\netbeans-eventspy.jar -Dfile.encoding=UTF-8 install
java_class_path (initial): C:\Program Files\NetBeans-12.0\netbeans\java\maven\bin\..\boot\plexus-classworlds-2.6.0.jar
Launcher Type: SUN_STANDARD

Environment Variables:
JAVA_HOME=C:\Program Files\Java\jdk1.8.0_111
PATH=C:\Program Files (x86)\Common Files\Oracle\Java\javapath;C:\ProgramData\Oracle\Java\javapath;C:\Program Files (x86)\Common Files\Intel\Shared Files\cpp\bin\Intel64;C:\Program Files (x86)\Intel\iCLS Client\;C:\Program Files\Intel\iCLS Client\;C:\Windows\system32;C:\Windows;C:\Windows\System32\Wbem;C:\Windows\System32\WindowsPowerShell\v1.0\;C:\Program Files (x86)\Intel\Intel(R) Management Engine Components\DAL;C:\Program Files\Intel\Intel(R) Management Engine Components\DAL;C:\Program Files (x86)\Intel\Intel(R) Management Engine Components\IPT;C:\Program Files\Intel\Intel(R) Management Engine Components\IPT;C:\Program Files (x86)\NVIDIA Corporation\PhysX\Common;C:\WINDOWS\system32;C:\WINDOWS;C:\WINDOWS\System32\Wbem;C:\WINDOWS\System32\WindowsPowerShell\v1.0\;C:\WINDOWS\System32\OpenSSH\;C:\Program Files\NVIDIA Corporation\NVIDIA NvDLISR;C:\Program Files\Microsoft VS Code\bin;C:\Program Files\Java\jdk1.8.0_111\bin;C:\Users\Feri Winarta\AppData\Local\Microsoft\WindowsApps;
USERNAME=Feri Winarta
OS=Windows_NT
PROCESSOR_IDENTIFIER=Intel64 Family 6 Model 142 Stepping 10, GenuineIntel



---------------  S Y S T E M  ---------------

OS: Windows 10.0 , 64 bit Build 19041 (10.0.19041.292)

CPU:total 8 (4 cores per cpu, 2 threads per core) family 6 model 142 stepping 10, cmov, cx8, fxsr, mmx, sse, sse2, sse3, ssse3, sse4.1, sse4.2, popcnt, avx, avx2, aes, clmul, erms, 3dnowpref, lzcnt, ht, tsc, tscinvbit, bmi1, bmi2, adx

Memory: 4k page, physical 4078220k(212572k free), swap 12366140k(7072k free)

vm_info: Java HotSpot(TM) 64-Bit Server VM (25.111-b14) for windows-amd64 JRE (1.8.0_111-b14), built on Sep 22 2016 19:24:05 by "java_re" with MS VC++ 10.0 (VS2010)

time: Fri Sep 25 19:18:21 2020
elapsed time: 41 seconds (0d 0h 0m 41s)

