#
# There is insufficient memory for the Java Runtime Environment to continue.
# Native memory allocation (malloc) failed to allocate 1117056 bytes for Chunk::new
# Possible reasons:
#   The system is out of physical RAM or swap space
#   In 32 bit mode, the process size limit was hit
# Possible solutions:
#   Reduce memory load on the system
#   Increase physical memory or swap space
#   Check if swap backing store is full
#   Use 64 bit Java on a 64 bit OS
#   Decrease Java heap size (-Xmx/-Xms)
#   Decrease number of Java threads
#   Decrease Java thread stack sizes (-Xss)
#   Set larger code cache with -XX:ReservedCodeCacheSize=
# This output file may be truncated or incomplete.
#
#  Out of Memory Error (allocation.cpp:390), pid=9920, tid=0x0000000000001f5c
#
# JRE version: Java(TM) SE Runtime Environment (8.0_111-b14) (build 1.8.0_111-b14)
# Java VM: Java HotSpot(TM) 64-Bit Server VM (25.111-b14 mixed mode windows-amd64 compressed oops)
# Failed to write core dump. Minidumps are not enabled by default on client versions of Windows
#

---------------  T H R E A D  ---------------

Current thread (0x00000000176e2000):  JavaThread "C2 CompilerThread2" daemon [_thread_in_native, id=8028, stack(0x00000000180a0000,0x00000000181a0000)]

Stack: [0x00000000180a0000,0x00000000181a0000]
[error occurred during error reporting (printing stack bounds), id 0xc0000005]

Native frames: (J=compiled Java code, j=interpreted, Vv=VM code, C=native code)


Current CompileTask:
C2:  37461 1465   !   4       java.net.URLClassLoader$1::run (63 bytes)


---------------  P R O C E S S  ---------------

Java Threads: ( => current thread )
  0x0000000017777000 JavaThread "Service Thread" daemon [_thread_blocked, id=4924, stack(0x00000000182a0000,0x00000000183a0000)]
  0x00000000176e7000 JavaThread "C1 CompilerThread3" daemon [_thread_blocked, id=6876, stack(0x00000000181a0000,0x00000000182a0000)]
=>0x00000000176e2000 JavaThread "C2 CompilerThread2" daemon [_thread_in_native, id=8028, stack(0x00000000180a0000,0x00000000181a0000)]
  0x00000000176cf000 JavaThread "C2 CompilerThread1" daemon [_thread_in_native, id=4600, stack(0x0000000017fa0000,0x00000000180a0000)]
  0x00000000176cc800 JavaThread "C2 CompilerThread0" daemon [_thread_in_native, id=17416, stack(0x0000000017ea0000,0x0000000017fa0000)]
  0x00000000176c9800 JavaThread "Attach Listener" daemon [_thread_blocked, id=20156, stack(0x0000000017da0000,0x0000000017ea0000)]
  0x00000000176c8800 JavaThread "Signal Dispatcher" daemon [_thread_blocked, id=1488, stack(0x0000000017ca0000,0x0000000017da0000)]
  0x00000000176c1800 JavaThread "Finalizer" daemon [_thread_blocked, id=10724, stack(0x0000000017aa0000,0x0000000017ba0000)]
  0x0000000002d98000 JavaThread "Reference Handler" daemon [_thread_blocked, id=17088, stack(0x00000000175a0000,0x00000000176a0000)]
  0x0000000002c9e000 JavaThread "main" [_thread_in_native, id=1952, stack(0x0000000002980000,0x0000000002a80000)]

Other Threads:
  0x00000000157ba800 VMThread [stack: 0x00000000174a0000,0x00000000175a0000] [id=6044]
  0x0000000017761000 WatcherThread [stack: 0x00000000183a0000,0x00000000184a0000] [id=23416]

VM state:not at safepoint (normal execution)

VM Mutex/Monitor currently owned by a thread: None

Heap:
 PSYoungGen      total 35328K, used 18317K [0x00000000eb400000, 0x00000000ed900000, 0x0000000100000000)
  eden space 32768K, 48% used [0x00000000eb400000,0x00000000ec36b3c0,0x00000000ed400000)
  from space 2560K, 98% used [0x00000000ed680000,0x00000000ed8f8040,0x00000000ed900000)
  to   space 2560K, 0% used [0x00000000ed400000,0x00000000ed400000,0x00000000ed680000)
 ParOldGen       total 44032K, used 5664K [0x00000000c1c00000, 0x00000000c4700000, 0x00000000eb400000)
  object space 44032K, 12% used [0x00000000c1c00000,0x00000000c2188280,0x00000000c4700000)
 Metaspace       used 13497K, capacity 13694K, committed 13824K, reserved 1060864K
  class space    used 1685K, capacity 1778K, committed 1792K, reserved 1048576K

Card table byte_map: [0x0000000012160000,0x0000000012360000] byte_map_base: 0x0000000011b52000

Marking Bits: (ParMarkBitMap*) 0x000000006a06a6c0
 Begin Bits: [0x0000000012cb0000, 0x0000000013c40000)
 End Bits:   [0x0000000013c40000, 0x0000000014bd0000)

Polling page: 0x00000000012d0000

CodeCache: size=245760Kb used=5267Kb max_used=5282Kb free=240492Kb
 bounds [0x0000000002da0000, 0x00000000032d0000, 0x0000000011da0000]
 total_blobs=1872 nmethods=1539 adapters=245
 compilation: enabled

Compilation events (10 events):
Event: 34.531 Thread 0x00000000176e7000 1533       3       org.eclipse.sisu.wire.BeanProviders$1::get (5 bytes)
Event: 34.532 Thread 0x00000000176cf000 1535       4       org.eclipse.sisu.inject.TypeArguments::isAssignableFrom (158 bytes)
Event: 34.532 Thread 0x00000000176e7000 nmethod 1533 0x00000000032c1390 code [0x00000000032c1520, 0x00000000032c1918]
Event: 34.532 Thread 0x00000000176e7000 1534       3       org.eclipse.sisu.wire.BeanProviders$1::get (25 bytes)
Event: 34.533 Thread 0x00000000176e7000 nmethod 1534 0x00000000032c4150 code [0x00000000032c42e0, 0x00000000032c4678]
Event: 34.535 Thread 0x00000000176e7000 1536       3       java.util.Hashtable$Enumerator::hasNext (5 bytes)
Event: 34.536 Thread 0x00000000176e7000 nmethod 1536 0x00000000032c0f90 code [0x00000000032c1100, 0x00000000032c1288]
Event: 34.536 Thread 0x00000000176e7000 1537       3       java.util.Hashtable$Enumerator::next (27 bytes)
Event: 34.536 Thread 0x00000000176cf000 nmethod 1535 0x00000000032c3d10 code [0x00000000032c3e60, 0x00000000032c3f78]
Event: 34.537 Thread 0x00000000176e7000 nmethod 1537 0x00000000032c3790 code [0x00000000032c3920, 0x00000000032c3bb8]

GC Heap History (8 events):
Event: 18.100 GC heap before
{Heap before GC invocations=1 (full 0):
 PSYoungGen      total 18944K, used 16384K [0x00000000eb400000, 0x00000000ec900000, 0x0000000100000000)
  eden space 16384K, 100% used [0x00000000eb400000,0x00000000ec400000,0x00000000ec400000)
  from space 2560K, 0% used [0x00000000ec680000,0x00000000ec680000,0x00000000ec900000)
  to   space 2560K, 0% used [0x00000000ec400000,0x00000000ec400000,0x00000000ec680000)
 ParOldGen       total 44032K, used 0K [0x00000000c1c00000, 0x00000000c4700000, 0x00000000eb400000)
  object space 44032K, 0% used [0x00000000c1c00000,0x00000000c1c00000,0x00000000c4700000)
 Metaspace       used 6889K, capacity 7036K, committed 7296K, reserved 1056768K
  class space    used 789K, capacity 856K, committed 896K, reserved 1048576K
Event: 18.212 GC heap after
Heap after GC invocations=1 (full 0):
 PSYoungGen      total 18944K, used 2558K [0x00000000eb400000, 0x00000000ec900000, 0x0000000100000000)
  eden space 16384K, 0% used [0x00000000eb400000,0x00000000eb400000,0x00000000ec400000)
  from space 2560K, 99% used [0x00000000ec400000,0x00000000ec67f980,0x00000000ec680000)
  to   space 2560K, 0% used [0x00000000ec680000,0x00000000ec680000,0x00000000ec900000)
 ParOldGen       total 44032K, used 1008K [0x00000000c1c00000, 0x00000000c4700000, 0x00000000eb400000)
  object space 44032K, 2% used [0x00000000c1c00000,0x00000000c1cfc070,0x00000000c4700000)
 Metaspace       used 6889K, capacity 7036K, committed 7296K, reserved 1056768K
  class space    used 789K, capacity 856K, committed 896K, reserved 1048576K
}
Event: 20.215 GC heap before
{Heap before GC invocations=2 (full 0):
 PSYoungGen      total 18944K, used 18942K [0x00000000eb400000, 0x00000000ec900000, 0x0000000100000000)
  eden space 16384K, 100% used [0x00000000eb400000,0x00000000ec400000,0x00000000ec400000)
  from space 2560K, 99% used [0x00000000ec400000,0x00000000ec67f980,0x00000000ec680000)
  to   space 2560K, 0% used [0x00000000ec680000,0x00000000ec680000,0x00000000ec900000)
 ParOldGen       total 44032K, used 1008K [0x00000000c1c00000, 0x00000000c4700000, 0x00000000eb400000)
  object space 44032K, 2% used [0x00000000c1c00000,0x00000000c1cfc070,0x00000000c4700000)
 Metaspace       used 8425K, capacity 8540K, committed 8832K, reserved 1056768K
  class space    used 1017K, capacity 1080K, committed 1152K, reserved 1048576K
Event: 20.221 GC heap after
Heap after GC invocations=2 (full 0):
 PSYoungGen      total 18944K, used 2542K [0x00000000eb400000, 0x00000000ec900000, 0x0000000100000000)
  eden space 16384K, 0% used [0x00000000eb400000,0x00000000eb400000,0x00000000ec400000)
  from space 2560K, 99% used [0x00000000ec680000,0x00000000ec8fb930,0x00000000ec900000)
  to   space 2560K, 0% used [0x00000000ec400000,0x00000000ec400000,0x00000000ec680000)
 ParOldGen       total 44032K, used 1710K [0x00000000c1c00000, 0x00000000c4700000, 0x00000000eb400000)
  object space 44032K, 3% used [0x00000000c1c00000,0x00000000c1dab948,0x00000000c4700000)
 Metaspace       used 8425K, capacity 8540K, committed 8832K, reserved 1056768K
  class space    used 1017K, capacity 1080K, committed 1152K, reserved 1048576K
}
Event: 24.117 GC heap before
{Heap before GC invocations=3 (full 0):
 PSYoungGen      total 18944K, used 18926K [0x00000000eb400000, 0x00000000ec900000, 0x0000000100000000)
  eden space 16384K, 100% used [0x00000000eb400000,0x00000000ec400000,0x00000000ec400000)
  from space 2560K, 99% used [0x00000000ec680000,0x00000000ec8fb930,0x00000000ec900000)
  to   space 2560K, 0% used [0x00000000ec400000,0x00000000ec400000,0x00000000ec680000)
 ParOldGen       total 44032K, used 1710K [0x00000000c1c00000, 0x00000000c4700000, 0x00000000eb400000)
  object space 44032K, 3% used [0x00000000c1c00000,0x00000000c1dab948,0x00000000c4700000)
 Metaspace       used 9869K, capacity 10012K, committed 10240K, reserved 1058816K
  class space    used 1200K, capacity 1248K, committed 1280K, reserved 1048576K
Event: 24.264 GC heap after
Heap after GC invocations=3 (full 0):
 PSYoungGen      total 18944K, used 2535K [0x00000000eb400000, 0x00000000ed900000, 0x0000000100000000)
  eden space 16384K, 0% used [0x00000000eb400000,0x00000000eb400000,0x00000000ec400000)
  from space 2560K, 99% used [0x00000000ec400000,0x00000000ec679f90,0x00000000ec680000)
  to   space 2560K, 0% used [0x00000000ed680000,0x00000000ed680000,0x00000000ed900000)
 ParOldGen       total 44032K, used 3460K [0x00000000c1c00000, 0x00000000c4700000, 0x00000000eb400000)
  object space 44032K, 7% used [0x00000000c1c00000,0x00000000c1f610c8,0x00000000c4700000)
 Metaspace       used 9869K, capacity 10012K, committed 10240K, reserved 1058816K
  class space    used 1200K, capacity 1248K, committed 1280K, reserved 1048576K
}
Event: 25.551 GC heap before
{Heap before GC invocations=4 (full 0):
 PSYoungGen      total 18944K, used 18919K [0x00000000eb400000, 0x00000000ed900000, 0x0000000100000000)
  eden space 16384K, 100% used [0x00000000eb400000,0x00000000ec400000,0x00000000ec400000)
  from space 2560K, 99% used [0x00000000ec400000,0x00000000ec679f90,0x00000000ec680000)
  to   space 2560K, 0% used [0x00000000ed680000,0x00000000ed680000,0x00000000ed900000)
 ParOldGen       total 44032K, used 3460K [0x00000000c1c00000, 0x00000000c4700000, 0x00000000eb400000)
  object space 44032K, 7% used [0x00000000c1c00000,0x00000000c1f610c8,0x00000000c4700000)
 Metaspace       used 11734K, capacity 11868K, committed 12160K, reserved 1060864K
  class space    used 1455K, capacity 1543K, committed 1664K, reserved 1048576K
Event: 25.556 GC heap after
Heap after GC invocations=4 (full 0):
 PSYoungGen      total 35328K, used 2528K [0x00000000eb400000, 0x00000000ed900000, 0x0000000100000000)
  eden space 32768K, 0% used [0x00000000eb400000,0x00000000eb400000,0x00000000ed400000)
  from space 2560K, 98% used [0x00000000ed680000,0x00000000ed8f8040,0x00000000ed900000)
  to   space 2560K, 0% used [0x00000000ed400000,0x00000000ed400000,0x00000000ed680000)
 ParOldGen       total 44032K, used 5664K [0x00000000c1c00000, 0x00000000c4700000, 0x00000000eb400000)
  object space 44032K, 12% used [0x00000000c1c00000,0x00000000c2188280,0x00000000c4700000)
 Metaspace       used 11734K, capacity 11868K, committed 12160K, reserved 1060864K
  class space    used 1455K, capacity 1543K, committed 1664K, reserved 1048576K
}

Deoptimization events (6 events):
Event: 17.677 Thread 0x0000000002c9e000 Uncommon trap: reason=unstable_if action=reinterpret pc=0x0000000002f1f108 method=java.lang.String.indexOf([CII[CIII)I @ 3
Event: 19.084 Thread 0x0000000002c9e000 Uncommon trap: reason=unstable_if action=reinterpret pc=0x0000000002f69aa4 method=org.codehaus.plexus.util.xml.pull.MXParser.more()C @ 8
Event: 19.342 Thread 0x0000000002c9e000 Uncommon trap: reason=unstable_if action=reinterpret pc=0x00000000030672b4 method=org.codehaus.plexus.util.xml.pull.MXParser.nextImpl()I @ 241
Event: 20.208 Thread 0x0000000002c9e000 Uncommon trap: reason=range_check action=make_not_entrant pc=0x00000000030bbf60 method=sun.reflect.generics.parser.SignatureParser.current()C @ 34
Event: 31.489 Thread 0x0000000002c9e000 Uncommon trap: reason=unstable_if action=reinterpret pc=0x000000000323a75c method=java.lang.ref.ReferenceQueue.poll()Ljava/lang/ref/Reference; @ 4
Event: 34.519 Thread 0x0000000002c9e000 Uncommon trap: reason=unstable_if action=reinterpret pc=0x000000000329ebd0 method=org.eclipse.sisu.inject.InjectorBindings.isAssignableFrom(Lcom/google/inject/TypeLiteral;Lcom/google/inject/Binding;)Z @ 14

Internal exceptions (10 events):
Event: 11.606 Thread 0x0000000002c9e000 Exception <a 'java/security/PrivilegedActionException'> (0x00000000eb84bfb0) thrown at [C:\re\workspace\8-2-build-windows-amd64-cygwin\jdk8u111\7883\hotspot\src\share\vm\prims\jvm.cpp, line 1386]
Event: 18.743 Thread 0x0000000002c9e000 Exception <a 'java/lang/ArrayIndexOutOfBoundsException'> (0x00000000eb778c08) thrown at [C:\re\workspace\8-2-build-windows-amd64-cygwin\jdk8u111\7883\hotspot\src\share\vm\runtime\sharedRuntime.cpp, line 605]
Event: 18.748 Thread 0x0000000002c9e000 Exception <a 'java/lang/ArrayIndexOutOfBoundsException'> (0x00000000eb796018) thrown at [C:\re\workspace\8-2-build-windows-amd64-cygwin\jdk8u111\7883\hotspot\src\share\vm\runtime\sharedRuntime.cpp, line 605]
Event: 18.769 Thread 0x0000000002c9e000 Exception <a 'java/lang/ArrayIndexOutOfBoundsException'> (0x00000000eb7da198) thrown at [C:\re\workspace\8-2-build-windows-amd64-cygwin\jdk8u111\7883\hotspot\src\share\vm\runtime\sharedRuntime.cpp, line 605]
Event: 19.492 Thread 0x0000000002c9e000 Exception <a 'java/lang/ArrayIndexOutOfBoundsException'> (0x00000000ec089c08) thrown at [C:\re\workspace\8-2-build-windows-amd64-cygwin\jdk8u111\7883\hotspot\src\share\vm\runtime\sharedRuntime.cpp, line 605]
Event: 20.037 Thread 0x0000000002c9e000 Exception <a 'java/lang/ArrayIndexOutOfBoundsException'> (0x00000000ec08b798) thrown at [C:\re\workspace\8-2-build-windows-amd64-cygwin\jdk8u111\7883\hotspot\src\share\vm\runtime\sharedRuntime.cpp, line 605]
Event: 20.208 Thread 0x0000000002c9e000 Exception <a 'java/lang/ArrayIndexOutOfBoundsException': 66> (0x00000000ec387ee0) thrown at [C:\re\workspace\8-2-build-windows-amd64-cygwin\jdk8u111\7883\hotspot\src\share\vm\interpreter\interpreterRuntime.cpp, line 366]
Event: 30.495 Thread 0x0000000002c9e000 Exception <a 'java/lang/NoClassDefFoundError': com/google/inject/servlet/ServletModuleTargetVisitor> (0x00000000ebc50a90) thrown at [C:\re\workspace\8-2-build-windows-amd64-cygwin\jdk8u111\7883\hotspot\src\share\vm\classfile\systemDictionary.cpp, line 199
Event: 30.495 Thread 0x0000000002c9e000 Exception <a 'java/lang/NoClassDefFoundError'> (0x00000000ebc50a90) thrown at [C:\re\workspace\8-2-build-windows-amd64-cygwin\jdk8u111\7883\hotspot\src\share\vm\prims\jvm.cpp, line 1390]
Event: 30.496 Thread 0x0000000002c9e000 Exception <a 'java/lang/NoClassDefFoundError': javax/annotation/Priority> (0x00000000ebc55b00) thrown at [C:\re\workspace\8-2-build-windows-amd64-cygwin\jdk8u111\7883\hotspot\src\share\vm\classfile\systemDictionary.cpp, line 199]

Events (10 events):
Event: 34.533 loading class org/apache/maven/settings/building/DefaultSettingsBuildingRequest
Event: 34.533 loading class org/apache/maven/settings/building/DefaultSettingsBuildingRequest done
Event: 34.536 loading class org/apache/maven/execution/ExecutionEvent
Event: 34.536 loading class org/apache/maven/execution/ExecutionEvent done
Event: 34.537 loading class org/apache/maven/building/FileSource
Event: 34.537 loading class org/apache/maven/building/FileSource done
Event: 34.539 loading class java/util/Collections$SingletonMap
Event: 36.055 loading class java/util/Collections$SingletonMap done
Event: 36.056 loading class org/apache/maven/settings/io/xpp3/SettingsXpp3Reader
Event: 36.056 loading class org/apache/maven/settings/io/xpp3/SettingsXpp3Reader done


Dynamic libraries:
0x00007ff730ab0000 - 0x00007ff730ae7000 	C:\Program Files\Java\jdk1.8.0_111\bin\java.exe
0x00007ffe13990000 - 0x00007ffe13b85000 	C:\WINDOWS\SYSTEM32\ntdll.dll
0x00007ffe134b0000 - 0x00007ffe1356d000 	C:\WINDOWS\System32\KERNEL32.DLL
0x00007ffe11680000 - 0x00007ffe11947000 	C:\WINDOWS\System32\KERNELBASE.dll
0x00007ffe13570000 - 0x00007ffe1361a000 	C:\WINDOWS\System32\ADVAPI32.dll
0x00007ffe12040000 - 0x00007ffe120de000 	C:\WINDOWS\System32\msvcrt.dll
0x00007ffe12770000 - 0x00007ffe1280b000 	C:\WINDOWS\System32\sechost.dll
0x00007ffe119f0000 - 0x00007ffe11b14000 	C:\WINDOWS\System32\RPCRT4.dll
0x00007ffe11b20000 - 0x00007ffe11cc0000 	C:\WINDOWS\System32\USER32.dll
0x00007ffe11550000 - 0x00007ffe11572000 	C:\WINDOWS\System32\win32u.dll
0x00007ffe11d20000 - 0x00007ffe11d4a000 	C:\WINDOWS\System32\GDI32.dll
0x00007ffe11310000 - 0x00007ffe11419000 	C:\WINDOWS\System32\gdi32full.dll
0x00007ffe11950000 - 0x00007ffe119ed000 	C:\WINDOWS\System32\msvcp_win.dll
0x00007ffe11580000 - 0x00007ffe11680000 	C:\WINDOWS\System32\ucrtbase.dll
0x00007ffdfd660000 - 0x00007ffdfd8fb000 	C:\WINDOWS\WinSxS\amd64_microsoft.windows.common-controls_6595b64144ccf1df_6.0.19041.488_none_ca04af081b815d21\COMCTL32.dll
0x00007ffe11d60000 - 0x00007ffe11d90000 	C:\WINDOWS\System32\IMM32.DLL
0x000000006a870000 - 0x000000006a942000 	C:\Program Files\Java\jdk1.8.0_111\jre\bin\msvcr100.dll
0x0000000069850000 - 0x000000006a0ea000 	C:\Program Files\Java\jdk1.8.0_111\jre\bin\server\jvm.dll
0x00007ffe11d50000 - 0x00007ffe11d58000 	C:\WINDOWS\System32\PSAPI.DLL
0x00007ffdfc120000 - 0x00007ffdfc129000 	C:\WINDOWS\SYSTEM32\WSOCK32.dll
0x00007ffe12580000 - 0x00007ffe125eb000 	C:\WINDOWS\System32\WS2_32.dll
0x00007ffdff730000 - 0x00007ffdff757000 	C:\WINDOWS\SYSTEM32\WINMM.dll
0x00007ffe0a320000 - 0x00007ffe0a32a000 	C:\WINDOWS\SYSTEM32\VERSION.dll
0x000000006bcf0000 - 0x000000006bcff000 	C:\Program Files\Java\jdk1.8.0_111\jre\bin\verify.dll
0x000000006a800000 - 0x000000006a829000 	C:\Program Files\Java\jdk1.8.0_111\jre\bin\java.dll
0x000000006a7e0000 - 0x000000006a7f6000 	C:\Program Files\Java\jdk1.8.0_111\jre\bin\zip.dll
0x00007ffe12d60000 - 0x00007ffe134a1000 	C:\WINDOWS\System32\SHELL32.dll
0x00007ffe0ee60000 - 0x00007ffe0f5f3000 	C:\WINDOWS\SYSTEM32\windows.storage.dll
0x00007ffe12220000 - 0x00007ffe12575000 	C:\WINDOWS\System32\combase.dll
0x00007ffe10b40000 - 0x00007ffe10b6c000 	C:\WINDOWS\SYSTEM32\Wldp.dll
0x00007ffe12170000 - 0x00007ffe1221e000 	C:\WINDOWS\System32\SHCORE.dll
0x00007ffe11cc0000 - 0x00007ffe11d15000 	C:\WINDOWS\System32\shlwapi.dll
0x00007ffe11000000 - 0x00007ffe11026000 	C:\WINDOWS\SYSTEM32\profapi.dll
0x00007ffe016e0000 - 0x00007ffe016ea000 	C:\Program Files\NetBeans-12.0\netbeans\java\maven\lib\jansi-native\windows64\jansi.dll

VM Arguments:
jvm_args: -Dclassworlds.conf=C:\Program Files\NetBeans-12.0\netbeans\java\maven\bin\..\bin\m2.conf -Dmaven.home=C:\Program Files\NetBeans-12.0\netbeans\java\maven\bin\.. -Dlibrary.jansi.path=C:\Program Files\NetBeans-12.0\netbeans\java\maven\bin\..\lib\jansi-native -Dmaven.multiModuleProjectDirectory=C:\Dev\tutorial08 
java_command: org.codehaus.plexus.classworlds.launcher.Launcher -Dmaven.ext.class.path=C:\Users\Feri Winarta\AppData\Roaming\NetBeans\12.0\maven-nblib\netbeans-eventspy.jar -Dfile.encoding=UTF-8 install
java_class_path (initial): C:\Program Files\NetBeans-12.0\netbeans\java\maven\bin\..\boot\plexus-classworlds-2.6.0.jar
Launcher Type: SUN_STANDARD

Environment Variables:
JAVA_HOME=C:\Program Files\Java\jdk1.8.0_111
PATH=C:\Program Files (x86)\Common Files\Oracle\Java\javapath;C:\ProgramData\Oracle\Java\javapath;C:\Program Files (x86)\Common Files\Intel\Shared Files\cpp\bin\Intel64;C:\Program Files (x86)\Intel\iCLS Client\;C:\Program Files\Intel\iCLS Client\;C:\Windows\system32;C:\Windows;C:\Windows\System32\Wbem;C:\Windows\System32\WindowsPowerShell\v1.0\;C:\Program Files (x86)\Intel\Intel(R) Management Engine Components\DAL;C:\Program Files\Intel\Intel(R) Management Engine Components\DAL;C:\Program Files (x86)\Intel\Intel(R) Management Engine Components\IPT;C:\Program Files\Intel\Intel(R) Management Engine Components\IPT;C:\Program Files (x86)\NVIDIA Corporation\PhysX\Common;C:\WINDOWS\system32;C:\WINDOWS;C:\WINDOWS\System32\Wbem;C:\WINDOWS\System32\WindowsPowerShell\v1.0\;C:\WINDOWS\System32\OpenSSH\;C:\Program Files\NVIDIA Corporation\NVIDIA NvDLISR;C:\Program Files\Microsoft VS Code\bin;C:\Program Files\Java\jdk1.8.0_111\bin;C:\Users\Feri Winarta\AppData\Local\Microsoft\WindowsApps;
USERNAME=Feri Winarta
OS=Windows_NT
PROCESSOR_IDENTIFIER=Intel64 Family 6 Model 142 Stepping 10, GenuineIntel



---------------  S Y S T E M  ---------------

OS: Windows 10.0 , 64 bit Build 19041 (10.0.19041.292)

CPU:total 8 (4 cores per cpu, 2 threads per core) family 6 model 142 stepping 10, cmov, cx8, fxsr, mmx, sse, sse2, sse3, ssse3, sse4.1, sse4.2, popcnt, avx, avx2, aes, clmul, erms, 3dnowpref, lzcnt, ht, tsc, tscinvbit, bmi1, bmi2, adx

Memory: 4k page, physical 4078220k(223940k free), swap 12366140k(60k free)

vm_info: Java HotSpot(TM) 64-Bit Server VM (25.111-b14) for windows-amd64 JRE (1.8.0_111-b14), built on Sep 22 2016 19:24:05 by "java_re" with MS VC++ 10.0 (VS2010)

time: Fri Sep 25 19:18:19 2020
elapsed time: 42 seconds (0d 0h 0m 42s)

