#
# There is insufficient memory for the Java Runtime Environment to continue.
# Native memory allocation (malloc) failed to allocate 32744 bytes for ChunkPool::allocate
# Possible reasons:
#   The system is out of physical RAM or swap space
#   In 32 bit mode, the process size limit was hit
# Possible solutions:
#   Reduce memory load on the system
#   Increase physical memory or swap space
#   Check if swap backing store is full
#   Use 64 bit Java on a 64 bit OS
#   Decrease Java heap size (-Xmx/-Xms)
#   Decrease number of Java threads
#   Decrease Java thread stack sizes (-Xss)
#   Set larger code cache with -XX:ReservedCodeCacheSize=
# This output file may be truncated or incomplete.
#
#  Out of Memory Error (allocation.cpp:273), pid=16100, tid=0x0000000000004b24
#
# JRE version: Java(TM) SE Runtime Environment (8.0_111-b14) (build 1.8.0_111-b14)
# Java VM: Java HotSpot(TM) 64-Bit Server VM (25.111-b14 mixed mode windows-amd64 compressed oops)
# Failed to write core dump. Minidumps are not enabled by default on client versions of Windows
#

---------------  T H R E A D  ---------------

Current thread (0x00000000173d2000):  JavaThread "C2 CompilerThread2" daemon [_thread_in_native, id=19236, stack(0x0000000017db0000,0x0000000017eb0000)]

Stack: [0x0000000017db0000,0x0000000017eb0000]
[error occurred during error reporting (printing stack bounds), id 0xc0000005]

Native frames: (J=compiled Java code, j=interpreted, Vv=VM code, C=native code)


Current CompileTask:
C2:  54388 1997       4       sun.nio.cs.UTF_8$Decoder::decode (779 bytes)


---------------  P R O C E S S  ---------------

Java Threads: ( => current thread )
  0x0000000017463800 JavaThread "Service Thread" daemon [_thread_blocked, id=13144, stack(0x0000000017fb0000,0x00000000180b0000)]
  0x00000000173d8800 JavaThread "C1 CompilerThread3" daemon [_thread_blocked, id=15500, stack(0x0000000017eb0000,0x0000000017fb0000)]
=>0x00000000173d2000 JavaThread "C2 CompilerThread2" daemon [_thread_in_native, id=19236, stack(0x0000000017db0000,0x0000000017eb0000)]
  0x00000000173cf000 JavaThread "C2 CompilerThread1" daemon [_thread_blocked, id=22520, stack(0x0000000017cb0000,0x0000000017db0000)]
  0x00000000173cd000 JavaThread "C2 CompilerThread0" daemon [_thread_blocked, id=14096, stack(0x0000000017bb0000,0x0000000017cb0000)]
  0x00000000173ca000 JavaThread "Attach Listener" daemon [_thread_blocked, id=6548, stack(0x0000000017ab0000,0x0000000017bb0000)]
  0x00000000173c9800 JavaThread "Signal Dispatcher" daemon [_thread_blocked, id=8896, stack(0x00000000179b0000,0x0000000017ab0000)]
  0x00000000173c0800 JavaThread "Finalizer" daemon [_thread_blocked, id=18340, stack(0x00000000177a0000,0x00000000178a0000)]
  0x0000000002a8a800 JavaThread "Reference Handler" daemon [_thread_blocked, id=10908, stack(0x00000000172a0000,0x00000000173a0000)]
  0x000000000277e000 JavaThread "main" [_thread_in_native, id=18596, stack(0x0000000002890000,0x0000000002990000)]

Other Threads:
  0x00000000154da000 VMThread [stack: 0x00000000171a0000,0x00000000172a0000] [id=5024]
  0x0000000017469800 WatcherThread [stack: 0x00000000180b0000,0x00000000181b0000] [id=14440]

VM state:synchronizing (normal execution)

VM Mutex/Monitor currently owned by a thread:  ([mutex/lock_event])
[0x000000000277d350] Safepoint_lock - owner thread: 0x00000000154da000
[0x000000000277d3d0] Threads_lock - owner thread: 0x00000000154da000

Heap:
 PSYoungGen      total 68096K, used 7908K [0x00000000eb400000, 0x00000000ef900000, 0x0000000100000000)
  eden space 65536K, 8% used [0x00000000eb400000,0x00000000eb93d1e0,0x00000000ef400000)
  from space 2560K, 99% used [0x00000000ef680000,0x00000000ef8fc010,0x00000000ef900000)
  to   space 2560K, 0% used [0x00000000ef400000,0x00000000ef400000,0x00000000ef680000)
 ParOldGen       total 44032K, used 10701K [0x00000000c1c00000, 0x00000000c4700000, 0x00000000eb400000)
  object space 44032K, 24% used [0x00000000c1c00000,0x00000000c2673550,0x00000000c4700000)
 Metaspace       used 16888K, capacity 17220K, committed 17408K, reserved 1064960K
  class space    used 2047K, capacity 2181K, committed 2304K, reserved 1048576K

Card table byte_map: [0x0000000011e60000,0x0000000012060000] byte_map_base: 0x0000000011852000

Marking Bits: (ParMarkBitMap*) 0x000000006a06a6c0
 Begin Bits: [0x00000000129b0000, 0x0000000013940000)
 End Bits:   [0x0000000013940000, 0x00000000148d0000)

Polling page: 0x0000000002750000

CodeCache: size=245760Kb used=6841Kb max_used=6853Kb free=238918Kb
 bounds [0x0000000002aa0000, 0x0000000003160000, 0x0000000011aa0000]
 total_blobs=2363 nmethods=1995 adapters=280
 compilation: enabled

Compilation events (10 events):
Event: 32.960 Thread 0x00000000173d2000 nmethod 1972 0x0000000003145dd0 code [0x0000000003145fa0, 0x00000000031469f0]
Event: 32.964 Thread 0x00000000173cf000 nmethod 1989 0x00000000031447d0 code [0x0000000003144940, 0x00000000031455f8]
Event: 33.412 Thread 0x00000000173cd000 1991       4       java.util.Arrays::hashCode (44 bytes)
Event: 33.415 Thread 0x00000000173cd000 nmethod 1991 0x000000000313ea50 code [0x000000000313eb80, 0x000000000313ecd8]
Event: 43.340 Thread 0x00000000173d2000 1993       4       sun.nio.cs.SingleByte$Encoder::encode (32 bytes)
Event: 43.344 Thread 0x00000000173d2000 nmethod 1993 0x00000000031440d0 code [0x0000000003144220, 0x0000000003144338]
Event: 49.091 Thread 0x00000000173d8800 1994       3       java.util.jar.Manifest::toLower (24 bytes)
Event: 49.092 Thread 0x00000000173d8800 nmethod 1994 0x0000000003143c50 code [0x0000000003143da0, 0x0000000003143f90]
Event: 49.092 Thread 0x00000000173d8800 1995   !   3       java.util.jar.Attributes::read (380 bytes)
Event: 49.094 Thread 0x00000000173d2000 1997       4       sun.nio.cs.UTF_8$Decoder::decode (779 bytes)

GC Heap History (8 events):
Event: 1.657 GC heap before
{Heap before GC invocations=1 (full 0):
 PSYoungGen      total 18944K, used 16384K [0x00000000eb400000, 0x00000000ec900000, 0x0000000100000000)
  eden space 16384K, 100% used [0x00000000eb400000,0x00000000ec400000,0x00000000ec400000)
  from space 2560K, 0% used [0x00000000ec680000,0x00000000ec680000,0x00000000ec900000)
  to   space 2560K, 0% used [0x00000000ec400000,0x00000000ec400000,0x00000000ec680000)
 ParOldGen       total 44032K, used 0K [0x00000000c1c00000, 0x00000000c4700000, 0x00000000eb400000)
  object space 44032K, 0% used [0x00000000c1c00000,0x00000000c1c00000,0x00000000c4700000)
 Metaspace       used 6896K, capacity 7036K, committed 7296K, reserved 1056768K
  class space    used 790K, capacity 856K, committed 896K, reserved 1048576K
Event: 1.686 GC heap after
Heap after GC invocations=1 (full 0):
 PSYoungGen      total 18944K, used 2551K [0x00000000eb400000, 0x00000000ed900000, 0x0000000100000000)
  eden space 16384K, 0% used [0x00000000eb400000,0x00000000eb400000,0x00000000ec400000)
  from space 2560K, 99% used [0x00000000ec400000,0x00000000ec67dda0,0x00000000ec680000)
  to   space 2560K, 0% used [0x00000000ed680000,0x00000000ed680000,0x00000000ed900000)
 ParOldGen       total 44032K, used 1005K [0x00000000c1c00000, 0x00000000c4700000, 0x00000000eb400000)
  object space 44032K, 2% used [0x00000000c1c00000,0x00000000c1cfb478,0x00000000c4700000)
 Metaspace       used 6896K, capacity 7036K, committed 7296K, reserved 1056768K
  class space    used 790K, capacity 856K, committed 896K, reserved 1048576K
}
Event: 2.580 GC heap before
{Heap before GC invocations=2 (full 0):
 PSYoungGen      total 18944K, used 18935K [0x00000000eb400000, 0x00000000ed900000, 0x0000000100000000)
  eden space 16384K, 100% used [0x00000000eb400000,0x00000000ec400000,0x00000000ec400000)
  from space 2560K, 99% used [0x00000000ec400000,0x00000000ec67dda0,0x00000000ec680000)
  to   space 2560K, 0% used [0x00000000ed680000,0x00000000ed680000,0x00000000ed900000)
 ParOldGen       total 44032K, used 1005K [0x00000000c1c00000, 0x00000000c4700000, 0x00000000eb400000)
  object space 44032K, 2% used [0x00000000c1c00000,0x00000000c1cfb478,0x00000000c4700000)
 Metaspace       used 8425K, capacity 8540K, committed 8832K, reserved 1056768K
  class space    used 1019K, capacity 1080K, committed 1152K, reserved 1048576K
Event: 2.616 GC heap after
Heap after GC invocations=2 (full 0):
 PSYoungGen      total 35328K, used 2558K [0x00000000eb400000, 0x00000000ed900000, 0x0000000100000000)
  eden space 32768K, 0% used [0x00000000eb400000,0x00000000eb400000,0x00000000ed400000)
  from space 2560K, 99% used [0x00000000ed680000,0x00000000ed8ff940,0x00000000ed900000)
  to   space 2560K, 0% used [0x00000000ed400000,0x00000000ed400000,0x00000000ed680000)
 ParOldGen       total 44032K, used 1668K [0x00000000c1c00000, 0x00000000c4700000, 0x00000000eb400000)
  object space 44032K, 3% used [0x00000000c1c00000,0x00000000c1da1038,0x00000000c4700000)
 Metaspace       used 8425K, capacity 8540K, committed 8832K, reserved 1056768K
  class space    used 1019K, capacity 1080K, committed 1152K, reserved 1048576K
}
Event: 4.078 GC heap before
{Heap before GC invocations=3 (full 0):
 PSYoungGen      total 35328K, used 35326K [0x00000000eb400000, 0x00000000ed900000, 0x0000000100000000)
  eden space 32768K, 100% used [0x00000000eb400000,0x00000000ed400000,0x00000000ed400000)
  from space 2560K, 99% used [0x00000000ed680000,0x00000000ed8ff940,0x00000000ed900000)
  to   space 2560K, 0% used [0x00000000ed400000,0x00000000ed400000,0x00000000ed680000)
 ParOldGen       total 44032K, used 1668K [0x00000000c1c00000, 0x00000000c4700000, 0x00000000eb400000)
  object space 44032K, 3% used [0x00000000c1c00000,0x00000000c1da1038,0x00000000c4700000)
 Metaspace       used 11733K, capacity 11868K, committed 12160K, reserved 1060864K
  class space    used 1455K, capacity 1543K, committed 1664K, reserved 1048576K
Event: 4.091 GC heap after
Heap after GC invocations=3 (full 0):
 PSYoungGen      total 35328K, used 2544K [0x00000000eb400000, 0x00000000ef900000, 0x0000000100000000)
  eden space 32768K, 0% used [0x00000000eb400000,0x00000000eb400000,0x00000000ed400000)
  from space 2560K, 99% used [0x00000000ed400000,0x00000000ed67c030,0x00000000ed680000)
  to   space 2560K, 0% used [0x00000000ef680000,0x00000000ef680000,0x00000000ef900000)
 ParOldGen       total 44032K, used 5875K [0x00000000c1c00000, 0x00000000c4700000, 0x00000000eb400000)
  object space 44032K, 13% used [0x00000000c1c00000,0x00000000c21bcd28,0x00000000c4700000)
 Metaspace       used 11733K, capacity 11868K, committed 12160K, reserved 1060864K
  class space    used 1455K, capacity 1543K, committed 1664K, reserved 1048576K
}
Event: 32.742 GC heap before
{Heap before GC invocations=4 (full 0):
 PSYoungGen      total 35328K, used 35312K [0x00000000eb400000, 0x00000000ef900000, 0x0000000100000000)
  eden space 32768K, 100% used [0x00000000eb400000,0x00000000ed400000,0x00000000ed400000)
  from space 2560K, 99% used [0x00000000ed400000,0x00000000ed67c030,0x00000000ed680000)
  to   space 2560K, 0% used [0x00000000ef680000,0x00000000ef680000,0x00000000ef900000)
 ParOldGen       total 44032K, used 5875K [0x00000000c1c00000, 0x00000000c4700000, 0x00000000eb400000)
  object space 44032K, 13% used [0x00000000c1c00000,0x00000000c21bcd28,0x00000000c4700000)
 Metaspace       used 16614K, capacity 16880K, committed 17024K, reserved 1064960K
  class space    used 2013K, capacity 2112K, committed 2176K, reserved 1048576K
Event: 32.830 GC heap after
Heap after GC invocations=4 (full 0):
 PSYoungGen      total 68096K, used 2544K [0x00000000eb400000, 0x00000000ef900000, 0x0000000100000000)
  eden space 65536K, 0% used [0x00000000eb400000,0x00000000eb400000,0x00000000ef400000)
  from space 2560K, 99% used [0x00000000ef680000,0x00000000ef8fc010,0x00000000ef900000)
  to   space 2560K, 0% used [0x00000000ef400000,0x00000000ef400000,0x00000000ef680000)
 ParOldGen       total 44032K, used 10701K [0x00000000c1c00000, 0x00000000c4700000, 0x00000000eb400000)
  object space 44032K, 24% used [0x00000000c1c00000,0x00000000c2673550,0x00000000c4700000)
 Metaspace       used 16614K, capacity 16880K, committed 17024K, reserved 1064960K
  class space    used 2013K, capacity 2112K, committed 2176K, reserved 1048576K
}

Deoptimization events (10 events):
Event: 26.876 Thread 0x000000000277e000 Uncommon trap: reason=unstable_if action=reinterpret pc=0x0000000002e0eafc method=java.lang.CharacterDataLatin1.isWhitespace(I)Z @ 14
Event: 27.351 Thread 0x000000000277e000 Uncommon trap: reason=unloaded action=reinterpret pc=0x0000000003008a48 method=java.util.jar.JarFile.getInputStream(Ljava/util/zip/ZipEntry;)Ljava/io/InputStream; @ 46
Event: 27.373 Thread 0x000000000277e000 Uncommon trap: reason=unstable_if action=reinterpret pc=0x00000000030ae2d8 method=java.lang.String.trim()Ljava/lang/String; @ 63
Event: 28.327 Thread 0x000000000277e000 Uncommon trap: reason=class_check action=maybe_recompile pc=0x000000000304bab0 method=java.util.regex.Pattern$CharProperty$1.isSatisfiedBy(I)Z @ 5
Event: 28.327 Thread 0x000000000277e000 Uncommon trap: reason=class_check action=maybe_recompile pc=0x000000000304bab0 method=java.util.regex.Pattern$CharProperty$1.isSatisfiedBy(I)Z @ 5
Event: 28.327 Thread 0x000000000277e000 Uncommon trap: reason=class_check action=maybe_recompile pc=0x000000000304bab0 method=java.util.regex.Pattern$CharProperty$1.isSatisfiedBy(I)Z @ 5
Event: 28.327 Thread 0x000000000277e000 Uncommon trap: reason=class_check action=maybe_recompile pc=0x000000000304bab0 method=java.util.regex.Pattern$CharProperty$1.isSatisfiedBy(I)Z @ 5
Event: 32.328 Thread 0x000000000277e000 Uncommon trap: reason=unstable_if action=reinterpret pc=0x0000000002bca6a0 method=java.net.URI.match(CJJ)Z @ 45
Event: 44.639 Thread 0x000000000277e000 Uncommon trap: reason=predicate action=maybe_recompile pc=0x0000000002e2ec58 method=java.lang.String.regionMatches(ZILjava/lang/String;II)Z @ 63
Event: 49.091 Thread 0x000000000277e000 Uncommon trap: reason=unstable_if action=reinterpret pc=0x0000000002e6bf34 method=java.util.jar.Manifest$FastInputStream.readLine([BII)I @ 87

Internal exceptions (10 events):
Event: 25.218 Thread 0x000000000277e000 Exception <a 'java/lang/NullPointerException'> (0x00000000ed01f960) thrown at [C:\re\workspace\8-2-build-windows-amd64-cygwin\jdk8u111\7883\hotspot\src\share\vm\interpreter\linkResolver.cpp, line 1178]
Event: 25.218 Thread 0x000000000277e000 Exception <a 'java/lang/NullPointerException'> (0x00000000ed01fd60) thrown at [C:\re\workspace\8-2-build-windows-amd64-cygwin\jdk8u111\7883\hotspot\src\share\vm\interpreter\linkResolver.cpp, line 1178]
Event: 25.218 Thread 0x000000000277e000 Exception <a 'java/lang/NullPointerException'> (0x00000000ed020160) thrown at [C:\re\workspace\8-2-build-windows-amd64-cygwin\jdk8u111\7883\hotspot\src\share\vm\interpreter\linkResolver.cpp, line 1178]
Event: 25.331 Thread 0x000000000277e000 Exception <a 'java/lang/NullPointerException'> (0x00000000ed037bc0) thrown at [C:\re\workspace\8-2-build-windows-amd64-cygwin\jdk8u111\7883\hotspot\src\share\vm\interpreter\linkResolver.cpp, line 1178]
Event: 25.331 Thread 0x000000000277e000 Exception <a 'java/lang/NullPointerException'> (0x00000000ed037fc0) thrown at [C:\re\workspace\8-2-build-windows-amd64-cygwin\jdk8u111\7883\hotspot\src\share\vm\interpreter\linkResolver.cpp, line 1178]
Event: 25.331 Thread 0x000000000277e000 Exception <a 'java/lang/NullPointerException'> (0x00000000ed0383c0) thrown at [C:\re\workspace\8-2-build-windows-amd64-cygwin\jdk8u111\7883\hotspot\src\share\vm\interpreter\linkResolver.cpp, line 1178]
Event: 49.087 Thread 0x000000000277e000 Exception <a 'java/lang/Error': IP Helper Library GetIpAddrTable function failed> (0x00000000eb6a74a8) thrown at [C:\re\workspace\8-2-build-windows-amd64-cygwin\jdk8u111\7883\hotspot\src\share\vm\prims\jni.cpp, line 735]
Event: 49.087 Thread 0x000000000277e000 Exception <a 'java/lang/Error'> (0x00000000eb6a74a8) thrown at [C:\re\workspace\8-2-build-windows-amd64-cygwin\jdk8u111\7883\hotspot\src\share\vm\prims\jvm.cpp, line 1390]
Event: 49.087 Thread 0x000000000277e000 Exception <a 'java/lang/Error'> (0x00000000eb6a74a8) thrown at [C:\re\workspace\8-2-build-windows-amd64-cygwin\jdk8u111\7883\hotspot\src\share\vm\oops\instanceKlass.cpp, line 964]
Event: 49.087 Thread 0x000000000277e000 Exception <a 'java/lang/reflect/InvocationTargetException'> (0x00000000eb6a7c68) thrown at [C:\re\workspace\8-2-build-windows-amd64-cygwin\jdk8u111\7883\hotspot\src\share\vm\runtime\reflection.cpp, line 1092]

Events (10 events):
Event: 44.750 loading class java/net/DefaultInterface done
Event: 49.088 loading class com/sun/crypto/provider/SunJCE
Event: 49.088 loading class com/sun/crypto/provider/SunJCE done
Event: 49.091 Thread 0x000000000277e000 Uncommon trap: trap_request=0xffffff65 fr.pc=0x0000000002e6bf34
Event: 49.091 Thread 0x000000000277e000 DEOPT PACKING pc=0x0000000002e6bf34 sp=0x0000000002989db0
Event: 49.091 Thread 0x000000000277e000 DEOPT UNPACKING pc=0x0000000002ae582a sp=0x0000000002989d50 mode 2
Event: 49.092 Thread 0x000000000277e000 DEOPT PACKING pc=0x000000000306255a sp=0x0000000002989940
Event: 49.092 Thread 0x000000000277e000 DEOPT UNPACKING pc=0x0000000002ae787f sp=0x00000000029897c0 mode 0
Event: 49.094 Thread 0x000000000277e000 DEOPT PACKING pc=0x000000000306255a sp=0x0000000002989940
Event: 49.094 Thread 0x000000000277e000 DEOPT UNPACKING pc=0x0000000002ae787f sp=0x00000000029897c0 mode 0


Dynamic libraries:
0x00007ff730ab0000 - 0x00007ff730ae7000 	C:\Program Files\Java\jdk1.8.0_111\bin\java.exe
0x00007ffe13990000 - 0x00007ffe13b85000 	C:\WINDOWS\SYSTEM32\ntdll.dll
0x00007ffe134b0000 - 0x00007ffe1356d000 	C:\WINDOWS\System32\KERNEL32.DLL
0x00007ffe11680000 - 0x00007ffe11947000 	C:\WINDOWS\System32\KERNELBASE.dll
0x00007ffe13570000 - 0x00007ffe1361a000 	C:\WINDOWS\System32\ADVAPI32.dll
0x00007ffe12040000 - 0x00007ffe120de000 	C:\WINDOWS\System32\msvcrt.dll
0x00007ffe12770000 - 0x00007ffe1280b000 	C:\WINDOWS\System32\sechost.dll
0x00007ffe119f0000 - 0x00007ffe11b14000 	C:\WINDOWS\System32\RPCRT4.dll
0x00007ffe11b20000 - 0x00007ffe11cc0000 	C:\WINDOWS\System32\USER32.dll
0x00007ffe11550000 - 0x00007ffe11572000 	C:\WINDOWS\System32\win32u.dll
0x00007ffe11d20000 - 0x00007ffe11d4a000 	C:\WINDOWS\System32\GDI32.dll
0x00007ffe11310000 - 0x00007ffe11419000 	C:\WINDOWS\System32\gdi32full.dll
0x00007ffe11950000 - 0x00007ffe119ed000 	C:\WINDOWS\System32\msvcp_win.dll
0x00007ffe11580000 - 0x00007ffe11680000 	C:\WINDOWS\System32\ucrtbase.dll
0x00007ffdfd660000 - 0x00007ffdfd8fb000 	C:\WINDOWS\WinSxS\amd64_microsoft.windows.common-controls_6595b64144ccf1df_6.0.19041.488_none_ca04af081b815d21\COMCTL32.dll
0x00007ffe11d60000 - 0x00007ffe11d90000 	C:\WINDOWS\System32\IMM32.DLL
0x000000006a870000 - 0x000000006a942000 	C:\Program Files\Java\jdk1.8.0_111\jre\bin\msvcr100.dll
0x0000000069850000 - 0x000000006a0ea000 	C:\Program Files\Java\jdk1.8.0_111\jre\bin\server\jvm.dll
0x00007ffe11d50000 - 0x00007ffe11d58000 	C:\WINDOWS\System32\PSAPI.DLL
0x00007ffdff730000 - 0x00007ffdff757000 	C:\WINDOWS\SYSTEM32\WINMM.dll
0x00007ffdfc120000 - 0x00007ffdfc129000 	C:\WINDOWS\SYSTEM32\WSOCK32.dll
0x00007ffe12580000 - 0x00007ffe125eb000 	C:\WINDOWS\System32\WS2_32.dll
0x00007ffe0a320000 - 0x00007ffe0a32a000 	C:\WINDOWS\SYSTEM32\VERSION.dll
0x000000006bcf0000 - 0x000000006bcff000 	C:\Program Files\Java\jdk1.8.0_111\jre\bin\verify.dll
0x000000006a800000 - 0x000000006a829000 	C:\Program Files\Java\jdk1.8.0_111\jre\bin\java.dll
0x000000006a7e0000 - 0x000000006a7f6000 	C:\Program Files\Java\jdk1.8.0_111\jre\bin\zip.dll
0x00007ffe12d60000 - 0x00007ffe134a1000 	C:\WINDOWS\System32\SHELL32.dll
0x00007ffe0ee60000 - 0x00007ffe0f5f3000 	C:\WINDOWS\SYSTEM32\windows.storage.dll
0x00007ffe12220000 - 0x00007ffe12575000 	C:\WINDOWS\System32\combase.dll
0x00007ffe10b40000 - 0x00007ffe10b6c000 	C:\WINDOWS\SYSTEM32\Wldp.dll
0x00007ffe12170000 - 0x00007ffe1221e000 	C:\WINDOWS\System32\SHCORE.dll
0x00007ffe11cc0000 - 0x00007ffe11d15000 	C:\WINDOWS\System32\shlwapi.dll
0x00007ffe11000000 - 0x00007ffe11026000 	C:\WINDOWS\SYSTEM32\profapi.dll
0x00007ffe016e0000 - 0x00007ffe016ea000 	C:\Program Files\NetBeans-12.0\netbeans\java\maven\lib\jansi-native\windows64\jansi.dll
0x000000006a7c0000 - 0x000000006a7da000 	C:\Program Files\Java\jdk1.8.0_111\jre\bin\net.dll
0x00007ffe108c0000 - 0x00007ffe1092a000 	C:\WINDOWS\system32\mswsock.dll
0x000000006a7a0000 - 0x000000006a7b1000 	C:\Program Files\Java\jdk1.8.0_111\jre\bin\nio.dll
0x00000000695e0000 - 0x0000000069604000 	C:\Program Files\Java\jdk1.8.0_111\jre\bin\sunec.dll
0x00007ffe10aa0000 - 0x00007ffe10ab8000 	C:\WINDOWS\SYSTEM32\CRYPTSP.dll
0x00007ffe101e0000 - 0x00007ffe10214000 	C:\WINDOWS\system32\rsaenh.dll
0x00007ffe11520000 - 0x00007ffe11547000 	C:\WINDOWS\System32\bcrypt.dll
0x00007ffe10fc0000 - 0x00007ffe10fee000 	C:\WINDOWS\SYSTEM32\USERENV.dll
0x00007ffe110d0000 - 0x00007ffe1114f000 	C:\WINDOWS\System32\bcryptprimitives.dll
0x00007ffe10a90000 - 0x00007ffe10a9c000 	C:\WINDOWS\SYSTEM32\CRYPTBASE.dll
0x00007ffe10560000 - 0x00007ffe1059b000 	C:\WINDOWS\SYSTEM32\IPHLPAPI.DLL
0x00007ffe120e0000 - 0x00007ffe120e9000 	C:\WINDOWS\System32\NSI.dll

VM Arguments:
jvm_args: -Dclassworlds.conf=C:\Program Files\NetBeans-12.0\netbeans\java\maven\bin\..\bin\m2.conf -Dmaven.home=C:\Program Files\NetBeans-12.0\netbeans\java\maven\bin\.. -Dlibrary.jansi.path=C:\Program Files\NetBeans-12.0\netbeans\java\maven\bin\..\lib\jansi-native -Dmaven.multiModuleProjectDirectory=C:\Dev\tutorial08 
java_command: org.codehaus.plexus.classworlds.launcher.Launcher -Dmaven.ext.class.path=C:\Users\Feri Winarta\AppData\Roaming\NetBeans\12.0\maven-nblib\netbeans-eventspy.jar -Dfile.encoding=UTF-8 install
java_class_path (initial): C:\Program Files\NetBeans-12.0\netbeans\java\maven\bin\..\boot\plexus-classworlds-2.6.0.jar
Launcher Type: SUN_STANDARD

Environment Variables:
JAVA_HOME=C:\Program Files\Java\jdk1.8.0_111
PATH=C:\Program Files (x86)\Common Files\Oracle\Java\javapath;C:\ProgramData\Oracle\Java\javapath;C:\Program Files (x86)\Common Files\Intel\Shared Files\cpp\bin\Intel64;C:\Program Files (x86)\Intel\iCLS Client\;C:\Program Files\Intel\iCLS Client\;C:\Windows\system32;C:\Windows;C:\Windows\System32\Wbem;C:\Windows\System32\WindowsPowerShell\v1.0\;C:\Program Files (x86)\Intel\Intel(R) Management Engine Components\DAL;C:\Program Files\Intel\Intel(R) Management Engine Components\DAL;C:\Program Files (x86)\Intel\Intel(R) Management Engine Components\IPT;C:\Program Files\Intel\Intel(R) Management Engine Components\IPT;C:\Program Files (x86)\NVIDIA Corporation\PhysX\Common;C:\WINDOWS\system32;C:\WINDOWS;C:\WINDOWS\System32\Wbem;C:\WINDOWS\System32\WindowsPowerShell\v1.0\;C:\WINDOWS\System32\OpenSSH\;C:\Program Files\NVIDIA Corporation\NVIDIA NvDLISR;C:\Program Files\Microsoft VS Code\bin;C:\Program Files\Java\jdk1.8.0_111\bin;C:\Users\Feri Winarta\AppData\Local\Microsoft\WindowsApps;
USERNAME=Feri Winarta
OS=Windows_NT
PROCESSOR_IDENTIFIER=Intel64 Family 6 Model 142 Stepping 10, GenuineIntel



---------------  S Y S T E M  ---------------

OS: Windows 10.0 , 64 bit Build 19041 (10.0.19041.292)

CPU:total 8 (4 cores per cpu, 2 threads per core) family 6 model 142 stepping 10, cmov, cx8, fxsr, mmx, sse, sse2, sse3, ssse3, sse4.1, sse4.2, popcnt, avx, avx2, aes, clmul, erms, 3dnowpref, lzcnt, ht, tsc, tscinvbit, bmi1, bmi2, adx

Memory: 4k page, physical 4078220k(196892k free), swap 12366140k(4k free)

vm_info: Java HotSpot(TM) 64-Bit Server VM (25.111-b14) for windows-amd64 JRE (1.8.0_111-b14), built on Sep 22 2016 19:24:05 by "java_re" with MS VC++ 10.0 (VS2010)

time: Fri Sep 25 19:18:22 2020
elapsed time: 54 seconds (0d 0h 0m 54s)

