#
# There is insufficient memory for the Java Runtime Environment to continue.
# Native memory allocation (malloc) failed to allocate 32744 bytes for ChunkPool::allocate
# Possible reasons:
#   The system is out of physical RAM or swap space
#   In 32 bit mode, the process size limit was hit
# Possible solutions:
#   Reduce memory load on the system
#   Increase physical memory or swap space
#   Check if swap backing store is full
#   Use 64 bit Java on a 64 bit OS
#   Decrease Java heap size (-Xmx/-Xms)
#   Decrease number of Java threads
#   Decrease Java thread stack sizes (-Xss)
#   Set larger code cache with -XX:ReservedCodeCacheSize=
# This output file may be truncated or incomplete.
#
#  Out of Memory Error (allocation.cpp:273), pid=11580, tid=0x0000000000005b98
#
# JRE version: Java(TM) SE Runtime Environment (8.0_111-b14) (build 1.8.0_111-b14)
# Java VM: Java HotSpot(TM) 64-Bit Server VM (25.111-b14 mixed mode windows-amd64 compressed oops)
# Failed to write core dump. Minidumps are not enabled by default on client versions of Windows
#

---------------  T H R E A D  ---------------

Current thread (0x00000000172c5000):  JavaThread "C1 CompilerThread3" daemon [_thread_in_vm, id=23448, stack(0x0000000017d70000,0x0000000017e70000)]

Stack: [0x0000000017d70000,0x0000000017e70000]
[error occurred during error reporting (printing stack bounds), id 0xc0000005]

Native frames: (J=compiled Java code, j=interpreted, Vv=VM code, C=native code)


Current CompileTask:
C1:  44660 1570       3       java.util.regex.Pattern$Slice::match (79 bytes)


---------------  P R O C E S S  ---------------

Java Threads: ( => current thread )
  0x000000001733f000 JavaThread "Service Thread" daemon [_thread_blocked, id=10184, stack(0x0000000017e70000,0x0000000017f70000)]
=>0x00000000172c5000 JavaThread "C1 CompilerThread3" daemon [_thread_in_vm, id=23448, stack(0x0000000017d70000,0x0000000017e70000)]
  0x00000000172a4800 JavaThread "C2 CompilerThread2" daemon [_thread_blocked, id=1996, stack(0x0000000017c70000,0x0000000017d70000)]
  0x00000000172a1800 JavaThread "C2 CompilerThread1" daemon [_thread_in_native, id=14856, stack(0x0000000017b70000,0x0000000017c70000)]
  0x000000001729f800 JavaThread "C2 CompilerThread0" daemon [_thread_blocked, id=1812, stack(0x0000000017a70000,0x0000000017b70000)]
  0x0000000017298800 JavaThread "Attach Listener" daemon [_thread_blocked, id=14528, stack(0x0000000017970000,0x0000000017a70000)]
  0x000000001539e800 JavaThread "Signal Dispatcher" daemon [_thread_blocked, id=12424, stack(0x0000000017870000,0x0000000017970000)]
  0x0000000017290800 JavaThread "Finalizer" daemon [_thread_blocked, id=16860, stack(0x0000000017670000,0x0000000017770000)]
  0x0000000002969000 JavaThread "Reference Handler" daemon [_thread_blocked, id=16060, stack(0x0000000017170000,0x0000000017270000)]
  0x000000000286e000 JavaThread "main" [_thread_in_native, id=19880, stack(0x00000000026c0000,0x00000000027c0000)]

Other Threads:
  0x000000001538a800 VMThread [stack: 0x0000000017070000,0x0000000017170000] [id=5984]
  0x0000000017309800 WatcherThread [stack: 0x0000000017f70000,0x0000000018070000] [id=1244]

VM state:not at safepoint (normal execution)

VM Mutex/Monitor currently owned by a thread: None

Heap:
 PSYoungGen      total 18944K, used 18603K [0x00000000eb400000, 0x00000000ec900000, 0x0000000100000000)
  eden space 16384K, 98% used [0x00000000eb400000,0x00000000ec3aee28,0x00000000ec400000)
  from space 2560K, 99% used [0x00000000ec680000,0x00000000ec8fc030,0x00000000ec900000)
  to   space 2560K, 0% used [0x00000000ec400000,0x00000000ec400000,0x00000000ec680000)
 ParOldGen       total 44032K, used 5344K [0x00000000c1c00000, 0x00000000c4700000, 0x00000000eb400000)
  object space 44032K, 12% used [0x00000000c1c00000,0x00000000c2138328,0x00000000c4700000)
 Metaspace       used 13437K, capacity 13630K, committed 13824K, reserved 1060864K
  class space    used 1676K, capacity 1778K, committed 1792K, reserved 1048576K

Card table byte_map: [0x0000000011d30000,0x0000000011f30000] byte_map_base: 0x0000000011722000

Marking Bits: (ParMarkBitMap*) 0x000000006a06a6c0
 Begin Bits: [0x0000000012880000, 0x0000000013810000)
 End Bits:   [0x0000000013810000, 0x00000000147a0000)

Polling page: 0x00000000026a0000

CodeCache: size=245760Kb used=5290Kb max_used=5297Kb free=240469Kb
 bounds [0x0000000002970000, 0x0000000002eb0000, 0x0000000011970000]
 total_blobs=1898 nmethods=1565 adapters=245
 compilation: enabled

Compilation events (10 events):
Event: 35.619 Thread 0x00000000172a4800 1564 %     4       sun.nio.cs.UTF_8$Decoder::decode @ 20 (779 bytes)
Event: 35.619 Thread 0x00000000172c5000 1565       3       java.util.regex.Pattern$Dot::isSatisfiedBy (34 bytes)
Event: 35.619 Thread 0x00000000172c5000 nmethod 1565 0x0000000002e9d590 code [0x0000000002e9d700, 0x0000000002e9d970]
Event: 35.621 Thread 0x000000001729f800 1566       4       java.lang.String::toCharArray (25 bytes)
Event: 35.622 Thread 0x000000001729f800 nmethod 1566 0x0000000002e9a290 code [0x0000000002e9a3e0, 0x0000000002e9a518]
Event: 35.625 Thread 0x00000000172a4800 nmethod 1564% 0x0000000002e9ea50 code [0x0000000002e9eba0, 0x0000000002e9efb8]
Event: 36.711 Thread 0x00000000172a1800 1567       4       java.net.URLClassLoader$1::run (5 bytes)
Event: 36.712 Thread 0x00000000172c5000 1568   !   3       java.util.WeakHashMap::expungeStaleEntries (139 bytes)
Event: 36.712 Thread 0x00000000172c5000 nmethod 1568 0x0000000002ea0f10 code [0x0000000002ea10e0, 0x0000000002ea1be8]
Event: 39.762 Thread 0x00000000172c5000 1570       3       java.util.regex.Pattern$Slice::match (79 bytes)

GC Heap History (8 events):
Event: 18.213 GC heap before
{Heap before GC invocations=1 (full 0):
 PSYoungGen      total 18944K, used 16384K [0x00000000eb400000, 0x00000000ec900000, 0x0000000100000000)
  eden space 16384K, 100% used [0x00000000eb400000,0x00000000ec400000,0x00000000ec400000)
  from space 2560K, 0% used [0x00000000ec680000,0x00000000ec680000,0x00000000ec900000)
  to   space 2560K, 0% used [0x00000000ec400000,0x00000000ec400000,0x00000000ec680000)
 ParOldGen       total 44032K, used 0K [0x00000000c1c00000, 0x00000000c4700000, 0x00000000eb400000)
  object space 44032K, 0% used [0x00000000c1c00000,0x00000000c1c00000,0x00000000c4700000)
 Metaspace       used 6903K, capacity 7036K, committed 7296K, reserved 1056768K
  class space    used 789K, capacity 856K, committed 896K, reserved 1048576K
Event: 18.296 GC heap after
Heap after GC invocations=1 (full 0):
 PSYoungGen      total 18944K, used 2529K [0x00000000eb400000, 0x00000000ec900000, 0x0000000100000000)
  eden space 16384K, 0% used [0x00000000eb400000,0x00000000eb400000,0x00000000ec400000)
  from space 2560K, 98% used [0x00000000ec400000,0x00000000ec678628,0x00000000ec680000)
  to   space 2560K, 0% used [0x00000000ec680000,0x00000000ec680000,0x00000000ec900000)
 ParOldGen       total 44032K, used 1014K [0x00000000c1c00000, 0x00000000c4700000, 0x00000000eb400000)
  object space 44032K, 2% used [0x00000000c1c00000,0x00000000c1cfdbe0,0x00000000c4700000)
 Metaspace       used 6903K, capacity 7036K, committed 7296K, reserved 1056768K
  class space    used 789K, capacity 856K, committed 896K, reserved 1048576K
}
Event: 20.221 GC heap before
{Heap before GC invocations=2 (full 0):
 PSYoungGen      total 18944K, used 18913K [0x00000000eb400000, 0x00000000ec900000, 0x0000000100000000)
  eden space 16384K, 100% used [0x00000000eb400000,0x00000000ec400000,0x00000000ec400000)
  from space 2560K, 98% used [0x00000000ec400000,0x00000000ec678628,0x00000000ec680000)
  to   space 2560K, 0% used [0x00000000ec680000,0x00000000ec680000,0x00000000ec900000)
 ParOldGen       total 44032K, used 1014K [0x00000000c1c00000, 0x00000000c4700000, 0x00000000eb400000)
  object space 44032K, 2% used [0x00000000c1c00000,0x00000000c1cfdbe0,0x00000000c4700000)
 Metaspace       used 8275K, capacity 8380K, committed 8576K, reserved 1056768K
  class space    used 1001K, capacity 1048K, committed 1152K, reserved 1048576K
Event: 20.232 GC heap after
Heap after GC invocations=2 (full 0):
 PSYoungGen      total 18944K, used 2542K [0x00000000eb400000, 0x00000000ec900000, 0x0000000100000000)
  eden space 16384K, 0% used [0x00000000eb400000,0x00000000eb400000,0x00000000ec400000)
  from space 2560K, 99% used [0x00000000ec680000,0x00000000ec8fb950,0x00000000ec900000)
  to   space 2560K, 0% used [0x00000000ec400000,0x00000000ec400000,0x00000000ec680000)
 ParOldGen       total 44032K, used 1446K [0x00000000c1c00000, 0x00000000c4700000, 0x00000000eb400000)
  object space 44032K, 3% used [0x00000000c1c00000,0x00000000c1d69a40,0x00000000c4700000)
 Metaspace       used 8275K, capacity 8380K, committed 8576K, reserved 1056768K
  class space    used 1001K, capacity 1048K, committed 1152K, reserved 1048576K
}
Event: 22.035 GC heap before
{Heap before GC invocations=3 (full 0):
 PSYoungGen      total 18944K, used 18926K [0x00000000eb400000, 0x00000000ec900000, 0x0000000100000000)
  eden space 16384K, 100% used [0x00000000eb400000,0x00000000ec400000,0x00000000ec400000)
  from space 2560K, 99% used [0x00000000ec680000,0x00000000ec8fb950,0x00000000ec900000)
  to   space 2560K, 0% used [0x00000000ec400000,0x00000000ec400000,0x00000000ec680000)
 ParOldGen       total 44032K, used 1446K [0x00000000c1c00000, 0x00000000c4700000, 0x00000000eb400000)
  object space 44032K, 3% used [0x00000000c1c00000,0x00000000c1d69a40,0x00000000c4700000)
 Metaspace       used 9712K, capacity 9852K, committed 9984K, reserved 1058816K
  class space    used 1174K, capacity 1216K, committed 1280K, reserved 1048576K
Event: 22.040 GC heap after
Heap after GC invocations=3 (full 0):
 PSYoungGen      total 18944K, used 2535K [0x00000000eb400000, 0x00000000ec900000, 0x0000000100000000)
  eden space 16384K, 0% used [0x00000000eb400000,0x00000000eb400000,0x00000000ec400000)
  from space 2560K, 99% used [0x00000000ec400000,0x00000000ec679ff8,0x00000000ec680000)
  to   space 2560K, 0% used [0x00000000ec680000,0x00000000ec680000,0x00000000ec900000)
 ParOldGen       total 44032K, used 3304K [0x00000000c1c00000, 0x00000000c4700000, 0x00000000eb400000)
  object space 44032K, 7% used [0x00000000c1c00000,0x00000000c1f3a1f0,0x00000000c4700000)
 Metaspace       used 9712K, capacity 9852K, committed 9984K, reserved 1058816K
  class space    used 1174K, capacity 1216K, committed 1280K, reserved 1048576K
}
Event: 25.665 GC heap before
{Heap before GC invocations=4 (full 0):
 PSYoungGen      total 18944K, used 18919K [0x00000000eb400000, 0x00000000ec900000, 0x0000000100000000)
  eden space 16384K, 100% used [0x00000000eb400000,0x00000000ec400000,0x00000000ec400000)
  from space 2560K, 99% used [0x00000000ec400000,0x00000000ec679ff8,0x00000000ec680000)
  to   space 2560K, 0% used [0x00000000ec680000,0x00000000ec680000,0x00000000ec900000)
 ParOldGen       total 44032K, used 3304K [0x00000000c1c00000, 0x00000000c4700000, 0x00000000eb400000)
  object space 44032K, 7% used [0x00000000c1c00000,0x00000000c1f3a1f0,0x00000000c4700000)
 Metaspace       used 11534K, capacity 11740K, committed 11904K, reserved 1058816K
  class space    used 1430K, capacity 1543K, committed 1664K, reserved 1048576K
Event: 25.670 GC heap after
Heap after GC invocations=4 (full 0):
 PSYoungGen      total 18944K, used 2544K [0x00000000eb400000, 0x00000000ec900000, 0x0000000100000000)
  eden space 16384K, 0% used [0x00000000eb400000,0x00000000eb400000,0x00000000ec400000)
  from space 2560K, 99% used [0x00000000ec680000,0x00000000ec8fc030,0x00000000ec900000)
  to   space 2560K, 0% used [0x00000000ec400000,0x00000000ec400000,0x00000000ec680000)
 ParOldGen       total 44032K, used 5344K [0x00000000c1c00000, 0x00000000c4700000, 0x00000000eb400000)
  object space 44032K, 12% used [0x00000000c1c00000,0x00000000c2138328,0x00000000c4700000)
 Metaspace       used 11534K, capacity 11740K, committed 11904K, reserved 1058816K
  class space    used 1430K, capacity 1543K, committed 1664K, reserved 1048576K
}

Deoptimization events (6 events):
Event: 17.745 Thread 0x000000000286e000 Uncommon trap: reason=unstable_if action=reinterpret pc=0x0000000002ae99c8 method=java.lang.String.indexOf([CII[CIII)I @ 3
Event: 19.842 Thread 0x000000000286e000 Uncommon trap: reason=unstable_if action=reinterpret pc=0x0000000002c36604 method=org.codehaus.plexus.util.xml.pull.MXParser.nextImpl()I @ 241
Event: 20.641 Thread 0x000000000286e000 Uncommon trap: reason=range_check action=make_not_entrant pc=0x0000000002c8eee0 method=sun.reflect.generics.parser.SignatureParser.current()C @ 34
Event: 30.577 Thread 0x000000000286e000 Uncommon trap: reason=unstable_if action=reinterpret pc=0x0000000002dfa79c method=java.lang.ref.ReferenceQueue.poll()Ljava/lang/ref/Reference; @ 4
Event: 34.385 Thread 0x000000000286e000 Uncommon trap: reason=unstable_if action=reinterpret pc=0x0000000002e67a10 method=org.eclipse.sisu.inject.InjectorBindings.isAssignableFrom(Lcom/google/inject/TypeLiteral;Lcom/google/inject/Binding;)Z @ 14
Event: 34.387 Thread 0x000000000286e000 Uncommon trap: reason=null_check action=make_not_entrant pc=0x0000000002b52d1c method=java.lang.String.equals(Ljava/lang/Object;)Z @ 8

Internal exceptions (10 events):
Event: 18.947 Thread 0x000000000286e000 Exception <a 'java/lang/ArrayIndexOutOfBoundsException'> (0x00000000eb77dbd8) thrown at [C:\re\workspace\8-2-build-windows-amd64-cygwin\jdk8u111\7883\hotspot\src\share\vm\runtime\sharedRuntime.cpp, line 605]
Event: 18.956 Thread 0x000000000286e000 Exception <a 'java/lang/ArrayIndexOutOfBoundsException'> (0x00000000eb79afe8) thrown at [C:\re\workspace\8-2-build-windows-amd64-cygwin\jdk8u111\7883\hotspot\src\share\vm\runtime\sharedRuntime.cpp, line 605]
Event: 18.980 Thread 0x000000000286e000 Exception <a 'java/lang/ArrayIndexOutOfBoundsException'> (0x00000000eb7df258) thrown at [C:\re\workspace\8-2-build-windows-amd64-cygwin\jdk8u111\7883\hotspot\src\share\vm\runtime\sharedRuntime.cpp, line 605]
Event: 19.848 Thread 0x000000000286e000 Exception <a 'java/lang/ArrayIndexOutOfBoundsException'> (0x00000000ec20d920) thrown at [C:\re\workspace\8-2-build-windows-amd64-cygwin\jdk8u111\7883\hotspot\src\share\vm\runtime\sharedRuntime.cpp, line 605]
Event: 20.101 Thread 0x000000000286e000 Exception <a 'java/lang/ArrayIndexOutOfBoundsException'> (0x00000000ec20f4b0) thrown at [C:\re\workspace\8-2-build-windows-amd64-cygwin\jdk8u111\7883\hotspot\src\share\vm\runtime\sharedRuntime.cpp, line 605]
Event: 20.641 Thread 0x000000000286e000 Exception <a 'java/lang/ArrayIndexOutOfBoundsException': 66> (0x00000000eb5216c8) thrown at [C:\re\workspace\8-2-build-windows-amd64-cygwin\jdk8u111\7883\hotspot\src\share\vm\interpreter\interpreterRuntime.cpp, line 366]
Event: 30.548 Thread 0x000000000286e000 Exception <a 'java/lang/NoClassDefFoundError': com/google/inject/servlet/ServletModuleTargetVisitor> (0x00000000ebe07d30) thrown at [C:\re\workspace\8-2-build-windows-amd64-cygwin\jdk8u111\7883\hotspot\src\share\vm\classfile\systemDictionary.cpp, line 199
Event: 30.548 Thread 0x000000000286e000 Exception <a 'java/lang/NoClassDefFoundError'> (0x00000000ebe07d30) thrown at [C:\re\workspace\8-2-build-windows-amd64-cygwin\jdk8u111\7883\hotspot\src\share\vm\prims\jvm.cpp, line 1390]
Event: 30.549 Thread 0x000000000286e000 Exception <a 'java/lang/NoClassDefFoundError': javax/annotation/Priority> (0x00000000ebe0cda0) thrown at [C:\re\workspace\8-2-build-windows-amd64-cygwin\jdk8u111\7883\hotspot\src\share\vm\classfile\systemDictionary.cpp, line 199]
Event: 34.387 Thread 0x000000000286e000 Implicit null exception at 0x0000000002b52b5b to 0x0000000002b52d0d

Events (10 events):
Event: 36.712 loading class org/codehaus/plexus/interpolation/os/OperatingSystemUtils$DefaultEnvVarSource
Event: 36.712 loading class org/codehaus/plexus/interpolation/os/OperatingSystemUtils$DefaultEnvVarSource done
Event: 36.713 loading class java/lang/ProcessEnvironment$CheckedKeySet
Event: 38.091 loading class java/lang/ProcessEnvironment$CheckedKeySet done
Event: 38.092 loading class org/apache/maven/settings/building/DefaultSettingsBuilder$1
Event: 38.092 loading class org/apache/maven/settings/building/DefaultSettingsBuilder$1 done
Event: 38.752 loading class org/codehaus/plexus/interpolation/SimpleRecursionInterceptor
Event: 38.752 loading class org/codehaus/plexus/interpolation/SimpleRecursionInterceptor done
Event: 39.762 loading class org/apache/maven/settings/building/DefaultSettingsBuildingResult
Event: 39.762 loading class org/apache/maven/settings/building/DefaultSettingsBuildingResult done


Dynamic libraries:
0x00007ff730ab0000 - 0x00007ff730ae7000 	C:\Program Files\Java\jdk1.8.0_111\bin\java.exe
0x00007ffe13990000 - 0x00007ffe13b85000 	C:\WINDOWS\SYSTEM32\ntdll.dll
0x00007ffe134b0000 - 0x00007ffe1356d000 	C:\WINDOWS\System32\KERNEL32.DLL
0x00007ffe11680000 - 0x00007ffe11947000 	C:\WINDOWS\System32\KERNELBASE.dll
0x00007ffe13570000 - 0x00007ffe1361a000 	C:\WINDOWS\System32\ADVAPI32.dll
0x00007ffe12040000 - 0x00007ffe120de000 	C:\WINDOWS\System32\msvcrt.dll
0x00007ffe12770000 - 0x00007ffe1280b000 	C:\WINDOWS\System32\sechost.dll
0x00007ffe119f0000 - 0x00007ffe11b14000 	C:\WINDOWS\System32\RPCRT4.dll
0x00007ffe11b20000 - 0x00007ffe11cc0000 	C:\WINDOWS\System32\USER32.dll
0x00007ffe11550000 - 0x00007ffe11572000 	C:\WINDOWS\System32\win32u.dll
0x00007ffe11d20000 - 0x00007ffe11d4a000 	C:\WINDOWS\System32\GDI32.dll
0x00007ffe11310000 - 0x00007ffe11419000 	C:\WINDOWS\System32\gdi32full.dll
0x00007ffe11950000 - 0x00007ffe119ed000 	C:\WINDOWS\System32\msvcp_win.dll
0x00007ffe11580000 - 0x00007ffe11680000 	C:\WINDOWS\System32\ucrtbase.dll
0x00007ffdfd660000 - 0x00007ffdfd8fb000 	C:\WINDOWS\WinSxS\amd64_microsoft.windows.common-controls_6595b64144ccf1df_6.0.19041.488_none_ca04af081b815d21\COMCTL32.dll
0x00007ffe11d60000 - 0x00007ffe11d90000 	C:\WINDOWS\System32\IMM32.DLL
0x000000006a870000 - 0x000000006a942000 	C:\Program Files\Java\jdk1.8.0_111\jre\bin\msvcr100.dll
0x0000000069850000 - 0x000000006a0ea000 	C:\Program Files\Java\jdk1.8.0_111\jre\bin\server\jvm.dll
0x00007ffe11d50000 - 0x00007ffe11d58000 	C:\WINDOWS\System32\PSAPI.DLL
0x00007ffdfc120000 - 0x00007ffdfc129000 	C:\WINDOWS\SYSTEM32\WSOCK32.dll
0x00007ffe12580000 - 0x00007ffe125eb000 	C:\WINDOWS\System32\WS2_32.dll
0x00007ffdff730000 - 0x00007ffdff757000 	C:\WINDOWS\SYSTEM32\WINMM.dll
0x00007ffe0a320000 - 0x00007ffe0a32a000 	C:\WINDOWS\SYSTEM32\VERSION.dll
0x000000006bcf0000 - 0x000000006bcff000 	C:\Program Files\Java\jdk1.8.0_111\jre\bin\verify.dll
0x000000006a800000 - 0x000000006a829000 	C:\Program Files\Java\jdk1.8.0_111\jre\bin\java.dll
0x000000006a7e0000 - 0x000000006a7f6000 	C:\Program Files\Java\jdk1.8.0_111\jre\bin\zip.dll
0x00007ffe12d60000 - 0x00007ffe134a1000 	C:\WINDOWS\System32\SHELL32.dll
0x00007ffe0ee60000 - 0x00007ffe0f5f3000 	C:\WINDOWS\SYSTEM32\windows.storage.dll
0x00007ffe12220000 - 0x00007ffe12575000 	C:\WINDOWS\System32\combase.dll
0x00007ffe10b40000 - 0x00007ffe10b6c000 	C:\WINDOWS\SYSTEM32\Wldp.dll
0x00007ffe12170000 - 0x00007ffe1221e000 	C:\WINDOWS\System32\SHCORE.dll
0x00007ffe11cc0000 - 0x00007ffe11d15000 	C:\WINDOWS\System32\shlwapi.dll
0x00007ffe11000000 - 0x00007ffe11026000 	C:\WINDOWS\SYSTEM32\profapi.dll
0x00007ffe016e0000 - 0x00007ffe016ea000 	C:\Program Files\NetBeans-12.0\netbeans\java\maven\lib\jansi-native\windows64\jansi.dll

VM Arguments:
jvm_args: -Dclassworlds.conf=C:\Program Files\NetBeans-12.0\netbeans\java\maven\bin\..\bin\m2.conf -Dmaven.home=C:\Program Files\NetBeans-12.0\netbeans\java\maven\bin\.. -Dlibrary.jansi.path=C:\Program Files\NetBeans-12.0\netbeans\java\maven\bin\..\lib\jansi-native -Dmaven.multiModuleProjectDirectory=C:\Dev\tutorial08 
java_command: org.codehaus.plexus.classworlds.launcher.Launcher -Dmaven.ext.class.path=C:\Users\Feri Winarta\AppData\Roaming\NetBeans\12.0\maven-nblib\netbeans-eventspy.jar -Dfile.encoding=UTF-8 install
java_class_path (initial): C:\Program Files\NetBeans-12.0\netbeans\java\maven\bin\..\boot\plexus-classworlds-2.6.0.jar
Launcher Type: SUN_STANDARD

Environment Variables:
JAVA_HOME=C:\Program Files\Java\jdk1.8.0_111
PATH=C:\Program Files (x86)\Common Files\Oracle\Java\javapath;C:\ProgramData\Oracle\Java\javapath;C:\Program Files (x86)\Common Files\Intel\Shared Files\cpp\bin\Intel64;C:\Program Files (x86)\Intel\iCLS Client\;C:\Program Files\Intel\iCLS Client\;C:\Windows\system32;C:\Windows;C:\Windows\System32\Wbem;C:\Windows\System32\WindowsPowerShell\v1.0\;C:\Program Files (x86)\Intel\Intel(R) Management Engine Components\DAL;C:\Program Files\Intel\Intel(R) Management Engine Components\DAL;C:\Program Files (x86)\Intel\Intel(R) Management Engine Components\IPT;C:\Program Files\Intel\Intel(R) Management Engine Components\IPT;C:\Program Files (x86)\NVIDIA Corporation\PhysX\Common;C:\WINDOWS\system32;C:\WINDOWS;C:\WINDOWS\System32\Wbem;C:\WINDOWS\System32\WindowsPowerShell\v1.0\;C:\WINDOWS\System32\OpenSSH\;C:\Program Files\NVIDIA Corporation\NVIDIA NvDLISR;C:\Program Files\Microsoft VS Code\bin;C:\Program Files\Java\jdk1.8.0_111\bin;C:\Users\Feri Winarta\AppData\Local\Microsoft\WindowsApps;
USERNAME=Feri Winarta
OS=Windows_NT
PROCESSOR_IDENTIFIER=Intel64 Family 6 Model 142 Stepping 10, GenuineIntel



---------------  S Y S T E M  ---------------

OS: Windows 10.0 , 64 bit Build 19041 (10.0.19041.292)

CPU:total 8 (4 cores per cpu, 2 threads per core) family 6 model 142 stepping 10, cmov, cx8, fxsr, mmx, sse, sse2, sse3, ssse3, sse4.1, sse4.2, popcnt, avx, avx2, aes, clmul, erms, 3dnowpref, lzcnt, ht, tsc, tscinvbit, bmi1, bmi2, adx

Memory: 4k page, physical 4078220k(190580k free), swap 12366140k(25200k free)

vm_info: Java HotSpot(TM) 64-Bit Server VM (25.111-b14) for windows-amd64 JRE (1.8.0_111-b14), built on Sep 22 2016 19:24:05 by "java_re" with MS VC++ 10.0 (VS2010)

time: Fri Sep 25 19:18:22 2020
elapsed time: 46 seconds (0d 0h 0m 46s)

